<html>
<head>
<title>TestNG:  Default test</title>
<link href="../testng.css" rel="stylesheet" type="text/css" />
<link href="../my-testng.css" rel="stylesheet" type="text/css" />

<style type="text/css">
.log { display: none;} 
.stack-trace { display: none;} 
</style>
<script type="text/javascript">
<!--
function flip(e) {
  current = e.style.display;
  if (current == 'block') {
    e.style.display = 'none';
    return 0;
  }
  else {
    e.style.display = 'block';
    return 1;
  }
}

function toggleBox(szDivId, elem, msg1, msg2)
{
  var res = -1;  if (document.getElementById) {
    res = flip(document.getElementById(szDivId));
  }
  else if (document.all) {
    // this is the way old msie versions work
    res = flip(document.all[szDivId]);
  }
  if(elem) {
    if(res == 0) elem.innerHTML = msg1; else elem.innerHTML = msg2;
  }

}

function toggleAllBoxes() {
  if (document.getElementsByTagName) {
    d = document.getElementsByTagName('div');
    for (i = 0; i < d.length; i++) {
      if (d[i].className == 'log') {
        flip(d[i]);
      }
    }
  }
}

// -->
</script>

</head>
<body>
<h2 align='center'>Default test</h2><table border='1' align="center">
<tr>
<td>Tests passed/Failed/Skipped:</td><td>66/8/0</td>
</tr><tr>
<td>Started on:</td><td>Wed Mar 29 15:51:35 EDT 2023</td>
</tr>
<tr><td>Total time:</td><td>277 seconds (277590 ms)</td>
</tr><tr>
<td>Included groups:</td><td></td>
</tr><tr>
<td>Excluded groups:</td><td></td>
</tr>
</table><p/>
<small><i>(Hover the method name to see the test class name)</i></small><p/>
<table width='100%' border='1' class='invocation-failed'>
<tr><td colspan='4' align='center'><b>FAILED TESTS</b></td></tr>
<tr><td><b>Test method</b></td>
<td width="30%"><b>Exception</b></td>
<td width="10%"><b>Time (seconds)</b></td>
<td><b>Instance</b></td>
</tr>
<tr>
<td title='com.Runner.Testrunnertestng.runScenario()'><b>runScenario</b><br>Test class: com.Runner.Testrunnertestng<br>Test method: Runs Cucumber Scenarios<br>Parameters: "Register validation with invalid inputs/ similar fields", "Optional[Register]"</td>
<td><div><pre>java.lang.AssertionError: expected [password can not be similar as username] but found [password_mismatch:The two password fields didn’t match.]
	at org.testng.Assert.fail(Assert.java:99)
	at org.testng.Assert.failNotEquals(Assert.java:1037)
	at org.testng.Assert.assertEqualsImpl(Assert.java:140)
	at org.testng.Assert.assertEquals(Assert.java:122)
	at org.testng.Assert.assertEquals(Assert.java:629)
	at org.testng.Assert.assertEquals(Assert.java:639)
	at com.Stepdefinitions.RegisterStepDef.user_should_get_password_not_similar_to_username_error_message(RegisterStepDef.java:171)
	at ✽.user should get password not similar to username error message &quot;password can not be similar as username&quot;(file:///C:/Users/janga/eclipse-workspace/DSAlgosample/src/test/resources/Features/UC02_register.feature:102)
</pre></div><a href='#' onClick='toggleBox("stack-trace1810172725", this, "Click to show all stack frames", "Click to hide stack frames")'>Click to show all stack frames</a>
<div class='stack-trace' id='stack-trace1810172725'><pre>java.lang.AssertionError: expected [password can not be similar as username] but found [password_mismatch:The two password fields didn’t match.]
	at org.testng.Assert.fail(Assert.java:99)
	at org.testng.Assert.failNotEquals(Assert.java:1037)
	at org.testng.Assert.assertEqualsImpl(Assert.java:140)
	at org.testng.Assert.assertEquals(Assert.java:122)
	at org.testng.Assert.assertEquals(Assert.java:629)
	at org.testng.Assert.assertEquals(Assert.java:639)
	at com.Stepdefinitions.RegisterStepDef.user_should_get_password_not_similar_to_username_error_message(RegisterStepDef.java:171)
	at ✽.user should get password not similar to username error message &quot;password can not be similar as username&quot;(file:///C:/Users/janga/eclipse-workspace/DSAlgosample/src/test/resources/Features/UC02_register.feature:102)
</pre></div></td>
<td>5</td>
<td>com.Runner.Testrunnertestng@6b2ea799</td></tr>
<tr>
<td title='com.Runner.Testrunnertestng.runScenario()'><b>runScenario</b><br>Test class: com.Runner.Testrunnertestng<br>Test method: Runs Cucumber Scenarios<br>Parameters: "The user is able to submit code in tryEditor for Max Consecutive Ones", "Optional[Array]"</td>
<td><div><pre>java.lang.AssertionError: Result do not match expected [submission success] but found [ Some Tests failed. Please review code]
	at org.testng.Assert.fail(Assert.java:99)
	at org.testng.Assert.failNotEquals(Assert.java:1037)
	at org.testng.Assert.assertEqualsImpl(Assert.java:140)
	at org.testng.Assert.assertEquals(Assert.java:122)
	at org.testng.Assert.assertEquals(Assert.java:629)
	at com.Stepdefinitions.ArraysStepDef.the_user_should_be_presented_with_successful_submission_message(ArraysStepDef.java:139)
	at ✽.The user should be presented with successful submission message(file:///C:/Users/janga/eclipse-workspace/DSAlgosample/src/test/resources/Features/UC05_Arrays.feature:138)
</pre></div><a href='#' onClick='toggleBox("stack-trace2074465031", this, "Click to show all stack frames", "Click to hide stack frames")'>Click to show all stack frames</a>
<div class='stack-trace' id='stack-trace2074465031'><pre>java.lang.AssertionError: Result do not match expected [submission success] but found [ Some Tests failed. Please review code]
	at org.testng.Assert.fail(Assert.java:99)
	at org.testng.Assert.failNotEquals(Assert.java:1037)
	at org.testng.Assert.assertEqualsImpl(Assert.java:140)
	at org.testng.Assert.assertEquals(Assert.java:122)
	at org.testng.Assert.assertEquals(Assert.java:629)
	at com.Stepdefinitions.ArraysStepDef.the_user_should_be_presented_with_successful_submission_message(ArraysStepDef.java:139)
	at ✽.The user should be presented with successful submission message(file:///C:/Users/janga/eclipse-workspace/DSAlgosample/src/test/resources/Features/UC05_Arrays.feature:138)
</pre></div></td>
<td>3</td>
<td>com.Runner.Testrunnertestng@6b2ea799</td></tr>
<tr>
<td title='com.Runner.Testrunnertestng.runScenario()'><b>runScenario</b><br>Test class: com.Runner.Testrunnertestng<br>Test method: Runs Cucumber Scenarios<br>Parameters: "The user is able to submit code in tryEditor for Squares of a Sorted Array", "Optional[Array]"</td>
<td><div><pre>java.lang.AssertionError: Result do not match expected [submission success] but found [ No tests were collected]
	at org.testng.Assert.fail(Assert.java:99)
	at org.testng.Assert.failNotEquals(Assert.java:1037)
	at org.testng.Assert.assertEqualsImpl(Assert.java:140)
	at org.testng.Assert.assertEquals(Assert.java:122)
	at org.testng.Assert.assertEquals(Assert.java:629)
	at com.Stepdefinitions.ArraysStepDef.the_user_should_be_presented_with_successful_submission_message(ArraysStepDef.java:139)
	at ✽.The user should be presented with successful submission message(file:///C:/Users/janga/eclipse-workspace/DSAlgosample/src/test/resources/Features/UC05_Arrays.feature:182)
</pre></div><a href='#' onClick='toggleBox("stack-trace1934837365", this, "Click to show all stack frames", "Click to hide stack frames")'>Click to show all stack frames</a>
<div class='stack-trace' id='stack-trace1934837365'><pre>java.lang.AssertionError: Result do not match expected [submission success] but found [ No tests were collected]
	at org.testng.Assert.fail(Assert.java:99)
	at org.testng.Assert.failNotEquals(Assert.java:1037)
	at org.testng.Assert.assertEqualsImpl(Assert.java:140)
	at org.testng.Assert.assertEquals(Assert.java:122)
	at org.testng.Assert.assertEquals(Assert.java:629)
	at com.Stepdefinitions.ArraysStepDef.the_user_should_be_presented_with_successful_submission_message(ArraysStepDef.java:139)
	at ✽.The user should be presented with successful submission message(file:///C:/Users/janga/eclipse-workspace/DSAlgosample/src/test/resources/Features/UC05_Arrays.feature:182)
</pre></div></td>
<td>3</td>
<td>com.Runner.Testrunnertestng@6b2ea799</td></tr>
<tr>
<td title='com.Runner.Testrunnertestng.runScenario()'><b>runScenario</b><br>Test class: com.Runner.Testrunnertestng<br>Test method: Runs Cucumber Scenarios<br>Parameters: "The user is able to submit code in tryEditor for Find Numbers with Even Number of Digits", "Optional[Array]"</td>
<td><div><pre>java.lang.AssertionError: Result do not match expected [submission success] but found [Error occurred during submission]
	at org.testng.Assert.fail(Assert.java:99)
	at org.testng.Assert.failNotEquals(Assert.java:1037)
	at org.testng.Assert.assertEqualsImpl(Assert.java:140)
	at org.testng.Assert.assertEquals(Assert.java:122)
	at org.testng.Assert.assertEquals(Assert.java:629)
	at com.Stepdefinitions.ArraysStepDef.the_user_should_be_presented_with_successful_submission_message(ArraysStepDef.java:139)
	at ✽.The user should be presented with successful submission message(file:///C:/Users/janga/eclipse-workspace/DSAlgosample/src/test/resources/Features/UC05_Arrays.feature:160)
</pre></div><a href='#' onClick='toggleBox("stack-trace727876283", this, "Click to show all stack frames", "Click to hide stack frames")'>Click to show all stack frames</a>
<div class='stack-trace' id='stack-trace727876283'><pre>java.lang.AssertionError: Result do not match expected [submission success] but found [Error occurred during submission]
	at org.testng.Assert.fail(Assert.java:99)
	at org.testng.Assert.failNotEquals(Assert.java:1037)
	at org.testng.Assert.assertEqualsImpl(Assert.java:140)
	at org.testng.Assert.assertEquals(Assert.java:122)
	at org.testng.Assert.assertEquals(Assert.java:629)
	at com.Stepdefinitions.ArraysStepDef.the_user_should_be_presented_with_successful_submission_message(ArraysStepDef.java:139)
	at ✽.The user should be presented with successful submission message(file:///C:/Users/janga/eclipse-workspace/DSAlgosample/src/test/resources/Features/UC05_Arrays.feature:160)
</pre></div></td>
<td>2</td>
<td>com.Runner.Testrunnertestng@6b2ea799</td></tr>
<tr>
<td title='com.Runner.Testrunnertestng.runScenario()'><b>runScenario</b><br>Test class: com.Runner.Testrunnertestng<br>Test method: Runs Cucumber Scenarios<br>Parameters: "Register validation with valid inputs", "Optional[Register]"</td>
<td><div><pre>java.lang.AssertionError: expected [true] but found [false]
	at org.testng.Assert.fail(Assert.java:99)
	at org.testng.Assert.failNotEquals(Assert.java:1037)
	at org.testng.Assert.assertEqualsImpl(Assert.java:140)
	at org.testng.Assert.assertEquals(Assert.java:122)
	at org.testng.Assert.assertEquals(Assert.java:819)
	at org.testng.Assert.assertEquals(Assert.java:829)
	at com.Stepdefinitions.RegisterStepDef.user_should_be_successfully_able_to_see_the_label_as(RegisterStepDef.java:48)
	at ✽.user should be successfully able to see the label as &quot;New Account Created.&quot;(file:///C:/Users/janga/eclipse-workspace/DSAlgosample/src/test/resources/Features/UC02_register.feature:14)
</pre></div><a href='#' onClick='toggleBox("stack-trace456653804", this, "Click to show all stack frames", "Click to hide stack frames")'>Click to show all stack frames</a>
<div class='stack-trace' id='stack-trace456653804'><pre>java.lang.AssertionError: expected [true] but found [false]
	at org.testng.Assert.fail(Assert.java:99)
	at org.testng.Assert.failNotEquals(Assert.java:1037)
	at org.testng.Assert.assertEqualsImpl(Assert.java:140)
	at org.testng.Assert.assertEquals(Assert.java:122)
	at org.testng.Assert.assertEquals(Assert.java:819)
	at org.testng.Assert.assertEquals(Assert.java:829)
	at com.Stepdefinitions.RegisterStepDef.user_should_be_successfully_able_to_see_the_label_as(RegisterStepDef.java:48)
	at ✽.user should be successfully able to see the label as &quot;New Account Created.&quot;(file:///C:/Users/janga/eclipse-workspace/DSAlgosample/src/test/resources/Features/UC02_register.feature:14)
</pre></div></td>
<td>5</td>
<td>com.Runner.Testrunnertestng@6b2ea799</td></tr>
<tr>
<td title='com.Runner.Testrunnertestng.runScenario()'><b>runScenario</b><br>Test class: com.Runner.Testrunnertestng<br>Test method: Runs Cucumber Scenarios<br>Parameters: "Register validation with invalid inputs/ password format less than eight characters", "Optional[Register]"</td>
<td><div><pre>java.lang.AssertionError: expected [password should contain atleast eight characters.] but found [password_mismatch:The two password fields didn’t match.]
	at org.testng.Assert.fail(Assert.java:99)
	at org.testng.Assert.failNotEquals(Assert.java:1037)
	at org.testng.Assert.assertEqualsImpl(Assert.java:140)
	at org.testng.Assert.assertEquals(Assert.java:122)
	at org.testng.Assert.assertEquals(Assert.java:629)
	at org.testng.Assert.assertEquals(Assert.java:639)
	at com.Stepdefinitions.RegisterStepDef.user_should_get_password_atleast_eight_char_error_message(RegisterStepDef.java:145)
	at ✽.user should get password atleast eight char error message &quot;password should contain atleast eight characters.&quot;(file:///C:/Users/janga/eclipse-workspace/DSAlgosample/src/test/resources/Features/UC02_register.feature:85)
</pre></div><a href='#' onClick='toggleBox("stack-trace1050196275", this, "Click to show all stack frames", "Click to hide stack frames")'>Click to show all stack frames</a>
<div class='stack-trace' id='stack-trace1050196275'><pre>java.lang.AssertionError: expected [password should contain atleast eight characters.] but found [password_mismatch:The two password fields didn’t match.]
	at org.testng.Assert.fail(Assert.java:99)
	at org.testng.Assert.failNotEquals(Assert.java:1037)
	at org.testng.Assert.assertEqualsImpl(Assert.java:140)
	at org.testng.Assert.assertEquals(Assert.java:122)
	at org.testng.Assert.assertEquals(Assert.java:629)
	at org.testng.Assert.assertEquals(Assert.java:639)
	at com.Stepdefinitions.RegisterStepDef.user_should_get_password_atleast_eight_char_error_message(RegisterStepDef.java:145)
	at ✽.user should get password atleast eight char error message &quot;password should contain atleast eight characters.&quot;(file:///C:/Users/janga/eclipse-workspace/DSAlgosample/src/test/resources/Features/UC02_register.feature:85)
</pre></div></td>
<td>4</td>
<td>com.Runner.Testrunnertestng@6b2ea799</td></tr>
<tr>
<td title='com.Runner.Testrunnertestng.runScenario()'><b>runScenario</b><br>Test class: com.Runner.Testrunnertestng<br>Test method: Runs Cucumber Scenarios<br>Parameters: "Register validation with invalid inputs/  password format all numeric", "Optional[Register]"</td>
<td><div><pre>java.lang.AssertionError: expected [please enter valid password format] but found [password_mismatch:The two password fields didn’t match.]
	at org.testng.Assert.fail(Assert.java:99)
	at org.testng.Assert.failNotEquals(Assert.java:1037)
	at org.testng.Assert.assertEqualsImpl(Assert.java:140)
	at org.testng.Assert.assertEquals(Assert.java:122)
	at org.testng.Assert.assertEquals(Assert.java:629)
	at org.testng.Assert.assertEquals(Assert.java:639)
	at com.Stepdefinitions.RegisterStepDef.user_should_get_enter_valid_input_error_message(RegisterStepDef.java:159)
	at ✽.user should get enter valid input error message &quot;please enter valid password format&quot;(file:///C:/Users/janga/eclipse-workspace/DSAlgosample/src/test/resources/Features/UC02_register.feature:93)
</pre></div><a href='#' onClick='toggleBox("stack-trace482950564", this, "Click to show all stack frames", "Click to hide stack frames")'>Click to show all stack frames</a>
<div class='stack-trace' id='stack-trace482950564'><pre>java.lang.AssertionError: expected [please enter valid password format] but found [password_mismatch:The two password fields didn’t match.]
	at org.testng.Assert.fail(Assert.java:99)
	at org.testng.Assert.failNotEquals(Assert.java:1037)
	at org.testng.Assert.assertEqualsImpl(Assert.java:140)
	at org.testng.Assert.assertEquals(Assert.java:122)
	at org.testng.Assert.assertEquals(Assert.java:629)
	at org.testng.Assert.assertEquals(Assert.java:639)
	at com.Stepdefinitions.RegisterStepDef.user_should_get_enter_valid_input_error_message(RegisterStepDef.java:159)
	at ✽.user should get enter valid input error message &quot;please enter valid password format&quot;(file:///C:/Users/janga/eclipse-workspace/DSAlgosample/src/test/resources/Features/UC02_register.feature:93)
</pre></div></td>
<td>5</td>
<td>com.Runner.Testrunnertestng@6b2ea799</td></tr>
<tr>
<td title='com.Runner.Testrunnertestng.runScenario()'><b>runScenario</b><br>Test class: com.Runner.Testrunnertestng<br>Test method: Runs Cucumber Scenarios<br>Parameters: "The user is able to submit code in tryEditor for Search the array link", "Optional[Array]"</td>
<td><div><pre>java.lang.AssertionError: Result do not match expected [submission success] but found [ Some Tests failed. Please review code]
	at org.testng.Assert.fail(Assert.java:99)
	at org.testng.Assert.failNotEquals(Assert.java:1037)
	at org.testng.Assert.assertEqualsImpl(Assert.java:140)
	at org.testng.Assert.assertEquals(Assert.java:122)
	at org.testng.Assert.assertEquals(Assert.java:629)
	at com.Stepdefinitions.ArraysStepDef.the_user_should_be_presented_with_successful_submission_message(ArraysStepDef.java:139)
	at ✽.The user should be presented with successful submission message(file:///C:/Users/janga/eclipse-workspace/DSAlgosample/src/test/resources/Features/UC05_Arrays.feature:115)
</pre></div><a href='#' onClick='toggleBox("stack-trace1279509373", this, "Click to show all stack frames", "Click to hide stack frames")'>Click to show all stack frames</a>
<div class='stack-trace' id='stack-trace1279509373'><pre>java.lang.AssertionError: Result do not match expected [submission success] but found [ Some Tests failed. Please review code]
	at org.testng.Assert.fail(Assert.java:99)
	at org.testng.Assert.failNotEquals(Assert.java:1037)
	at org.testng.Assert.assertEqualsImpl(Assert.java:140)
	at org.testng.Assert.assertEquals(Assert.java:122)
	at org.testng.Assert.assertEquals(Assert.java:629)
	at com.Stepdefinitions.ArraysStepDef.the_user_should_be_presented_with_successful_submission_message(ArraysStepDef.java:139)
	at ✽.The user should be presented with successful submission message(file:///C:/Users/janga/eclipse-workspace/DSAlgosample/src/test/resources/Features/UC05_Arrays.feature:115)
</pre></div></td>
<td>2</td>
<td>com.Runner.Testrunnertestng@6b2ea799</td></tr>
</table><p>
<table width='100%' border='1' class='invocation-passed'>
<tr><td colspan='4' align='center'><b>PASSED TESTS</b></td></tr>
<tr><td><b>Test method</b></td>
<td width="30%"><b>Exception</b></td>
<td width="10%"><b>Time (seconds)</b></td>
<td><b>Instance</b></td>
</tr>
<tr>
<td title='com.Runner.Testrunnertestng.runScenario()'><b>runScenario</b><br>Test class: com.Runner.Testrunnertestng<br>Test method: Runs Cucumber Scenarios<br>Parameters: "User validate Applications of Array page", "Optional[Array]"</td>
<td></td>
<td>4</td>
<td>com.Runner.Testrunnertestng@6b2ea799</td></tr>
<tr>
<td title='com.Runner.Testrunnertestng.runScenario()'><b>runScenario</b><br>Test class: com.Runner.Testrunnertestng<br>Test method: Runs Cucumber Scenarios<br>Parameters: "The user is presented with error message for invalid code in Editor for Implementation of queue page", "Optional[Queue]"</td>
<td></td>
<td>1</td>
<td>com.Runner.Testrunnertestng@6b2ea799</td></tr>
<tr>
<td title='com.Runner.Testrunnertestng.runScenario()'><b>runScenario</b><br>Test class: com.Runner.Testrunnertestng<br>Test method: Runs Cucumber Scenarios<br>Parameters: "User validate Implementation using array page", "Optional[Queue]"</td>
<td></td>
<td>6</td>
<td>com.Runner.Testrunnertestng@6b2ea799</td></tr>
<tr>
<td title='com.Runner.Testrunnertestng.runScenario()'><b>runScenario</b><br>Test class: com.Runner.Testrunnertestng<br>Test method: Runs Cucumber Scenarios<br>Parameters: "signIn validation with inValid inputs", "Optional[Login]"</td>
<td></td>
<td>3</td>
<td>com.Runner.Testrunnertestng@6b2ea799</td></tr>
<tr>
<td title='com.Runner.Testrunnertestng.runScenario()'><b>runScenario</b><br>Test class: com.Runner.Testrunnertestng<br>Test method: Runs Cucumber Scenarios<br>Parameters: "The user is able to navigate to graph representations page and click on Practice Questions", "Optional[Graph]"</td>
<td></td>
<td>0</td>
<td>com.Runner.Testrunnertestng@6b2ea799</td></tr>
<tr>
<td title='com.Runner.Testrunnertestng.runScenario()'><b>runScenario</b><br>Test class: com.Runner.Testrunnertestng<br>Test method: Runs Cucumber Scenarios<br>Parameters: "User validate Sorted Array page", "Optional[Array]"</td>
<td></td>
<td>3</td>
<td>com.Runner.Testrunnertestng@6b2ea799</td></tr>
<tr>
<td title='com.Runner.Testrunnertestng.runScenario()'><b>runScenario</b><br>Test class: com.Runner.Testrunnertestng<br>Test method: Runs Cucumber Scenarios<br>Parameters: "Register validation with invalid inputs/blank fields", "Optional[Register]"</td>
<td></td>
<td>4</td>
<td>com.Runner.Testrunnertestng@6b2ea799</td></tr>
<tr>
<td title='com.Runner.Testrunnertestng.runScenario()'><b>runScenario</b><br>Test class: com.Runner.Testrunnertestng<br>Test method: Runs Cucumber Scenarios<br>Parameters: "The user is presented with error message for code with invalid syntax in tryEditor for Find Numbers with Even Number of Digits", "Optional[Array]"</td>
<td></td>
<td>1</td>
<td>com.Runner.Testrunnertestng@6b2ea799</td></tr>
<tr>
<td title='com.Runner.Testrunnertestng.runScenario()'><b>runScenario</b><br>Test class: com.Runner.Testrunnertestng<br>Test method: Runs Cucumber Scenarios<br>Parameters: "User validate Arrays using list page", "Optional[Array]"</td>
<td></td>
<td>3</td>
<td>com.Runner.Testrunnertestng@6b2ea799</td></tr>
<tr>
<td title='com.Runner.Testrunnertestng.runScenario()'><b>runScenario</b><br>Test class: com.Runner.Testrunnertestng<br>Test method: Runs Cucumber Scenarios<br>Parameters: "signIn validation with valid inputs", "Optional[Login]"</td>
<td></td>
<td>4</td>
<td>com.Runner.Testrunnertestng@6b2ea799</td></tr>
<tr>
<td title='com.Runner.Testrunnertestng.runScenario()'><b>runScenario</b><br>Test class: com.Runner.Testrunnertestng<br>Test method: Runs Cucumber Scenarios<br>Parameters: "User validate Implementation using collections.deque page", "Optional[Queue]"</td>
<td></td>
<td>3</td>
<td>com.Runner.Testrunnertestng@6b2ea799</td></tr>
<tr>
<td title='com.Runner.Testrunnertestng.runScenario()'><b>runScenario</b><br>Test class: com.Runner.Testrunnertestng<br>Test method: Runs Cucumber Scenarios<br>Parameters: "User validate Graph Representations page", "Optional[Graph]"</td>
<td></td>
<td>3</td>
<td>com.Runner.Testrunnertestng@6b2ea799</td></tr>
<tr>
<td title='com.Runner.Testrunnertestng.runScenario()'><b>runScenario</b><br>Test class: com.Runner.Testrunnertestng<br>Test method: Runs Cucumber Scenarios<br>Parameters: "Register validation with invalid inputs/blank fields", "Optional[Register]"</td>
<td></td>
<td>4</td>
<td>com.Runner.Testrunnertestng@6b2ea799</td></tr>
<tr>
<td title='com.Runner.Testrunnertestng.runScenario()'><b>runScenario</b><br>Test class: com.Runner.Testrunnertestng<br>Test method: Runs Cucumber Scenarios<br>Parameters: "Validate Terminologies link", "Optional[Tree]"</td>
<td></td>
<td>4</td>
<td>com.Runner.Testrunnertestng@6b2ea799</td></tr>
<tr>
<td title='com.Runner.Testrunnertestng.runScenario()'><b>runScenario</b><br>Test class: com.Runner.Testrunnertestng<br>Test method: Runs Cucumber Scenarios<br>Parameters: "User validate Implement Linked List in Python page", "Optional[LinkedList]"</td>
<td></td>
<td>3</td>
<td>com.Runner.Testrunnertestng@6b2ea799</td></tr>
<tr>
<td title='com.Runner.Testrunnertestng.runScenario()'><b>runScenario</b><br>Test class: com.Runner.Testrunnertestng<br>Test method: Runs Cucumber Scenarios<br>Parameters: "User validate Max Consecutive Ones page", "Optional[Array]"</td>
<td></td>
<td>6</td>
<td>com.Runner.Testrunnertestng@6b2ea799</td></tr>
<tr>
<td title='com.Runner.Testrunnertestng.runScenario()'><b>runScenario</b><br>Test class: com.Runner.Testrunnertestng<br>Test method: Runs Cucumber Scenarios<br>Parameters: "Register validation with invalid inputs", "Optional[Register]"</td>
<td></td>
<td>5</td>
<td>com.Runner.Testrunnertestng@6b2ea799</td></tr>
<tr>
<td title='com.Runner.Testrunnertestng.runScenario()'><b>runScenario</b><br>Test class: com.Runner.Testrunnertestng<br>Test method: Runs Cucumber Scenarios<br>Parameters: "User validate Implementation page", "Optional[Stack]"</td>
<td></td>
<td>3</td>
<td>com.Runner.Testrunnertestng@6b2ea799</td></tr>
<tr>
<td title='com.Runner.Testrunnertestng.runScenario()'><b>runScenario</b><br>Test class: com.Runner.Testrunnertestng<br>Test method: Runs Cucumber Scenarios<br>Parameters: "Validate Traversals-Illustration link", "Optional[Tree]"</td>
<td></td>
<td>3</td>
<td>com.Runner.Testrunnertestng@6b2ea799</td></tr>
<tr>
<td title='com.Runner.Testrunnertestng.runScenario()'><b>runScenario</b><br>Test class: com.Runner.Testrunnertestng<br>Test method: Runs Cucumber Scenarios<br>Parameters: "Validate Binary Tree Traversals link", "Optional[Tree]"</td>
<td></td>
<td>3</td>
<td>com.Runner.Testrunnertestng@6b2ea799</td></tr>
<tr>
<td title='com.Runner.Testrunnertestng.runScenario()'><b>runScenario</b><br>Test class: com.Runner.Testrunnertestng<br>Test method: Runs Cucumber Scenarios<br>Parameters: "Validate Binary Search Trees link", "Optional[Tree]"</td>
<td></td>
<td>3</td>
<td>com.Runner.Testrunnertestng@6b2ea799</td></tr>
<tr>
<td title='com.Runner.Testrunnertestng.runScenario()'><b>runScenario</b><br>Test class: com.Runner.Testrunnertestng<br>Test method: Runs Cucumber Scenarios<br>Parameters: "Validate Implementation in Python link", "Optional[Tree]"</td>
<td></td>
<td>3</td>
<td>com.Runner.Testrunnertestng@6b2ea799</td></tr>
<tr>
<td title='com.Runner.Testrunnertestng.runScenario()'><b>runScenario</b><br>Test class: com.Runner.Testrunnertestng<br>Test method: Runs Cucumber Scenarios<br>Parameters: "User validate Get Started On Graph page", "Optional[Graph]"</td>
<td></td>
<td>4</td>
<td>com.Runner.Testrunnertestng@6b2ea799</td></tr>
<tr>
<td title='com.Runner.Testrunnertestng.runScenario()'><b>runScenario</b><br>Test class: com.Runner.Testrunnertestng<br>Test method: Runs Cucumber Scenarios<br>Parameters: "User validate Max Consecutive Ones page", "Optional[Array]"</td>
<td></td>
<td>3</td>
<td>com.Runner.Testrunnertestng@6b2ea799</td></tr>
<tr>
<td title='com.Runner.Testrunnertestng.runScenario()'><b>runScenario</b><br>Test class: com.Runner.Testrunnertestng<br>Test method: Runs Cucumber Scenarios<br>Parameters: "User validate Applications page", "Optional[Stack]"</td>
<td></td>
<td>4</td>
<td>com.Runner.Testrunnertestng@6b2ea799</td></tr>
<tr>
<td title='com.Runner.Testrunnertestng.runScenario()'><b>runScenario</b><br>Test class: com.Runner.Testrunnertestng<br>Test method: Runs Cucumber Scenarios<br>Parameters: "User validate Sorted Array page", "Optional[Array]"</td>
<td></td>
<td>3</td>
<td>com.Runner.Testrunnertestng@6b2ea799</td></tr>
<tr>
<td title='com.Runner.Testrunnertestng.runScenario()'><b>runScenario</b><br>Test class: com.Runner.Testrunnertestng<br>Test method: Runs Cucumber Scenarios<br>Parameters: "User validate Insertion page", "Optional[LinkedList]"</td>
<td></td>
<td>3</td>
<td>com.Runner.Testrunnertestng@6b2ea799</td></tr>
<tr>
<td title='com.Runner.Testrunnertestng.runScenario()'><b>runScenario</b><br>Test class: com.Runner.Testrunnertestng<br>Test method: Runs Cucumber Scenarios<br>Parameters: "signIn validation with inValid inputs", "Optional[Login]"</td>
<td></td>
<td>3</td>
<td>com.Runner.Testrunnertestng@6b2ea799</td></tr>
<tr>
<td title='com.Runner.Testrunnertestng.runScenario()'><b>runScenario</b><br>Test class: com.Runner.Testrunnertestng<br>Test method: Runs Cucumber Scenarios<br>Parameters: "User validate Even Number page", "Optional[Array]"</td>
<td></td>
<td>2</td>
<td>com.Runner.Testrunnertestng@6b2ea799</td></tr>
<tr>
<td title='com.Runner.Testrunnertestng.runScenario()'><b>runScenario</b><br>Test class: com.Runner.Testrunnertestng<br>Test method: Runs Cucumber Scenarios<br>Parameters: "validating Linked List introduction page", "Optional[LinkedList]"</td>
<td></td>
<td>4</td>
<td>com.Runner.Testrunnertestng@6b2ea799</td></tr>
<tr>
<td title='com.Runner.Testrunnertestng.runScenario()'><b>runScenario</b><br>Test class: com.Runner.Testrunnertestng<br>Test method: Runs Cucumber Scenarios<br>Parameters: "The user is presented with error message for invalid code in Editor for Graph page", "Optional[Graph]"</td>
<td></td>
<td>1</td>
<td>com.Runner.Testrunnertestng@6b2ea799</td></tr>
<tr>
<td title='com.Runner.Testrunnertestng.runScenario()'><b>runScenario</b><br>Test class: com.Runner.Testrunnertestng<br>Test method: Runs Cucumber Scenarios<br>Parameters: "Data Structure Intro Page Validation", "Optional[Data Structure Intro]"</td>
<td></td>
<td>9</td>
<td>com.Runner.Testrunnertestng@6b2ea799</td></tr>
<tr>
<td title='com.Runner.Testrunnertestng.runScenario()'><b>runScenario</b><br>Test class: com.Runner.Testrunnertestng<br>Test method: Runs Cucumber Scenarios<br>Parameters: "Register validation with invalid inputs/ password mismatch", "Optional[Register]"</td>
<td></td>
<td>4</td>
<td>com.Runner.Testrunnertestng@6b2ea799</td></tr>
<tr>
<td title='com.Runner.Testrunnertestng.runScenario()'><b>runScenario</b><br>Test class: com.Runner.Testrunnertestng<br>Test method: Runs Cucumber Scenarios<br>Parameters: "The user is able run code in Editor for Implementation of queue page", "Optional[Queue]"</td>
<td></td>
<td>1</td>
<td>com.Runner.Testrunnertestng@6b2ea799</td></tr>
<tr>
<td title='com.Runner.Testrunnertestng.runScenario()'><b>runScenario</b><br>Test class: com.Runner.Testrunnertestng<br>Test method: Runs Cucumber Scenarios<br>Parameters: "The user is presented with error message for code with invalid syntax in tryEditor for Arrays in Python page", "Optional[Array]"</td>
<td></td>
<td>0</td>
<td>com.Runner.Testrunnertestng@6b2ea799</td></tr>
<tr>
<td title='com.Runner.Testrunnertestng.runScenario()'><b>runScenario</b><br>Test class: com.Runner.Testrunnertestng<br>Test method: Runs Cucumber Scenarios<br>Parameters: "Validate Applications of Binary trees link", "Optional[Tree]"</td>
<td></td>
<td>3</td>
<td>com.Runner.Testrunnertestng@6b2ea799</td></tr>
<tr>
<td title='com.Runner.Testrunnertestng.runScenario()'><b>runScenario</b><br>Test class: com.Runner.Testrunnertestng<br>Test method: Runs Cucumber Scenarios<br>Parameters: "User validate Practice Questions page", "Optional[Stack]"</td>
<td></td>
<td>0</td>
<td>com.Runner.Testrunnertestng@6b2ea799</td></tr>
<tr>
<td title='com.Runner.Testrunnertestng.runScenario()'><b>runScenario</b><br>Test class: com.Runner.Testrunnertestng<br>Test method: Runs Cucumber Scenarios<br>Parameters: "Validate Types of Binary Trees link", "Optional[Tree]"</td>
<td></td>
<td>3</td>
<td>com.Runner.Testrunnertestng@6b2ea799</td></tr>
<tr>
<td title='com.Runner.Testrunnertestng.runScenario()'><b>runScenario</b><br>Test class: com.Runner.Testrunnertestng<br>Test method: Runs Cucumber Scenarios<br>Parameters: "Register validation with invalid inputs/blank fields", "Optional[Register]"</td>
<td></td>
<td>4</td>
<td>com.Runner.Testrunnertestng@6b2ea799</td></tr>
<tr>
<td title='com.Runner.Testrunnertestng.runScenario()'><b>runScenario</b><br>Test class: com.Runner.Testrunnertestng<br>Test method: Runs Cucumber Scenarios<br>Parameters: "The user is presented with error message for code with invalid syntax in tryEditor for Search the array link", "Optional[Array]"</td>
<td></td>
<td>0</td>
<td>com.Runner.Testrunnertestng@6b2ea799</td></tr>
<tr>
<td title='com.Runner.Testrunnertestng.runScenario()'><b>runScenario</b><br>Test class: com.Runner.Testrunnertestng<br>Test method: Runs Cucumber Scenarios<br>Parameters: "Validate Binary Trees link", "Optional[Tree]"</td>
<td></td>
<td>3</td>
<td>com.Runner.Testrunnertestng@6b2ea799</td></tr>
<tr>
<td title='com.Runner.Testrunnertestng.runScenario()'><b>runScenario</b><br>Test class: com.Runner.Testrunnertestng<br>Test method: Runs Cucumber Scenarios<br>Parameters: "User validate Basic Operations in list page", "Optional[Array]"</td>
<td></td>
<td>3</td>
<td>com.Runner.Testrunnertestng@6b2ea799</td></tr>
<tr>
<td title='com.Runner.Testrunnertestng.runScenario()'><b>runScenario</b><br>Test class: com.Runner.Testrunnertestng<br>Test method: Runs Cucumber Scenarios<br>Parameters: "Register validation with invalid inputs/blank fields", "Optional[Register]"</td>
<td></td>
<td>4</td>
<td>com.Runner.Testrunnertestng@6b2ea799</td></tr>
<tr>
<td title='com.Runner.Testrunnertestng.runScenario()'><b>runScenario</b><br>Test class: com.Runner.Testrunnertestng<br>Test method: Runs Cucumber Scenarios<br>Parameters: "Validate overview of trees link", "Optional[Tree]"</td>
<td></td>
<td>4</td>
<td>com.Runner.Testrunnertestng@6b2ea799</td></tr>
<tr>
<td title='com.Runner.Testrunnertestng.runScenario()'><b>runScenario</b><br>Test class: com.Runner.Testrunnertestng<br>Test method: Runs Cucumber Scenarios<br>Parameters: "User validate Stack Main page", "Optional[Stack]"</td>
<td></td>
<td>3</td>
<td>com.Runner.Testrunnertestng@6b2ea799</td></tr>
<tr>
<td title='com.Runner.Testrunnertestng.runScenario()'><b>runScenario</b><br>Test class: com.Runner.Testrunnertestng<br>Test method: Runs Cucumber Scenarios<br>Parameters: "Validate Implementation of Binary Trees link", "Optional[Tree]"</td>
<td></td>
<td>3</td>
<td>com.Runner.Testrunnertestng@6b2ea799</td></tr>
<tr>
<td title='com.Runner.Testrunnertestng.runScenario()'><b>runScenario</b><br>Test class: com.Runner.Testrunnertestng<br>Test method: Runs Cucumber Scenarios<br>Parameters: "User validate Deletion page", "Optional[LinkedList]"</td>
<td></td>
<td>4</td>
<td>com.Runner.Testrunnertestng@6b2ea799</td></tr>
<tr>
<td title='com.Runner.Testrunnertestng.runScenario()'><b>runScenario</b><br>Test class: com.Runner.Testrunnertestng<br>Test method: Runs Cucumber Scenarios<br>Parameters: "The user is able to navigate to Graph Data Structure Page", "Optional[Graph]"</td>
<td></td>
<td>0</td>
<td>com.Runner.Testrunnertestng@6b2ea799</td></tr>
<tr>
<td title='com.Runner.Testrunnertestng.runScenario()'><b>runScenario</b><br>Test class: com.Runner.Testrunnertestng<br>Test method: Runs Cucumber Scenarios<br>Parameters: "Register validation with invalid inputs/blank fields", "Optional[Register]"</td>
<td></td>
<td>4</td>
<td>com.Runner.Testrunnertestng@6b2ea799</td></tr>
<tr>
<td title='com.Runner.Testrunnertestng.runScenario()'><b>runScenario</b><br>Test class: com.Runner.Testrunnertestng<br>Test method: Runs Cucumber Scenarios<br>Parameters: "User validate Search the array page", "Optional[Array]"</td>
<td></td>
<td>5</td>
<td>com.Runner.Testrunnertestng@6b2ea799</td></tr>
<tr>
<td title='com.Runner.Testrunnertestng.runScenario()'><b>runScenario</b><br>Test class: com.Runner.Testrunnertestng<br>Test method: Runs Cucumber Scenarios<br>Parameters: "validation of Start Page", "Optional[Get Started page]"</td>
<td></td>
<td>12</td>
<td>com.Runner.Testrunnertestng@6b2ea799</td></tr>
<tr>
<td title='com.Runner.Testrunnertestng.runScenario()'><b>runScenario</b><br>Test class: com.Runner.Testrunnertestng<br>Test method: Runs Cucumber Scenarios<br>Parameters: "The user is presented with error message for code with invalid syntax in tryEditor for Squares of a Sorted Array", "Optional[Array]"</td>
<td></td>
<td>0</td>
<td>com.Runner.Testrunnertestng@6b2ea799</td></tr>
<tr>
<td title='com.Runner.Testrunnertestng.runScenario()'><b>runScenario</b><br>Test class: com.Runner.Testrunnertestng<br>Test method: Runs Cucumber Scenarios<br>Parameters: "Register validation with valid inputs", "Optional[Register]"</td>
<td></td>
<td>6</td>
<td>com.Runner.Testrunnertestng@6b2ea799</td></tr>
<tr>
<td title='com.Runner.Testrunnertestng.runScenario()'><b>runScenario</b><br>Test class: com.Runner.Testrunnertestng<br>Test method: Runs Cucumber Scenarios<br>Parameters: "User validate Creating Linked List page", "Optional[LinkedList]"</td>
<td></td>
<td>3</td>
<td>com.Runner.Testrunnertestng@6b2ea799</td></tr>
<tr>
<td title='com.Runner.Testrunnertestng.runScenario()'><b>runScenario</b><br>Test class: com.Runner.Testrunnertestng<br>Test method: Runs Cucumber Scenarios<br>Parameters: "Validate Implementation Of BST link", "Optional[Tree]"</td>
<td></td>
<td>4</td>
<td>com.Runner.Testrunnertestng@6b2ea799</td></tr>
<tr>
<td title='com.Runner.Testrunnertestng.runScenario()'><b>runScenario</b><br>Test class: com.Runner.Testrunnertestng<br>Test method: Runs Cucumber Scenarios<br>Parameters: "User validate Implementation of Queue in Python page", "Optional[Queue]"</td>
<td></td>
<td>3</td>
<td>com.Runner.Testrunnertestng@6b2ea799</td></tr>
<tr>
<td title='com.Runner.Testrunnertestng.runScenario()'><b>runScenario</b><br>Test class: com.Runner.Testrunnertestng<br>Test method: Runs Cucumber Scenarios<br>Parameters: "signIn validation with inValid inputs", "Optional[Login]"</td>
<td></td>
<td>3</td>
<td>com.Runner.Testrunnertestng@6b2ea799</td></tr>
<tr>
<td title='com.Runner.Testrunnertestng.runScenario()'><b>runScenario</b><br>Test class: com.Runner.Testrunnertestng<br>Test method: Runs Cucumber Scenarios<br>Parameters: "The user is presented with error message for invalid code in tryEditor for Max Consecutive Ones", "Optional[Array]"</td>
<td></td>
<td>0</td>
<td>com.Runner.Testrunnertestng@6b2ea799</td></tr>
<tr>
<td title='com.Runner.Testrunnertestng.runScenario()'><b>runScenario</b><br>Test class: com.Runner.Testrunnertestng<br>Test method: Runs Cucumber Scenarios<br>Parameters: "User validate Queue Operations page", "Optional[Queue]"</td>
<td></td>
<td>3</td>
<td>com.Runner.Testrunnertestng@6b2ea799</td></tr>
<tr>
<td title='com.Runner.Testrunnertestng.runScenario()'><b>runScenario</b><br>Test class: com.Runner.Testrunnertestng<br>Test method: Runs Cucumber Scenarios<br>Parameters: "User validate Traversal page", "Optional[LinkedList]"</td>
<td></td>
<td>3</td>
<td>com.Runner.Testrunnertestng@6b2ea799</td></tr>
<tr>
<td title='com.Runner.Testrunnertestng.runScenario()'><b>runScenario</b><br>Test class: com.Runner.Testrunnertestng<br>Test method: Runs Cucumber Scenarios<br>Parameters: "Validate Types of Trees link", "Optional[Tree]"</td>
<td></td>
<td>3</td>
<td>com.Runner.Testrunnertestng@6b2ea799</td></tr>
<tr>
<td title='com.Runner.Testrunnertestng.runScenario()'><b>runScenario</b><br>Test class: com.Runner.Testrunnertestng<br>Test method: Runs Cucumber Scenarios<br>Parameters: "User validate Even Number page", "Optional[Array]"</td>
<td></td>
<td>3</td>
<td>com.Runner.Testrunnertestng@6b2ea799</td></tr>
<tr>
<td title='com.Runner.Testrunnertestng.runScenario()'><b>runScenario</b><br>Test class: com.Runner.Testrunnertestng<br>Test method: Runs Cucumber Scenarios<br>Parameters: "User validate Array Page", "Optional[Array]"</td>
<td></td>
<td>4</td>
<td>com.Runner.Testrunnertestng@6b2ea799</td></tr>
<tr>
<td title='com.Runner.Testrunnertestng.runScenario()'><b>runScenario</b><br>Test class: com.Runner.Testrunnertestng<br>Test method: Runs Cucumber Scenarios<br>Parameters: "Validate Tree Traversals link", "Optional[Tree]"</td>
<td></td>
<td>3</td>
<td>com.Runner.Testrunnertestng@6b2ea799</td></tr>
<tr>
<td title='com.Runner.Testrunnertestng.runScenario()'><b>runScenario</b><br>Test class: com.Runner.Testrunnertestng<br>Test method: Runs Cucumber Scenarios<br>Parameters: "User validate Types of Linked List page", "Optional[LinkedList]"</td>
<td></td>
<td>3</td>
<td>com.Runner.Testrunnertestng@6b2ea799</td></tr>
<tr>
<td title='com.Runner.Testrunnertestng.runScenario()'><b>runScenario</b><br>Test class: com.Runner.Testrunnertestng<br>Test method: Runs Cucumber Scenarios<br>Parameters: "The user is able to navigate to QueueOp page and click on Practice Questions", "Optional[Queue]"</td>
<td></td>
<td>1</td>
<td>com.Runner.Testrunnertestng@6b2ea799</td></tr>
</table><p>
</body>
</html>