<?xml version="1.0" encoding="UTF-8"?>
<testsuite xmlns:xsi="http://www.w3.org/2001/XMLSchema-instance" xsi:noNamespaceSchemaLocation="https://maven.apache.org/surefire/maven-surefire-plugin/xsd/surefire-test-report-3.0.xsd" version="3.0" name="TestSuite" time="228.953" tests="74" errors="0" skipped="0" failures="8">
  <properties>
[...]
</properties>
  <testcase name="runScenario[&quot;validation of Start Page&quot;, &quot;Optional[Get Started page]&quot;](1)" classname="com.Runner.Testrunnertestng" time="8.758">
    <system-out><![CDATA[[INFO ] 2023-03-29 16:00:27.146 [main] Loggerload - Loading Config file
[INFO ] 2023-03-29 16:00:27.153 [main] Loggerload - Get property BrowserType
[INFO ] 2023-03-29 16:00:27.157 [main] Loggerload - Initializing driver for : chrome
[INFO ] 2023-03-29 16:00:27.313 [main] Loggerload - ===============================================================================================
[INFO ] 2023-03-29 16:00:27.313 [main] Loggerload - [@getstarted] : validation of Start Page
[INFO ] 2023-03-29 16:00:27.313 [main] Loggerload - -----------------------------------------------------------------------------------------------
[INFO ] 2023-03-29 16:00:31.771 [main] Loggerload - click on getStartedPage Get Started button
[INFO ] 2023-03-29 16:00:33.349 [main] Loggerload - click on getStartedPage Data Structures button
]]></system-out>
    <system-err><![CDATA[SLF4J: No SLF4J providers were found.
SLF4J: Defaulting to no-operation (NOP) logger implementation
SLF4J: See https://www.slf4j.org/codes.html#noProviders for further details.
Starting ChromeDriver 111.0.5563.64 (c710e93d5b63b7095afe8c2c17df34408078439d-refs/branch-heads/5563@{#995}) on port 37668
Only local connections are allowed.
Please see https://chromedriver.chromium.org/security-considerations for suggestions on keeping ChromeDriver safe.
ChromeDriver was started successfully.
Mar 29, 2023 4:00:29 PM org.openqa.selenium.devtools.CdpVersionFinder findNearestMatch
WARNING: Unable to find an exact match for CDP version 111, so returning the closest version found: 110
]]></system-err>
  </testcase>
  <testcase name="runScenario[&quot;Register validation with valid inputs&quot;, &quot;Optional[Register]&quot;](2)" classname="com.Runner.Testrunnertestng" time="5.017">
    <failure message="expected [true] but found [false]" type="java.lang.AssertionError"><![CDATA[java.lang.AssertionError: expected [true] but found [false]
]]></failure>
    <system-out><![CDATA[[INFO ] 2023-03-29 16:00:35.960 [main] Loggerload - ===============================================================================================
[INFO ] 2023-03-29 16:00:35.961 [main] Loggerload - [@register, @register_001] : Register validation with valid inputs
[INFO ] 2023-03-29 16:00:35.961 [main] Loggerload - -----------------------------------------------------------------------------------------------
[INFO ] 2023-03-29 16:00:38.120 [main] Loggerload - click on getStartedPage Get Started button
[INFO ] 2023-03-29 16:00:38.301 [main] Loggerload - click on RegisterPage Register link
[INFO ] 2023-03-29 16:00:38.491 [main] Loggerload - sending keys on RegisterPage  text field
[INFO ] 2023-03-29 16:00:38.730 [main] Loggerload - sending keys on RegisterPage  text field
[INFO ] 2023-03-29 16:00:38.931 [main] Loggerload - sending keys on RegisterPage  text field
[INFO ] 2023-03-29 16:00:39.082 [main] Loggerload - click on RegisterPage  button
[INFO ] 2023-03-29 16:00:40.458 [main] Loggerload - validating on RegisterPage password_mismatch:The two password fields didn’t match. label text
[ERROR] 2023-03-29 16:00:40.485 [main] Loggerload - Steps Failed , Taking Screenshot
]]></system-out>
  </testcase>
  <testcase name="runScenario[&quot;Register validation with valid inputs&quot;, &quot;Optional[Register]&quot;](3)" classname="com.Runner.Testrunnertestng" time="6.642">
    <system-out><![CDATA[[INFO ] 2023-03-29 16:00:40.979 [main] Loggerload - ===============================================================================================
[INFO ] 2023-03-29 16:00:40.980 [main] Loggerload - [@register, @register_001] : Register validation with valid inputs
[INFO ] 2023-03-29 16:00:40.980 [main] Loggerload - -----------------------------------------------------------------------------------------------
[INFO ] 2023-03-29 16:00:43.144 [main] Loggerload - click on getStartedPage Get Started button
[INFO ] 2023-03-29 16:00:43.330 [main] Loggerload - click on RegisterPage Register link
[INFO ] 2023-03-29 16:00:43.509 [main] Loggerload - sending keys on RegisterPage  text field
[INFO ] 2023-03-29 16:00:43.657 [main] Loggerload - sending keys on RegisterPage  text field
[INFO ] 2023-03-29 16:00:43.813 [main] Loggerload - sending keys on RegisterPage  text field
[INFO ] 2023-03-29 16:00:43.965 [main] Loggerload - click on RegisterPage  button
[INFO ] 2023-03-29 16:00:45.286 [main] Loggerload - validating on RegisterPage New Account Created. You are logged in as 14231valli123@gmail.com label text
[INFO ] 2023-03-29 16:00:45.344 [main] Loggerload - click on RegisterPage Sign out link
]]></system-out>
  </testcase>
  <testcase name="runScenario[&quot;Register validation with invalid inputs&quot;, &quot;Optional[Register]&quot;](4)" classname="com.Runner.Testrunnertestng" time="3.663">
    <system-out><![CDATA[[INFO ] 2023-03-29 16:00:47.619 [main] Loggerload - ===============================================================================================
[INFO ] 2023-03-29 16:00:47.620 [main] Loggerload - [@register, @register_002] : Register validation with invalid inputs
[INFO ] 2023-03-29 16:00:47.620 [main] Loggerload - -----------------------------------------------------------------------------------------------
[INFO ] 2023-03-29 16:00:49.742 [main] Loggerload - click on getStartedPage Get Started button
[INFO ] 2023-03-29 16:00:49.919 [main] Loggerload - click on RegisterPage Register link
[INFO ] 2023-03-29 16:00:50.102 [main] Loggerload - click on RegisterPage  button
[INFO ] 2023-03-29 16:00:51.251 [main] Loggerload - validating on RegisterPage  text field
]]></system-out>
  </testcase>
  <testcase name="runScenario[&quot;Register validation with invalid inputs/blank fields&quot;, &quot;Optional[Register]&quot;](5)" classname="com.Runner.Testrunnertestng" time="3.831">
    <system-out><![CDATA[[INFO ] 2023-03-29 16:00:51.282 [main] Loggerload - ===============================================================================================
[INFO ] 2023-03-29 16:00:51.282 [main] Loggerload - [@register, @register_003] : Register validation with invalid inputs/blank fields
[INFO ] 2023-03-29 16:00:51.283 [main] Loggerload - -----------------------------------------------------------------------------------------------
[INFO ] 2023-03-29 16:00:53.416 [main] Loggerload - click on getStartedPage Get Started button
[INFO ] 2023-03-29 16:00:53.600 [main] Loggerload - click on RegisterPage Register link
[INFO ] 2023-03-29 16:00:53.794 [main] Loggerload - sending keys on RegisterPage  text field
[INFO ] 2023-03-29 16:00:53.947 [main] Loggerload - click on RegisterPage  button
[INFO ] 2023-03-29 16:00:55.081 [main] Loggerload - validating on RegisterPage  text field
]]></system-out>
  </testcase>
  <testcase name="runScenario[&quot;Register validation with invalid inputs/blank fields&quot;, &quot;Optional[Register]&quot;](6)" classname="com.Runner.Testrunnertestng" time="3.987">
    <system-out><![CDATA[[INFO ] 2023-03-29 16:00:55.107 [main] Loggerload - ===============================================================================================
[INFO ] 2023-03-29 16:00:55.108 [main] Loggerload - [@register, @register_004] : Register validation with invalid inputs/blank fields
[INFO ] 2023-03-29 16:00:55.108 [main] Loggerload - -----------------------------------------------------------------------------------------------
[INFO ] 2023-03-29 16:00:57.243 [main] Loggerload - click on getStartedPage Get Started button
[INFO ] 2023-03-29 16:00:57.439 [main] Loggerload - click on RegisterPage Register link
[INFO ] 2023-03-29 16:00:57.628 [main] Loggerload - sending keys on RegisterPage  text field
[INFO ] 2023-03-29 16:00:57.776 [main] Loggerload - sending keys on RegisterPage  text field
[INFO ] 2023-03-29 16:00:57.929 [main] Loggerload - click on RegisterPage  button
[INFO ] 2023-03-29 16:00:59.069 [main] Loggerload - validating on RegisterPage  text field
]]></system-out>
  </testcase>
  <testcase name="runScenario[&quot;Register validation with invalid inputs/blank fields&quot;, &quot;Optional[Register]&quot;](7)" classname="com.Runner.Testrunnertestng" time="3.989">
    <system-out><![CDATA[[INFO ] 2023-03-29 16:00:59.093 [main] Loggerload - ===============================================================================================
[INFO ] 2023-03-29 16:00:59.094 [main] Loggerload - [@register, @register_005] : Register validation with invalid inputs/blank fields
[INFO ] 2023-03-29 16:00:59.094 [main] Loggerload - -----------------------------------------------------------------------------------------------
[INFO ] 2023-03-29 16:01:01.225 [main] Loggerload - click on getStartedPage Get Started button
[INFO ] 2023-03-29 16:01:01.409 [main] Loggerload - click on RegisterPage Register link
[INFO ] 2023-03-29 16:01:01.598 [main] Loggerload - sending keys on RegisterPage  text field
[INFO ] 2023-03-29 16:01:01.752 [main] Loggerload - sending keys on RegisterPage  text field
[INFO ] 2023-03-29 16:01:01.923 [main] Loggerload - click on RegisterPage  button
[INFO ] 2023-03-29 16:01:03.059 [main] Loggerload - validating on RegisterPage  text field
]]></system-out>
  </testcase>
  <testcase name="runScenario[&quot;Register validation with invalid inputs/blank fields&quot;, &quot;Optional[Register]&quot;](8)" classname="com.Runner.Testrunnertestng" time="3.803">
    <system-out><![CDATA[[INFO ] 2023-03-29 16:01:03.080 [main] Loggerload - ===============================================================================================
[INFO ] 2023-03-29 16:01:03.080 [main] Loggerload - [@register, @register_006] : Register validation with invalid inputs/blank fields
[INFO ] 2023-03-29 16:01:03.081 [main] Loggerload - -----------------------------------------------------------------------------------------------
[INFO ] 2023-03-29 16:01:05.202 [main] Loggerload - click on getStartedPage Get Started button
[INFO ] 2023-03-29 16:01:05.379 [main] Loggerload - click on RegisterPage Register link
[INFO ] 2023-03-29 16:01:05.577 [main] Loggerload - sending keys on RegisterPage  text field
[INFO ] 2023-03-29 16:01:05.726 [main] Loggerload - click on RegisterPage  button
[INFO ] 2023-03-29 16:01:06.863 [main] Loggerload - validating on RegisterPage  text field
]]></system-out>
  </testcase>
  <testcase name="runScenario[&quot;Register validation with invalid inputs/blank fields&quot;, &quot;Optional[Register]&quot;](9)" classname="com.Runner.Testrunnertestng" time="3.798">
    <system-out><![CDATA[[INFO ] 2023-03-29 16:01:06.884 [main] Loggerload - ===============================================================================================
[INFO ] 2023-03-29 16:01:06.885 [main] Loggerload - [@register, @register_007] : Register validation with invalid inputs/blank fields
[INFO ] 2023-03-29 16:01:06.885 [main] Loggerload - -----------------------------------------------------------------------------------------------
[INFO ] 2023-03-29 16:01:09.004 [main] Loggerload - click on getStartedPage Get Started button
[INFO ] 2023-03-29 16:01:09.178 [main] Loggerload - click on RegisterPage Register link
[INFO ] 2023-03-29 16:01:09.360 [main] Loggerload - sending keys on RegisterPage  text field
[INFO ] 2023-03-29 16:01:09.531 [main] Loggerload - click on RegisterPage  button
[INFO ] 2023-03-29 16:01:10.662 [main] Loggerload - validating on RegisterPage  text field
]]></system-out>
  </testcase>
  <testcase name="runScenario[&quot;Register validation with invalid inputs/ password mismatch&quot;, &quot;Optional[Register]&quot;](10)" classname="com.Runner.Testrunnertestng" time="4.156">
    <system-out><![CDATA[[INFO ] 2023-03-29 16:01:10.681 [main] Loggerload - ===============================================================================================
[INFO ] 2023-03-29 16:01:10.681 [main] Loggerload - [@register, @mismatchpwd] : Register validation with invalid inputs/ password mismatch
[INFO ] 2023-03-29 16:01:10.682 [main] Loggerload - -----------------------------------------------------------------------------------------------
[INFO ] 2023-03-29 16:01:12.800 [main] Loggerload - click on getStartedPage Get Started button
[INFO ] 2023-03-29 16:01:12.979 [main] Loggerload - click on RegisterPage Register link
[INFO ] 2023-03-29 16:01:13.160 [main] Loggerload - sending keys on RegisterPage  text field
[INFO ] 2023-03-29 16:01:13.318 [main] Loggerload - sending keys on RegisterPage  text field
[INFO ] 2023-03-29 16:01:13.465 [main] Loggerload - sending keys on RegisterPage  text field
[INFO ] 2023-03-29 16:01:13.615 [main] Loggerload - click on RegisterPage  button
]]></system-out>
  </testcase>
  <testcase name="runScenario[&quot;Register validation with invalid inputs/ password format less than eight characters&quot;, &quot;Optional[Register]&quot;](11)" classname="com.Runner.Testrunnertestng" time="4.276">
    <failure message="expected [password should contain atleast eight characters.] but found [password_mismatch:The two password fields didn’t match.]" type="java.lang.AssertionError"><![CDATA[java.lang.AssertionError: expected [password should contain atleast eight characters.] but found [password_mismatch:The two password fields didn’t match.]
]]></failure>
    <system-out><![CDATA[[INFO ] 2023-03-29 16:01:14.837 [main] Loggerload - ===============================================================================================
[INFO ] 2023-03-29 16:01:14.837 [main] Loggerload - [@register, @atleasteight] : Register validation with invalid inputs/ password format less than eight characters
[INFO ] 2023-03-29 16:01:14.837 [main] Loggerload - -----------------------------------------------------------------------------------------------
[INFO ] 2023-03-29 16:01:16.951 [main] Loggerload - click on getStartedPage Get Started button
[INFO ] 2023-03-29 16:01:17.121 [main] Loggerload - click on RegisterPage Register link
[INFO ] 2023-03-29 16:01:17.305 [main] Loggerload - sending keys on RegisterPage  text field
[INFO ] 2023-03-29 16:01:17.454 [main] Loggerload - sending keys on RegisterPage  text field
[INFO ] 2023-03-29 16:01:17.617 [main] Loggerload - sending keys on RegisterPage  text field
[INFO ] 2023-03-29 16:01:17.770 [main] Loggerload - click on RegisterPage  button
[ERROR] 2023-03-29 16:01:18.965 [main] Loggerload - Steps Failed , Taking Screenshot
]]></system-out>
  </testcase>
  <testcase name="runScenario[&quot;Register validation with invalid inputs/  password format all numeric&quot;, &quot;Optional[Register]&quot;](12)" classname="com.Runner.Testrunnertestng" time="4.231">
    <failure message="expected [please enter valid password format] but found [password_mismatch:The two password fields didn’t match.]" type="java.lang.AssertionError"><![CDATA[java.lang.AssertionError: expected [please enter valid password format] but found [password_mismatch:The two password fields didn’t match.]
]]></failure>
    <system-out><![CDATA[[INFO ] 2023-03-29 16:01:19.117 [main] Loggerload - ===============================================================================================
[INFO ] 2023-03-29 16:01:19.117 [main] Loggerload - [@register, @allnumeric] : Register validation with invalid inputs/  password format all numeric
[INFO ] 2023-03-29 16:01:19.117 [main] Loggerload - -----------------------------------------------------------------------------------------------
[INFO ] 2023-03-29 16:01:21.208 [main] Loggerload - click on getStartedPage Get Started button
[INFO ] 2023-03-29 16:01:21.375 [main] Loggerload - click on RegisterPage Register link
[INFO ] 2023-03-29 16:01:21.557 [main] Loggerload - sending keys on RegisterPage  text field
[INFO ] 2023-03-29 16:01:21.707 [main] Loggerload - sending keys on RegisterPage  text field
[INFO ] 2023-03-29 16:01:21.858 [main] Loggerload - sending keys on RegisterPage  text field
[INFO ] 2023-03-29 16:01:22.006 [main] Loggerload - click on RegisterPage  button
[ERROR] 2023-03-29 16:01:23.208 [main] Loggerload - Steps Failed , Taking Screenshot
]]></system-out>
  </testcase>
  <testcase name="runScenario[&quot;Register validation with invalid inputs/ similar fields&quot;, &quot;Optional[Register]&quot;](13)" classname="com.Runner.Testrunnertestng" time="4.272">
    <failure message="expected [password can not be similar as username] but found [password_mismatch:The two password fields didn’t match.]" type="java.lang.AssertionError"><![CDATA[java.lang.AssertionError: expected [password can not be similar as username] but found [password_mismatch:The two password fields didn’t match.]
]]></failure>
    <system-out><![CDATA[[INFO ] 2023-03-29 16:01:23.347 [main] Loggerload - ===============================================================================================
[INFO ] 2023-03-29 16:01:23.347 [main] Loggerload - [@register, @compareUnPwd] : Register validation with invalid inputs/ similar fields
[INFO ] 2023-03-29 16:01:23.347 [main] Loggerload - -----------------------------------------------------------------------------------------------
[INFO ] 2023-03-29 16:01:25.461 [main] Loggerload - click on getStartedPage Get Started button
[INFO ] 2023-03-29 16:01:25.632 [main] Loggerload - click on RegisterPage Register link
[INFO ] 2023-03-29 16:01:25.823 [main] Loggerload - sending keys on RegisterPage  text field
[INFO ] 2023-03-29 16:01:25.967 [main] Loggerload - sending keys on RegisterPage  text field
[INFO ] 2023-03-29 16:01:26.118 [main] Loggerload - sending keys on RegisterPage  text field
[INFO ] 2023-03-29 16:01:26.265 [main] Loggerload - click on RegisterPage  button
[ERROR] 2023-03-29 16:01:27.453 [main] Loggerload - Steps Failed , Taking Screenshot
]]></system-out>
  </testcase>
  <testcase name="runScenario[&quot;signIn validation with valid inputs&quot;, &quot;Optional[Login]&quot;](14)" classname="com.Runner.Testrunnertestng" time="4.171">
    <system-out><![CDATA[[INFO ] 2023-03-29 16:01:27.617 [main] Loggerload - ===============================================================================================
[INFO ] 2023-03-29 16:01:27.617 [main] Loggerload - [@login, @login] : signIn validation with valid inputs
[INFO ] 2023-03-29 16:01:27.618 [main] Loggerload - -----------------------------------------------------------------------------------------------
[INFO ] 2023-03-29 16:01:29.753 [main] Loggerload - click on getStartedPage Get Started button
[INFO ] 2023-03-29 16:01:29.934 [main] Loggerload - click on LoginPage Sign in link
[INFO ] 2023-03-29 16:01:30.164 [main] Loggerload - click on LoginPage  button
[INFO ] 2023-03-29 16:01:30.218 [main] Loggerload - click on LoginPage Register! link
[INFO ] 2023-03-29 16:01:30.472 [main] Loggerload - click on LoginPage Sign in link
[INFO ] 2023-03-29 16:01:30.701 [main] Loggerload - sending keys on LoginPage  input field
[INFO ] 2023-03-29 16:01:30.907 [main] Loggerload - sending keys on LoginPage  input field
[INFO ] 2023-03-29 16:01:31.113 [main] Loggerload - click on LoginPage  button
[INFO ] 2023-03-29 16:01:31.543 [main] Loggerload - click on LoginPage Sign out button
]]></system-out>
  </testcase>
  <testcase name="runScenario[&quot;signIn validation with inValid inputs&quot;, &quot;Optional[Login]&quot;](15)" classname="com.Runner.Testrunnertestng" time="2.762">
    <system-out><![CDATA[[INFO ] 2023-03-29 16:01:31.788 [main] Loggerload - ===============================================================================================
[INFO ] 2023-03-29 16:01:31.789 [main] Loggerload - [@login, @login] : signIn validation with inValid inputs
[INFO ] 2023-03-29 16:01:31.789 [main] Loggerload - -----------------------------------------------------------------------------------------------
[INFO ] 2023-03-29 16:01:33.917 [main] Loggerload - click on getStartedPage Get Started button
[INFO ] 2023-03-29 16:01:34.114 [main] Loggerload - click on LoginPage Sign in link
[INFO ] 2023-03-29 16:01:34.340 [main] Loggerload - click on LoginPage  button
[INFO ] 2023-03-29 16:01:34.379 [main] Loggerload - click on LoginPage  button
Please fill out this field.
[INFO ] 2023-03-29 16:01:34.546 [main] Loggerload - Validating message on LoginPage  textbox
]]></system-out>
  </testcase>
  <testcase name="runScenario[&quot;signIn validation with inValid inputs&quot;, &quot;Optional[Login]&quot;](16)" classname="com.Runner.Testrunnertestng" time="2.951">
    <system-out><![CDATA[[INFO ] 2023-03-29 16:01:34.551 [main] Loggerload - ===============================================================================================
[INFO ] 2023-03-29 16:01:34.551 [main] Loggerload - [@login, @login] : signIn validation with inValid inputs
[INFO ] 2023-03-29 16:01:34.551 [main] Loggerload - -----------------------------------------------------------------------------------------------
[INFO ] 2023-03-29 16:01:36.671 [main] Loggerload - click on getStartedPage Get Started button
[INFO ] 2023-03-29 16:01:36.847 [main] Loggerload - click on LoginPage Sign in link
[INFO ] 2023-03-29 16:01:37.067 [main] Loggerload - click on LoginPage  button
[INFO ] 2023-03-29 16:01:37.119 [main] Loggerload - sending keys on LoginPage  input field
[INFO ] 2023-03-29 16:01:37.306 [main] Loggerload - click on LoginPage  button
Please fill out this field.
[INFO ] 2023-03-29 16:01:37.498 [main] Loggerload - Validating message on LoginPage  textbox
]]></system-out>
  </testcase>
  <testcase name="runScenario[&quot;signIn validation with inValid inputs&quot;, &quot;Optional[Login]&quot;](17)" classname="com.Runner.Testrunnertestng" time="3.189">
    <system-out><![CDATA[[INFO ] 2023-03-29 16:01:37.503 [main] Loggerload - ===============================================================================================
[INFO ] 2023-03-29 16:01:37.503 [main] Loggerload - [@login, @login] : signIn validation with inValid inputs
[INFO ] 2023-03-29 16:01:37.503 [main] Loggerload - -----------------------------------------------------------------------------------------------
[INFO ] 2023-03-29 16:01:39.616 [main] Loggerload - click on getStartedPage Get Started button
[INFO ] 2023-03-29 16:01:39.788 [main] Loggerload - click on LoginPage Sign in link
[INFO ] 2023-03-29 16:01:40.011 [main] Loggerload - click on LoginPage  button
[INFO ] 2023-03-29 16:01:40.056 [main] Loggerload - sending keys on LoginPage  input field
[INFO ] 2023-03-29 16:01:40.239 [main] Loggerload - sending keys on LoginPage  input field
[INFO ] 2023-03-29 16:01:40.428 [main] Loggerload - click on LoginPage  button
]]></system-out>
  </testcase>
  <testcase name="runScenario[&quot;Data Structure Intro Page Validation&quot;, &quot;Optional[Data Structure Intro]&quot;](18)" classname="com.Runner.Testrunnertestng" time="8.916">
    <system-out><![CDATA[[INFO ] 2023-03-29 16:01:40.701 [main] Loggerload - ===============================================================================================
[INFO ] 2023-03-29 16:01:40.701 [main] Loggerload - [@dscenario] : Data Structure Intro Page Validation
[INFO ] 2023-03-29 16:01:40.701 [main] Loggerload - -----------------------------------------------------------------------------------------------
[INFO ] 2023-03-29 16:01:42.815 [main] Loggerload - click on getStartedPage Get Started button
[INFO ] 2023-03-29 16:01:42.990 [main] Loggerload - click on LoginPage Sign in link
[INFO ] 2023-03-29 16:01:43.199 [main] Loggerload - sending keys on LoginPage  input field
[INFO ] 2023-03-29 16:01:43.398 [main] Loggerload - sending keys on LoginPage  input field
[INFO ] 2023-03-29 16:01:43.589 [main] Loggerload - click on LoginPage  button
[INFO ] 2023-03-29 16:01:44.989 [main] Loggerload - Click on dsIntro Get Started link
[INFO ] 2023-03-29 16:01:46.258 [main] Loggerload - Click on dsIntro Time Complexity link
[INFO ] 2023-03-29 16:01:47.499 [main] Loggerload - Click on dsIntro Try here>>> link
[INFO ] 2023-03-29 16:01:47.933 [main] Loggerload - Entering code on dsIntro  text field
[INFO ] 2023-03-29 16:01:47.947 [main] Loggerload - Before sending keys to 
[INFO ] 2023-03-29 16:01:49.348 [main] Loggerload - Click on dsIntro Run button
]]></system-out>
  </testcase>
  <testcase name="runScenario[&quot;User validate Array Page&quot;, &quot;Optional[Array]&quot;](19)" classname="com.Runner.Testrunnertestng" time="4.659">
    <system-out><![CDATA[[INFO ] 2023-03-29 16:01:49.609 [main] Loggerload - ===============================================================================================
[INFO ] 2023-03-29 16:01:49.609 [main] Loggerload - [@arrays, @scenario_001] : User validate Array Page
[INFO ] 2023-03-29 16:01:49.609 [main] Loggerload - -----------------------------------------------------------------------------------------------
[INFO ] 2023-03-29 16:01:50.664 [main] Loggerload - Before click Get Started link 
[INFO ] 2023-03-29 16:01:50.908 [main] Loggerload - Before click Arrays in Python link
[INFO ] 2023-03-29 16:01:51.224 [main] Loggerload - Before click Arrays in Python link
[INFO ] 2023-03-29 16:01:52.443 [main] Loggerload - Click on dsIntro Try here>>> link
[INFO ] 2023-03-29 16:01:52.690 [main] Loggerload - Before entering text in  input field
[INFO ] 2023-03-29 16:01:52.709 [main] Loggerload - Before sending keys to 
[INFO ] 2023-03-29 16:01:54.027 [main] Loggerload - Click on dsIntro Run button
]]></system-out>
  </testcase>
  <testcase name="runScenario[&quot;User validate Arrays using list page&quot;, &quot;Optional[Array]&quot;](20)" classname="com.Runner.Testrunnertestng" time="3.116">
    <system-out><![CDATA[[INFO ] 2023-03-29 16:01:54.272 [main] Loggerload - ===============================================================================================
[INFO ] 2023-03-29 16:01:54.273 [main] Loggerload - [@arrays, @scenario_002] : User validate Arrays using list page
[INFO ] 2023-03-29 16:01:54.275 [main] Loggerload - -----------------------------------------------------------------------------------------------
[INFO ] 2023-03-29 16:01:54.329 [main] Loggerload - Before click Arrays Using List link
[INFO ] 2023-03-29 16:01:55.623 [main] Loggerload - Click on dsIntro Try here>>> link
[INFO ] 2023-03-29 16:01:55.859 [main] Loggerload - Before entering text in  input field
[INFO ] 2023-03-29 16:01:55.878 [main] Loggerload - Before sending keys to 
[INFO ] 2023-03-29 16:01:57.213 [main] Loggerload - Click on dsIntro Run button
]]></system-out>
  </testcase>
  <testcase name="runScenario[&quot;User validate Basic Operations in list page&quot;, &quot;Optional[Array]&quot;](21)" classname="com.Runner.Testrunnertestng" time="3.055">
    <system-out><![CDATA[[INFO ] 2023-03-29 16:01:57.381 [main] Loggerload - ===============================================================================================
[INFO ] 2023-03-29 16:01:57.381 [main] Loggerload - [@arrays, @scenario_003] : User validate Basic Operations in list page
[INFO ] 2023-03-29 16:01:57.381 [main] Loggerload - -----------------------------------------------------------------------------------------------
[INFO ] 2023-03-29 16:01:57.414 [main] Loggerload - Before click Basic Operations in Lists link
[INFO ] 2023-03-29 16:01:58.681 [main] Loggerload - Click on dsIntro Try here>>> link
[INFO ] 2023-03-29 16:01:58.922 [main] Loggerload - Before entering text in  input field
[INFO ] 2023-03-29 16:01:58.937 [main] Loggerload - Before sending keys to 
[INFO ] 2023-03-29 16:02:00.290 [main] Loggerload - Click on dsIntro Run button
]]></system-out>
  </testcase>
  <testcase name="runScenario[&quot;User validate Applications of Array page&quot;, &quot;Optional[Array]&quot;](22)" classname="com.Runner.Testrunnertestng" time="3.249">
    <system-out><![CDATA[[INFO ] 2023-03-29 16:02:00.439 [main] Loggerload - ===============================================================================================
[INFO ] 2023-03-29 16:02:00.440 [main] Loggerload - [@arrays, @scenario_004] : User validate Applications of Array page
[INFO ] 2023-03-29 16:02:00.440 [main] Loggerload - -----------------------------------------------------------------------------------------------
[INFO ] 2023-03-29 16:02:00.477 [main] Loggerload - Before click Applications of Array  link
[INFO ] 2023-03-29 16:02:01.730 [main] Loggerload - Click on dsIntro Try here>>> link
[INFO ] 2023-03-29 16:02:01.961 [main] Loggerload - Before entering text in  input field
[INFO ] 2023-03-29 16:02:01.979 [main] Loggerload - Before sending keys to 
[INFO ] 2023-03-29 16:02:03.294 [main] Loggerload - Click on dsIntro Run button
[INFO ] 2023-03-29 16:02:03.485 [main] Loggerload - Before click Practice Questions  link
]]></system-out>
  </testcase>
  <testcase name="runScenario[&quot;User validate Search the array page&quot;, &quot;Optional[Array]&quot;](23)" classname="com.Runner.Testrunnertestng" time="3.458">
    <system-out><![CDATA[[INFO ] 2023-03-29 16:02:03.687 [main] Loggerload - ===============================================================================================
[INFO ] 2023-03-29 16:02:03.687 [main] Loggerload - [@arrays, @scenario_005] : User validate Search the array page
[INFO ] 2023-03-29 16:02:03.687 [main] Loggerload - -----------------------------------------------------------------------------------------------
[INFO ] 2023-03-29 16:02:03.720 [main] Loggerload - Before click Search the array link
[INFO ] 2023-03-29 16:02:03.951 [main] Loggerload - Clearing text in editor
[INFO ] 2023-03-29 16:02:04.809 [main] Loggerload - Clearing text before entering code in  enterCodePractice
[INFO ] 2023-03-29 16:02:05.964 [main] Loggerload - Expected result from Excel sheetname pythonCode and 2 : Element Found
[INFO ] 2023-03-29 16:02:06.991 [main] Loggerload - Click on dsIntro Run button
]]></system-out>
  </testcase>
  <testcase name="runScenario[&quot;User validate Max Consecutive Ones page&quot;, &quot;Optional[Array]&quot;](24)" classname="com.Runner.Testrunnertestng" time="3.168">
    <system-out><![CDATA[[INFO ] 2023-03-29 16:02:07.147 [main] Loggerload - ===============================================================================================
[INFO ] 2023-03-29 16:02:07.147 [main] Loggerload - [@arrays, @scenario_006] : User validate Max Consecutive Ones page
[INFO ] 2023-03-29 16:02:07.147 [main] Loggerload - -----------------------------------------------------------------------------------------------
[INFO ] 2023-03-29 16:02:07.179 [main] Loggerload - Before click Max Consecutive Ones link
[INFO ] 2023-03-29 16:02:07.421 [main] Loggerload - Clearing text in editor
[INFO ] 2023-03-29 16:02:07.522 [main] Loggerload - Clearing text before entering code in  enterCodePractice
[INFO ] 2023-03-29 16:02:09.107 [main] Loggerload - Expected result from Excel sheetname pythonCode and 4 : 2
[INFO ] 2023-03-29 16:02:10.136 [main] Loggerload - Click on dsIntro Run button
]]></system-out>
  </testcase>
  <testcase name="runScenario[&quot;User validate Even Number page&quot;, &quot;Optional[Array]&quot;](25)" classname="com.Runner.Testrunnertestng" time="2.682">
    <system-out><![CDATA[[INFO ] 2023-03-29 16:02:10.315 [main] Loggerload - ===============================================================================================
[INFO ] 2023-03-29 16:02:10.315 [main] Loggerload - [@arrays, @scenario_007] : User validate Even Number page
[INFO ] 2023-03-29 16:02:10.315 [main] Loggerload - -----------------------------------------------------------------------------------------------
[INFO ] 2023-03-29 16:02:10.344 [main] Loggerload - Before click Find Numbers with Even Number of Digits link
[INFO ] 2023-03-29 16:02:10.551 [main] Loggerload - Clearing text in editor
[INFO ] 2023-03-29 16:02:10.655 [main] Loggerload - Clearing text before entering code in  enterCodePractice
[INFO ] 2023-03-29 16:02:11.789 [main] Loggerload - Expected result from Excel sheetname pythonCode and 6 : 2
[INFO ] 2023-03-29 16:02:12.826 [main] Loggerload - Click on dsIntro Run button
]]></system-out>
  </testcase>
  <testcase name="runScenario[&quot;User validate Sorted Array page&quot;, &quot;Optional[Array]&quot;](26)" classname="com.Runner.Testrunnertestng" time="3.034">
    <system-out><![CDATA[[INFO ] 2023-03-29 16:02:12.996 [main] Loggerload - ===============================================================================================
[INFO ] 2023-03-29 16:02:12.996 [main] Loggerload - [@arrays, @scenario_008] : User validate Sorted Array page
[INFO ] 2023-03-29 16:02:12.996 [main] Loggerload - -----------------------------------------------------------------------------------------------
[INFO ] 2023-03-29 16:02:13.028 [main] Loggerload - Before click Squares of a Sorted Array link
[INFO ] 2023-03-29 16:02:13.276 [main] Loggerload - Clearing text in editor
[INFO ] 2023-03-29 16:02:13.373 [main] Loggerload - Clearing text before entering code in  enterCodePractice
[INFO ] 2023-03-29 16:02:14.783 [main] Loggerload - Expected result from Excel sheetname pythonCode and 8 : [4, 9, 9, 49, 121]
[INFO ] 2023-03-29 16:02:15.811 [main] Loggerload - Click on dsIntro Run button
]]></system-out>
  </testcase>
  <testcase name="runScenario[&quot;The user is able to submit code in tryEditor for Search the array link&quot;, &quot;Optional[Array]&quot;](27)" classname="com.Runner.Testrunnertestng" time="2.091">
    <failure message="Result do not match expected [submission success] but found [ Some Tests failed. Please review code]" type="java.lang.AssertionError"><![CDATA[java.lang.AssertionError: Result do not match expected [submission success] but found [ Some Tests failed. Please review code]
]]></failure>
    <system-out><![CDATA[[INFO ] 2023-03-29 16:02:16.032 [main] Loggerload - ===============================================================================================
[INFO ] 2023-03-29 16:02:16.032 [main] Loggerload - [@arrays, @scenario_009] : The user is able to submit code in tryEditor for Search the array link
[INFO ] 2023-03-29 16:02:16.033 [main] Loggerload - -----------------------------------------------------------------------------------------------
[INFO ] 2023-03-29 16:02:16.034 [main] Loggerload - The user is on Questionpage of Search the array after logged in
[INFO ] 2023-03-29 16:02:16.139 [main] Loggerload - The user enter valid python code in tryEditor from sheetname :pythonCode and row number : 3
[INFO ] 2023-03-29 16:02:16.212 [main] Loggerload - Clearing text before entering code in  enterCodePractice
[INFO ] 2023-03-29 16:02:17.324 [main] Loggerload - Expected result from Excel sheetname pythonCode and 3 : submission success
[INFO ] 2023-03-29 16:02:17.324 [main] Loggerload - Click on Submit button
[INFO ] 2023-03-29 16:02:17.992 [main] Loggerload - Actual result of successful submission message : Some Tests failed. Please review code
[ERROR] 2023-03-29 16:02:17.994 [main] Loggerload - Steps Failed , Taking Screenshot
]]></system-out>
  </testcase>
  <testcase name="runScenario[&quot;User validate Max Consecutive Ones page&quot;, &quot;Optional[Array]&quot;](28)" classname="com.Runner.Testrunnertestng" time="2.979">
    <system-out><![CDATA[[INFO ] 2023-03-29 16:02:18.120 [main] Loggerload - ===============================================================================================
[INFO ] 2023-03-29 16:02:18.120 [main] Loggerload - [@arrays, @scenario_010] : User validate Max Consecutive Ones page
[INFO ] 2023-03-29 16:02:18.120 [main] Loggerload - -----------------------------------------------------------------------------------------------
[INFO ] 2023-03-29 16:02:18.121 [main] Loggerload - The user is on Questionpage of Max Consecutive Ones after logged in
[INFO ] 2023-03-29 16:02:18.228 [main] Loggerload - The user enter valid python code in tryEditor from sheetname :pythonCode and row number : 4
[INFO ] 2023-03-29 16:02:18.318 [main] Loggerload - Clearing text before entering code in  enterCodePractice
[INFO ] 2023-03-29 16:02:19.879 [main] Loggerload - Expected result from Excel sheetname pythonCode and 4 : 2
[INFO ] 2023-03-29 16:02:20.917 [main] Loggerload - Click on dsIntro Run button
[INFO ] 2023-03-29 16:02:21.094 [main] Loggerload - Actual result  : 2
]]></system-out>
  </testcase>
  <testcase name="runScenario[&quot;The user is able to submit code in tryEditor for Max Consecutive Ones&quot;, &quot;Optional[Array]&quot;](29)" classname="com.Runner.Testrunnertestng" time="2.543">
    <failure message="Result do not match expected [submission success] but found [ Some Tests failed. Please review code]" type="java.lang.AssertionError"><![CDATA[java.lang.AssertionError: Result do not match expected [submission success] but found [ Some Tests failed. Please review code]
]]></failure>
    <system-out><![CDATA[[INFO ] 2023-03-29 16:02:21.099 [main] Loggerload - ===============================================================================================
[INFO ] 2023-03-29 16:02:21.099 [main] Loggerload - [@arrays, @scenario_011] : The user is able to submit code in tryEditor for Max Consecutive Ones
[INFO ] 2023-03-29 16:02:21.099 [main] Loggerload - -----------------------------------------------------------------------------------------------
[INFO ] 2023-03-29 16:02:21.100 [main] Loggerload - The user is on Questionpage of Max Consecutive Ones after logged in
[INFO ] 2023-03-29 16:02:21.196 [main] Loggerload - The user enter valid python code in tryEditor from sheetname :pythonCode and row number : 5
[INFO ] 2023-03-29 16:02:21.283 [main] Loggerload - Clearing text before entering code in  enterCodePractice
[INFO ] 2023-03-29 16:02:22.853 [main] Loggerload - Expected result from Excel sheetname pythonCode and 5 : submission success
[INFO ] 2023-03-29 16:02:22.859 [main] Loggerload - Click on Submit button
[INFO ] 2023-03-29 16:02:23.501 [main] Loggerload - Actual result of successful submission message : Some Tests failed. Please review code
[ERROR] 2023-03-29 16:02:23.502 [main] Loggerload - Steps Failed , Taking Screenshot
]]></system-out>
  </testcase>
  <testcase name="runScenario[&quot;User validate Even Number page&quot;, &quot;Optional[Array]&quot;](30)" classname="com.Runner.Testrunnertestng" time="2.544">
    <system-out><![CDATA[[INFO ] 2023-03-29 16:02:23.645 [main] Loggerload - ===============================================================================================
[INFO ] 2023-03-29 16:02:23.645 [main] Loggerload - [@arrays, @scenario_012] : User validate Even Number page
[INFO ] 2023-03-29 16:02:23.645 [main] Loggerload - -----------------------------------------------------------------------------------------------
[INFO ] 2023-03-29 16:02:23.646 [main] Loggerload - The user is on Questionpage of Find Numbers with Even Number of Digits after logged in
[INFO ] 2023-03-29 16:02:23.747 [main] Loggerload - Clearing text in editor
[INFO ] 2023-03-29 16:02:23.825 [main] Loggerload - Clearing text before entering code in  enterCodePractice
[INFO ] 2023-03-29 16:02:24.969 [main] Loggerload - Expected result from Excel sheetname pythonCode and 6 : 2
[INFO ] 2023-03-29 16:02:26.007 [main] Loggerload - Click on dsIntro Run button
[INFO ] 2023-03-29 16:02:26.182 [main] Loggerload - Actual result  : 2
]]></system-out>
  </testcase>
  <testcase name="runScenario[&quot;The user is able to submit code in tryEditor for Find Numbers with Even Number of Digits&quot;, &quot;Optional[Array]&quot;](31)" classname="com.Runner.Testrunnertestng" time="2.101">
    <failure message="Result do not match expected [submission success] but found [Error occurred during submission]" type="java.lang.AssertionError"><![CDATA[java.lang.AssertionError: Result do not match expected [submission success] but found [Error occurred during submission]
]]></failure>
    <system-out><![CDATA[[INFO ] 2023-03-29 16:02:26.185 [main] Loggerload - ===============================================================================================
[INFO ] 2023-03-29 16:02:26.186 [main] Loggerload - [@arrays, @scenario_013] : The user is able to submit code in tryEditor for Find Numbers with Even Number of Digits
[INFO ] 2023-03-29 16:02:26.186 [main] Loggerload - -----------------------------------------------------------------------------------------------
[INFO ] 2023-03-29 16:02:26.186 [main] Loggerload - The user is on Questionpage of Find Numbers with Even Number of Digits after logged in
[INFO ] 2023-03-29 16:02:26.277 [main] Loggerload - The user enter valid python code in tryEditor from sheetname :pythonCode and row number : 7
[INFO ] 2023-03-29 16:02:26.350 [main] Loggerload - Clearing text before entering code in  enterCodePractice
[INFO ] 2023-03-29 16:02:27.510 [main] Loggerload - Expected result from Excel sheetname pythonCode and 7 : submission success
[INFO ] 2023-03-29 16:02:27.511 [main] Loggerload - Click on Submit button
[INFO ] 2023-03-29 16:02:28.158 [main] Loggerload - Actual result of successful submission message :Error occurred during submission
[ERROR] 2023-03-29 16:02:28.159 [main] Loggerload - Steps Failed , Taking Screenshot
]]></system-out>
  </testcase>
  <testcase name="runScenario[&quot;User validate Sorted Array page&quot;, &quot;Optional[Array]&quot;](32)" classname="com.Runner.Testrunnertestng" time="2.795">
    <system-out><![CDATA[[INFO ] 2023-03-29 16:02:28.287 [main] Loggerload - ===============================================================================================
[INFO ] 2023-03-29 16:02:28.288 [main] Loggerload - [@arrays, @scenario_014] : User validate Sorted Array page
[INFO ] 2023-03-29 16:02:28.288 [main] Loggerload - -----------------------------------------------------------------------------------------------
[INFO ] 2023-03-29 16:02:28.288 [main] Loggerload - The user is on Questionpage of Squares of a Sorted Array after logged in
[INFO ] 2023-03-29 16:02:28.396 [main] Loggerload - Clearing text in editor
[INFO ] 2023-03-29 16:02:28.516 [main] Loggerload - Clearing text before entering code in  enterCodePractice
[INFO ] 2023-03-29 16:02:29.874 [main] Loggerload - Expected result from Excel sheetname pythonCode and 8 : [4, 9, 9, 49, 121]
[INFO ] 2023-03-29 16:02:30.901 [main] Loggerload - Click on dsIntro Run button
[INFO ] 2023-03-29 16:02:31.078 [main] Loggerload - Actual result  : [4, 9, 9, 49, 121]
]]></system-out>
  </testcase>
  <testcase name="runScenario[&quot;The user is able to submit code in tryEditor for Squares of a Sorted Array&quot;, &quot;Optional[Array]&quot;](33)" classname="com.Runner.Testrunnertestng" time="2.345">
    <failure message="Result do not match expected [submission success] but found [ No tests were collected]" type="java.lang.AssertionError"><![CDATA[java.lang.AssertionError: Result do not match expected [submission success] but found [ No tests were collected]
]]></failure>
    <system-out><![CDATA[[INFO ] 2023-03-29 16:02:31.086 [main] Loggerload - ===============================================================================================
[INFO ] 2023-03-29 16:02:31.086 [main] Loggerload - [@arrays, @scenario_015] : The user is able to submit code in tryEditor for Squares of a Sorted Array
[INFO ] 2023-03-29 16:02:31.086 [main] Loggerload - -----------------------------------------------------------------------------------------------
[INFO ] 2023-03-29 16:02:31.087 [main] Loggerload - The user is on Questionpage of Squares of a Sorted Array after logged in
[INFO ] 2023-03-29 16:02:31.201 [main] Loggerload - The user enter valid python code in tryEditor from sheetname :pythonCode and row number : 9
[INFO ] 2023-03-29 16:02:31.269 [main] Loggerload - Clearing text before entering code in  enterCodePractice
[INFO ] 2023-03-29 16:02:32.659 [main] Loggerload - Expected result from Excel sheetname pythonCode and 9 : submission success
[INFO ] 2023-03-29 16:02:32.659 [main] Loggerload - Click on Submit button
[INFO ] 2023-03-29 16:02:33.289 [main] Loggerload - Actual result of successful submission message : No tests were collected
[ERROR] 2023-03-29 16:02:33.290 [main] Loggerload - Steps Failed , Taking Screenshot
]]></system-out>
  </testcase>
  <testcase name="runScenario[&quot;The user is presented with error message for code with invalid syntax in tryEditor for Arrays in Python page&quot;, &quot;Optional[Array]&quot;](34)" classname="com.Runner.Testrunnertestng" time="0.574">
    <system-out><![CDATA[[INFO ] 2023-03-29 16:02:33.427 [main] Loggerload - ===============================================================================================
[INFO ] 2023-03-29 16:02:33.427 [main] Loggerload - [@arrays, @scenario_016] : The user is presented with error message for code with invalid syntax in tryEditor for Arrays in Python page
[INFO ] 2023-03-29 16:02:33.427 [main] Loggerload - -----------------------------------------------------------------------------------------------
[INFO ] 2023-03-29 16:02:33.541 [main] Loggerload - User redirected to a page having an tryEditor with a Run button to test
[INFO ] 2023-03-29 16:02:33.547 [main] Loggerload - Title of current page is : Assessment
[INFO ] 2023-03-29 16:02:33.549 [main] Loggerload - The user enter valid python code in tryEditor from sheetname :pythonCode and row number : 1
[INFO ] 2023-03-29 16:02:33.549 [main] Loggerload - Clearing text in editor
[INFO ] 2023-03-29 16:02:33.616 [main] Loggerload - Before sending keys to 
[INFO ] 2023-03-29 16:02:33.820 [main] Loggerload - Expected result from Excel sheetname pythonCode and 1 : hello
[INFO ] 2023-03-29 16:02:33.845 [main] Loggerload - Before click Run  button
[INFO ] 2023-03-29 16:02:33.995 [main] Loggerload - Actual Error message is  : NameError: name 'hello' is not defined on line 1
]]></system-out>
  </testcase>
  <testcase name="runScenario[&quot;The user is presented with error message for code with invalid syntax in tryEditor for Search the array link&quot;, &quot;Optional[Array]&quot;](35)" classname="com.Runner.Testrunnertestng" time="0.583">
    <system-out><![CDATA[[INFO ] 2023-03-29 16:02:34.001 [main] Loggerload - ===============================================================================================
[INFO ] 2023-03-29 16:02:34.001 [main] Loggerload - [@arrays, @scenario_017] : The user is presented with error message for code with invalid syntax in tryEditor for Search the array link
[INFO ] 2023-03-29 16:02:34.001 [main] Loggerload - -----------------------------------------------------------------------------------------------
[INFO ] 2023-03-29 16:02:34.002 [main] Loggerload - The user is on Questionpage of Search the array after logged in
[INFO ] 2023-03-29 16:02:34.099 [main] Loggerload - The user enter valid python code in tryEditor from sheetname :pythonCode and row number : 1
[INFO ] 2023-03-29 16:02:34.099 [main] Loggerload - Clearing text in editor
[INFO ] 2023-03-29 16:02:34.180 [main] Loggerload - Before sending keys to 
[INFO ] 2023-03-29 16:02:34.422 [main] Loggerload - Expected result from Excel sheetname pythonCode and 1 : hello
[INFO ] 2023-03-29 16:02:34.447 [main] Loggerload - Before click Run  button
[INFO ] 2023-03-29 16:02:34.573 [main] Loggerload - Invalid code is taken from excel and clicked on run button
[INFO ] 2023-03-29 16:02:34.580 [main] Loggerload - Error message for invalid python code is -NameError: name 'hello' is not defined on line 1
]]></system-out>
  </testcase>
  <testcase name="runScenario[&quot;The user is presented with error message for invalid code in tryEditor for Max Consecutive Ones&quot;, &quot;Optional[Array]&quot;](36)" classname="com.Runner.Testrunnertestng" time="0.523">
    <system-out><![CDATA[[INFO ] 2023-03-29 16:02:34.585 [main] Loggerload - ===============================================================================================
[INFO ] 2023-03-29 16:02:34.586 [main] Loggerload - [@arrays, @scenario_017] : The user is presented with error message for invalid code in tryEditor for Max Consecutive Ones
[INFO ] 2023-03-29 16:02:34.586 [main] Loggerload - -----------------------------------------------------------------------------------------------
[INFO ] 2023-03-29 16:02:34.586 [main] Loggerload - The user is on Questionpage of Max Consecutive Ones after logged in
[INFO ] 2023-03-29 16:02:34.694 [main] Loggerload - The user enter valid python code in tryEditor from sheetname :pythonCode and row number : 1
[INFO ] 2023-03-29 16:02:34.694 [main] Loggerload - Clearing text in editor
[INFO ] 2023-03-29 16:02:34.762 [main] Loggerload - Before sending keys to 
[INFO ] 2023-03-29 16:02:34.948 [main] Loggerload - Expected result from Excel sheetname pythonCode and 1 : hello
[INFO ] 2023-03-29 16:02:34.971 [main] Loggerload - Before click Run  button
[INFO ] 2023-03-29 16:02:35.094 [main] Loggerload - Invalid code is taken from excel and clicked on run button
[INFO ] 2023-03-29 16:02:35.102 [main] Loggerload - Error message for invalid python code is -NameError: name 'hello' is not defined on line 1
]]></system-out>
  </testcase>
  <testcase name="runScenario[&quot;The user is presented with error message for code with invalid syntax in tryEditor for Find Numbers with Even Number of Digits&quot;, &quot;Optional[Array]&quot;](37)" classname="com.Runner.Testrunnertestng" time="0.562">
    <system-out><![CDATA[[INFO ] 2023-03-29 16:02:35.109 [main] Loggerload - ===============================================================================================
[INFO ] 2023-03-29 16:02:35.109 [main] Loggerload - [@arrays, @scenario_018] : The user is presented with error message for code with invalid syntax in tryEditor for Find Numbers with Even Number of Digits
[INFO ] 2023-03-29 16:02:35.109 [main] Loggerload - -----------------------------------------------------------------------------------------------
[INFO ] 2023-03-29 16:02:35.110 [main] Loggerload - The user is on Questionpage of Find Numbers with Even Number of Digits after logged in
[INFO ] 2023-03-29 16:02:35.233 [main] Loggerload - The user enter valid python code in tryEditor from sheetname :pythonCode and row number : 1
[INFO ] 2023-03-29 16:02:35.233 [main] Loggerload - Clearing text in editor
[INFO ] 2023-03-29 16:02:35.297 [main] Loggerload - Before sending keys to 
[INFO ] 2023-03-29 16:02:35.499 [main] Loggerload - Expected result from Excel sheetname pythonCode and 1 : hello
[INFO ] 2023-03-29 16:02:35.523 [main] Loggerload - Before click Run  button
[INFO ] 2023-03-29 16:02:35.658 [main] Loggerload - Invalid code is taken from excel and clicked on run button
[INFO ] 2023-03-29 16:02:35.666 [main] Loggerload - Error message for invalid python code is -NameError: name 'hello' is not defined on line 1
]]></system-out>
  </testcase>
  <testcase name="runScenario[&quot;The user is presented with error message for code with invalid syntax in tryEditor for Squares of a Sorted Array&quot;, &quot;Optional[Array]&quot;](38)" classname="com.Runner.Testrunnertestng" time="0.633">
    <system-out><![CDATA[[INFO ] 2023-03-29 16:02:35.669 [main] Loggerload - ===============================================================================================
[INFO ] 2023-03-29 16:02:35.671 [main] Loggerload - [@arrays, @scenario_019] : The user is presented with error message for code with invalid syntax in tryEditor for Squares of a Sorted Array
[INFO ] 2023-03-29 16:02:35.671 [main] Loggerload - -----------------------------------------------------------------------------------------------
[INFO ] 2023-03-29 16:02:35.671 [main] Loggerload - The user is on Questionpage of Squares of a Sorted Array after logged in
[INFO ] 2023-03-29 16:02:35.767 [main] Loggerload - The user enter valid python code in tryEditor from sheetname :pythonCode and row number : 1
[INFO ] 2023-03-29 16:02:35.767 [main] Loggerload - Clearing text in editor
[INFO ] 2023-03-29 16:02:35.832 [main] Loggerload - Before sending keys to 
[INFO ] 2023-03-29 16:02:36.037 [main] Loggerload - Expected result from Excel sheetname pythonCode and 1 : hello
[INFO ] 2023-03-29 16:02:36.063 [main] Loggerload - Before click Run  button
[INFO ] 2023-03-29 16:02:36.209 [main] Loggerload - Invalid code is taken from excel and clicked on run button
[INFO ] 2023-03-29 16:02:36.217 [main] Loggerload - Error message for invalid python code is -NameError: name 'hello' is not defined on line 1
]]></system-out>
  </testcase>
  <testcase name="runScenario[&quot;validating Linked List introduction page&quot;, &quot;Optional[LinkedList]&quot;](39)" classname="com.Runner.Testrunnertestng" time="3.442">
    <system-out><![CDATA[[INFO ] 2023-03-29 16:02:36.306 [main] Loggerload - ===============================================================================================
[INFO ] 2023-03-29 16:02:36.306 [main] Loggerload - [@linkedlist, @linkedlist] : validating Linked List introduction page
[INFO ] 2023-03-29 16:02:36.306 [main] Loggerload - -----------------------------------------------------------------------------------------------
[INFO ] 2023-03-29 16:02:36.349 [main] Loggerload - Click on LinkedList Get Started button
[INFO ] 2023-03-29 16:02:36.613 [main] Loggerload - Click on LinkedList Introduction link
[INFO ] 2023-03-29 16:02:37.853 [main] Loggerload - Click on dsIntro Try here>>> link
[INFO ] 2023-03-29 16:02:38.137 [main] Loggerload - Before entering text in  input field
[INFO ] 2023-03-29 16:02:38.149 [main] Loggerload - Before sending keys to 
[INFO ] 2023-03-29 16:02:39.480 [main] Loggerload - Click on dsIntro Run button
]]></system-out>
  </testcase>
  <testcase name="runScenario[&quot;User validate Creating Linked List page&quot;, &quot;Optional[LinkedList]&quot;](40)" classname="com.Runner.Testrunnertestng" time="3.091">
    <system-out><![CDATA[[INFO ] 2023-03-29 16:02:39.747 [main] Loggerload - ===============================================================================================
[INFO ] 2023-03-29 16:02:39.747 [main] Loggerload - [@linkedlist, @linkedlist] : User validate Creating Linked List page
[INFO ] 2023-03-29 16:02:39.747 [main] Loggerload - -----------------------------------------------------------------------------------------------
[INFO ] 2023-03-29 16:02:39.775 [main] Loggerload - Click on LinkedList Creating Linked LIst link
[INFO ] 2023-03-29 16:02:41.015 [main] Loggerload - Click on dsIntro Try here>>> link
[INFO ] 2023-03-29 16:02:41.275 [main] Loggerload - sending text on  input field
[INFO ] 2023-03-29 16:02:41.291 [main] Loggerload - Before sending keys to 
[INFO ] 2023-03-29 16:02:42.625 [main] Loggerload - Click on dsIntro Run button
]]></system-out>
  </testcase>
  <testcase name="runScenario[&quot;User validate Types of Linked List page&quot;, &quot;Optional[LinkedList]&quot;](41)" classname="com.Runner.Testrunnertestng" time="3.093">
    <system-out><![CDATA[[INFO ] 2023-03-29 16:02:42.839 [main] Loggerload - ===============================================================================================
[INFO ] 2023-03-29 16:02:42.839 [main] Loggerload - [@linkedlist, @linkedlist] : User validate Types of Linked List page
[INFO ] 2023-03-29 16:02:42.839 [main] Loggerload - -----------------------------------------------------------------------------------------------
[INFO ] 2023-03-29 16:02:42.866 [main] Loggerload - Click on LinkedList Types of Linked List link
[INFO ] 2023-03-29 16:02:44.145 [main] Loggerload - Click on dsIntro Try here>>> link
[INFO ] 2023-03-29 16:02:44.373 [main] Loggerload - sending text on  input field
[INFO ] 2023-03-29 16:02:44.390 [main] Loggerload - Before sending keys to 
[INFO ] 2023-03-29 16:02:45.707 [main] Loggerload - Click on dsIntro Run button
]]></system-out>
  </testcase>
  <testcase name="runScenario[&quot;User validate Implement Linked List in Python page&quot;, &quot;Optional[LinkedList]&quot;](42)" classname="com.Runner.Testrunnertestng" time="3.12">
    <system-out><![CDATA[[INFO ] 2023-03-29 16:02:45.930 [main] Loggerload - ===============================================================================================
[INFO ] 2023-03-29 16:02:45.931 [main] Loggerload - [@linkedlist, @linkedlist] : User validate Implement Linked List in Python page
[INFO ] 2023-03-29 16:02:45.931 [main] Loggerload - -----------------------------------------------------------------------------------------------
[INFO ] 2023-03-29 16:02:45.964 [main] Loggerload - Click on LinkedList Implement Linked List in Python link
[INFO ] 2023-03-29 16:02:47.208 [main] Loggerload - Click on dsIntro Try here>>> link
[INFO ] 2023-03-29 16:02:47.451 [main] Loggerload - sending text on  input field
[INFO ] 2023-03-29 16:02:47.469 [main] Loggerload - Before sending keys to 
[INFO ] 2023-03-29 16:02:48.827 [main] Loggerload - Click on dsIntro Run button
]]></system-out>
  </testcase>
  <testcase name="runScenario[&quot;User validate Traversal page&quot;, &quot;Optional[LinkedList]&quot;](43)" classname="com.Runner.Testrunnertestng" time="3.021">
    <system-out><![CDATA[[INFO ] 2023-03-29 16:02:49.052 [main] Loggerload - ===============================================================================================
[INFO ] 2023-03-29 16:02:49.052 [main] Loggerload - [@linkedlist, @linkedlist] : User validate Traversal page
[INFO ] 2023-03-29 16:02:49.053 [main] Loggerload - -----------------------------------------------------------------------------------------------
[INFO ] 2023-03-29 16:02:49.091 [main] Loggerload - Click on LinkedList Traversal link
[INFO ] 2023-03-29 16:02:50.327 [main] Loggerload - Click on dsIntro Try here>>> link
[INFO ] 2023-03-29 16:02:50.568 [main] Loggerload - sending text on  input field
[INFO ] 2023-03-29 16:02:50.585 [main] Loggerload - Before sending keys to 
[INFO ] 2023-03-29 16:02:51.838 [main] Loggerload - Click on dsIntro Run button
]]></system-out>
  </testcase>
  <testcase name="runScenario[&quot;User validate Insertion page&quot;, &quot;Optional[LinkedList]&quot;](44)" classname="com.Runner.Testrunnertestng" time="3.046">
    <system-out><![CDATA[[INFO ] 2023-03-29 16:02:52.073 [main] Loggerload - ===============================================================================================
[INFO ] 2023-03-29 16:02:52.073 [main] Loggerload - [@linkedlist, @linkedlist] : User validate Insertion page
[INFO ] 2023-03-29 16:02:52.073 [main] Loggerload - -----------------------------------------------------------------------------------------------
[INFO ] 2023-03-29 16:02:52.106 [main] Loggerload - Click on LinkedList Insertion link
[INFO ] 2023-03-29 16:02:53.373 [main] Loggerload - Click on dsIntro Try here>>> link
[INFO ] 2023-03-29 16:02:53.607 [main] Loggerload - sending text on  input field
[INFO ] 2023-03-29 16:02:53.624 [main] Loggerload - Before sending keys to 
[INFO ] 2023-03-29 16:02:54.880 [main] Loggerload - Click on dsIntro Run button
]]></system-out>
  </testcase>
  <testcase name="runScenario[&quot;User validate Deletion page&quot;, &quot;Optional[LinkedList]&quot;](45)" classname="com.Runner.Testrunnertestng" time="3.077">
    <system-out><![CDATA[[INFO ] 2023-03-29 16:02:55.120 [main] Loggerload - ===============================================================================================
[INFO ] 2023-03-29 16:02:55.120 [main] Loggerload - [@linkedlist, @linkedlist] : User validate Deletion page
[INFO ] 2023-03-29 16:02:55.120 [main] Loggerload - -----------------------------------------------------------------------------------------------
[INFO ] 2023-03-29 16:02:55.147 [main] Loggerload - Click on LinkedList Deletion link
[INFO ] 2023-03-29 16:02:56.376 [main] Loggerload - Click on dsIntro Try here>>> link
[INFO ] 2023-03-29 16:02:56.611 [main] Loggerload - sending text on  input field
[INFO ] 2023-03-29 16:02:56.629 [main] Loggerload - Before sending keys to 
[INFO ] 2023-03-29 16:02:57.891 [main] Loggerload - Click on dsIntro Run button
]]></system-out>
  </testcase>
  <testcase name="runScenario[&quot;User validate Stack Main page&quot;, &quot;Optional[Stack]&quot;](46)" classname="com.Runner.Testrunnertestng" time="3.081">
    <system-out><![CDATA[[INFO ] 2023-03-29 16:02:58.201 [main] Loggerload - ===============================================================================================
[INFO ] 2023-03-29 16:02:58.201 [main] Loggerload - [@stack] : User validate Stack Main page
[INFO ] 2023-03-29 16:02:58.202 [main] Loggerload - -----------------------------------------------------------------------------------------------
[INFO ] 2023-03-29 16:02:59.559 [main] Loggerload - Click on dsIntro Try here>>> link
[INFO ] 2023-03-29 16:02:59.805 [main] Loggerload - Entering code on dsIntro  text field
[INFO ] 2023-03-29 16:02:59.821 [main] Loggerload - Before sending keys to 
[INFO ] 2023-03-29 16:03:01.126 [main] Loggerload - Click on dsIntro Run button
]]></system-out>
  </testcase>
  <testcase name="runScenario[&quot;User validate Implementation page&quot;, &quot;Optional[Stack]&quot;](47)" classname="com.Runner.Testrunnertestng" time="2.928">
    <system-out><![CDATA[[INFO ] 2023-03-29 16:03:01.276 [main] Loggerload - ===============================================================================================
[INFO ] 2023-03-29 16:03:01.276 [main] Loggerload - [@stack] : User validate Implementation page
[INFO ] 2023-03-29 16:03:01.276 [main] Loggerload - -----------------------------------------------------------------------------------------------
[INFO ] 2023-03-29 16:03:02.459 [main] Loggerload - Click on dsIntro Try here>>> link
[INFO ] 2023-03-29 16:03:02.720 [main] Loggerload - Entering code on dsIntro  text field
[INFO ] 2023-03-29 16:03:02.737 [main] Loggerload - Before sending keys to 
[INFO ] 2023-03-29 16:03:04.014 [main] Loggerload - Click on dsIntro Run button
]]></system-out>
  </testcase>
  <testcase name="runScenario[&quot;User validate Applications page&quot;, &quot;Optional[Stack]&quot;](48)" classname="com.Runner.Testrunnertestng" time="3.848">
    <system-out><![CDATA[[INFO ] 2023-03-29 16:03:04.205 [main] Loggerload - ===============================================================================================
[INFO ] 2023-03-29 16:03:04.205 [main] Loggerload - [@stack] : User validate Applications page
[INFO ] 2023-03-29 16:03:04.205 [main] Loggerload - -----------------------------------------------------------------------------------------------
[INFO ] 2023-03-29 16:03:06.370 [main] Loggerload - Click on dsIntro Try here>>> link
[INFO ] 2023-03-29 16:03:06.606 [main] Loggerload - Entering code on dsIntro  text field
[INFO ] 2023-03-29 16:03:06.622 [main] Loggerload - Before sending keys to 
[INFO ] 2023-03-29 16:03:07.901 [main] Loggerload - Click on dsIntro Run button
]]></system-out>
  </testcase>
  <testcase name="runScenario[&quot;User validate Practice Questions page&quot;, &quot;Optional[Stack]&quot;](49)" classname="com.Runner.Testrunnertestng" time="0.317">
    <system-out><![CDATA[[INFO ] 2023-03-29 16:03:08.052 [main] Loggerload - ===============================================================================================
[INFO ] 2023-03-29 16:03:08.052 [main] Loggerload - [@stack] : User validate Practice Questions page
[INFO ] 2023-03-29 16:03:08.052 [main] Loggerload - -----------------------------------------------------------------------------------------------
[INFO ] 2023-03-29 16:03:08.088 [main] Loggerload - Before click Practice Questions  link
]]></system-out>
  </testcase>
  <testcase name="runScenario[&quot;User validate Implementation of Queue in Python page&quot;, &quot;Optional[Queue]&quot;](50)" classname="com.Runner.Testrunnertestng" time="3.26">
    <system-out><![CDATA[[INFO ] 2023-03-29 16:03:08.370 [main] Loggerload - ===============================================================================================
[INFO ] 2023-03-29 16:03:08.370 [main] Loggerload - [@queue, @Queue_002] : User validate Implementation of Queue in Python page
[INFO ] 2023-03-29 16:03:08.370 [main] Loggerload - -----------------------------------------------------------------------------------------------
[INFO ] 2023-03-29 16:03:09.836 [main] Loggerload - Click on dsIntro Try here>>> link
[INFO ] 2023-03-29 16:03:10.079 [main] Loggerload - Before entering text in  input field
[INFO ] 2023-03-29 16:03:10.096 [main] Loggerload - Before sending keys to 
[INFO ] 2023-03-29 16:03:11.479 [main] Loggerload - Click on dsIntro Run button
]]></system-out>
  </testcase>
  <testcase name="runScenario[&quot;User validate Implementation using collections.deque page&quot;, &quot;Optional[Queue]&quot;](51)" classname="com.Runner.Testrunnertestng" time="3.102">
    <system-out><![CDATA[[INFO ] 2023-03-29 16:03:11.636 [main] Loggerload - ===============================================================================================
[INFO ] 2023-03-29 16:03:11.636 [main] Loggerload - [@queue, @Queue_003] : User validate Implementation using collections.deque page
[INFO ] 2023-03-29 16:03:11.636 [main] Loggerload - -----------------------------------------------------------------------------------------------
[INFO ] 2023-03-29 16:03:12.932 [main] Loggerload - Click on dsIntro Try here>>> link
[INFO ] 2023-03-29 16:03:13.157 [main] Loggerload - Before entering text in  input field
[INFO ] 2023-03-29 16:03:13.172 [main] Loggerload - Before sending keys to 
[INFO ] 2023-03-29 16:03:14.586 [main] Loggerload - Click on dsIntro Run button
]]></system-out>
  </testcase>
  <testcase name="runScenario[&quot;User validate Implementation using array page&quot;, &quot;Optional[Queue]&quot;](52)" classname="com.Runner.Testrunnertestng" time="3.003">
    <system-out><![CDATA[[INFO ] 2023-03-29 16:03:14.731 [main] Loggerload - ===============================================================================================
[INFO ] 2023-03-29 16:03:14.731 [main] Loggerload - [@queue, @Queue_004] : User validate Implementation using array page
[INFO ] 2023-03-29 16:03:14.731 [main] Loggerload - -----------------------------------------------------------------------------------------------
[INFO ] 2023-03-29 16:03:15.967 [main] Loggerload - Click on dsIntro Try here>>> link
[INFO ] 2023-03-29 16:03:16.201 [main] Loggerload - Before entering text in  input field
[INFO ] 2023-03-29 16:03:16.218 [main] Loggerload - Before sending keys to 
[INFO ] 2023-03-29 16:03:17.585 [main] Loggerload - Click on dsIntro Run button
]]></system-out>
  </testcase>
  <testcase name="runScenario[&quot;User validate Queue Operations page&quot;, &quot;Optional[Queue]&quot;](53)" classname="com.Runner.Testrunnertestng" time="2.973">
    <system-out><![CDATA[[INFO ] 2023-03-29 16:03:17.739 [main] Loggerload - ===============================================================================================
[INFO ] 2023-03-29 16:03:17.739 [main] Loggerload - [@queue, @Queue_005] : User validate Queue Operations page
[INFO ] 2023-03-29 16:03:17.739 [main] Loggerload - -----------------------------------------------------------------------------------------------
[INFO ] 2023-03-29 16:03:18.957 [main] Loggerload - Click on dsIntro Try here>>> link
[INFO ] 2023-03-29 16:03:19.198 [main] Loggerload - Before entering text in  input field
[INFO ] 2023-03-29 16:03:19.219 [main] Loggerload - Before sending keys to 
[INFO ] 2023-03-29 16:03:20.501 [main] Loggerload - Click on dsIntro Run button
]]></system-out>
  </testcase>
  <testcase name="runScenario[&quot;The user is able run code in Editor for Implementation of queue page&quot;, &quot;Optional[Queue]&quot;](54)" classname="com.Runner.Testrunnertestng" time="1.589">
    <system-out><![CDATA[[INFO ] 2023-03-29 16:03:20.707 [main] Loggerload - ===============================================================================================
[INFO ] 2023-03-29 16:03:20.707 [main] Loggerload - [@queue, @Queue_006] : The user is able run code in Editor for Implementation of queue page
[INFO ] 2023-03-29 16:03:20.707 [main] Loggerload - -----------------------------------------------------------------------------------------------
[INFO ] 2023-03-29 16:03:20.797 [main] Loggerload - User is in editor page
[INFO ] 2023-03-29 16:03:20.864 [main] Loggerload - Before sending keys to 
[INFO ] 2023-03-29 16:03:21.117 [main] Loggerload - Expected result from Excel sheetname pythonCode and 0 : hello
[INFO ] 2023-03-29 16:03:22.139 [main] Loggerload - Click on dsIntro Run button
[INFO ] 2023-03-29 16:03:22.265 [main] Loggerload - Expected result - Excel Sheet :  hello
[INFO ] 2023-03-29 16:03:22.293 [main] Loggerload - Actual result  :hello
]]></system-out>
  </testcase>
  <testcase name="runScenario[&quot;The user is presented with error message for invalid code in Editor for Implementation of queue page&quot;, &quot;Optional[Queue]&quot;](55)" classname="com.Runner.Testrunnertestng" time="1.486">
    <system-out><![CDATA[[INFO ] 2023-03-29 16:03:22.296 [main] Loggerload - ===============================================================================================
[INFO ] 2023-03-29 16:03:22.296 [main] Loggerload - [@queue, @Queue_007] : The user is presented with error message for invalid code in Editor for Implementation of queue page
[INFO ] 2023-03-29 16:03:22.296 [main] Loggerload - -----------------------------------------------------------------------------------------------
[INFO ] 2023-03-29 16:03:22.384 [main] Loggerload - User is in editor page
[INFO ] 2023-03-29 16:03:22.438 [main] Loggerload - Before sending keys to 
[INFO ] 2023-03-29 16:03:23.645 [main] Loggerload - Click on dsIntro Run button
[INFO ] 2023-03-29 16:03:23.772 [main] Loggerload - Invalid code is taken from excel and clicked on run button
[INFO ] 2023-03-29 16:03:23.780 [main] Loggerload - Error message for invalid python code is -NameError: name 'hello' is not defined on line 1
]]></system-out>
  </testcase>
  <testcase name="runScenario[&quot;The user is able to navigate to QueueOp page and click on Practice Questions&quot;, &quot;Optional[Queue]&quot;](56)" classname="com.Runner.Testrunnertestng" time="0.316">
    <system-out><![CDATA[[INFO ] 2023-03-29 16:03:23.788 [main] Loggerload - ===============================================================================================
[INFO ] 2023-03-29 16:03:23.788 [main] Loggerload - [@queue, @Queue_008] : The user is able to navigate to QueueOp page and click on Practice Questions
[INFO ] 2023-03-29 16:03:23.788 [main] Loggerload - -----------------------------------------------------------------------------------------------
[INFO ] 2023-03-29 16:03:24.014 [main] Loggerload - User clicked on Practice Questions link
[INFO ] 2023-03-29 16:03:24.021 [main] Loggerload - User is in Practice Questions
]]></system-out>
  </testcase>
  <testcase name="runScenario[&quot;Validate overview of trees link&quot;, &quot;Optional[Tree]&quot;](57)" classname="com.Runner.Testrunnertestng" time="3.229">
    <system-out><![CDATA[[INFO ] 2023-03-29 16:03:24.105 [main] Loggerload - ===============================================================================================
[INFO ] 2023-03-29 16:03:24.105 [main] Loggerload - [@tree, @tree] : Validate overview of trees link
[INFO ] 2023-03-29 16:03:24.105 [main] Loggerload - -----------------------------------------------------------------------------------------------
[INFO ] 2023-03-29 16:03:25.584 [main] Loggerload - Click on dsIntro Try here>>> link
[INFO ] 2023-03-29 16:03:25.817 [main] Loggerload - Before sending keys to 
[INFO ] 2023-03-29 16:03:27.113 [main] Loggerload - Click on dsIntro Run button
]]></system-out>
  </testcase>
  <testcase name="runScenario[&quot;Validate Terminologies link&quot;, &quot;Optional[Tree]&quot;](58)" classname="com.Runner.Testrunnertestng" time="3.137">
    <system-out><![CDATA[[INFO ] 2023-03-29 16:03:27.330 [main] Loggerload - ===============================================================================================
[INFO ] 2023-03-29 16:03:27.331 [main] Loggerload - [@tree, @tree] : Validate Terminologies link
[INFO ] 2023-03-29 16:03:27.331 [main] Loggerload - -----------------------------------------------------------------------------------------------
[INFO ] 2023-03-29 16:03:28.643 [main] Loggerload - Click on dsIntro Try here>>> link
[INFO ] 2023-03-29 16:03:28.883 [main] Loggerload - Before sending keys to 
[INFO ] 2023-03-29 16:03:30.238 [main] Loggerload - Click on dsIntro Run button
]]></system-out>
  </testcase>
  <testcase name="runScenario[&quot;Validate Types of Trees link&quot;, &quot;Optional[Tree]&quot;](59)" classname="com.Runner.Testrunnertestng" time="3.13">
    <system-out><![CDATA[[INFO ] 2023-03-29 16:03:30.469 [main] Loggerload - ===============================================================================================
[INFO ] 2023-03-29 16:03:30.469 [main] Loggerload - [@tree, @tree] : Validate Types of Trees link
[INFO ] 2023-03-29 16:03:30.469 [main] Loggerload - -----------------------------------------------------------------------------------------------
[INFO ] 2023-03-29 16:03:31.733 [main] Loggerload - Click on dsIntro Try here>>> link
[INFO ] 2023-03-29 16:03:31.976 [main] Loggerload - Before sending keys to 
[INFO ] 2023-03-29 16:03:33.342 [main] Loggerload - Click on dsIntro Run button
]]></system-out>
  </testcase>
  <testcase name="runScenario[&quot;Validate Tree Traversals link&quot;, &quot;Optional[Tree]&quot;](60)" classname="com.Runner.Testrunnertestng" time="3.07">
    <system-out><![CDATA[[INFO ] 2023-03-29 16:03:33.599 [main] Loggerload - ===============================================================================================
[INFO ] 2023-03-29 16:03:33.599 [main] Loggerload - [@tree, @tree] : Validate Tree Traversals link
[INFO ] 2023-03-29 16:03:33.599 [main] Loggerload - -----------------------------------------------------------------------------------------------
[INFO ] 2023-03-29 16:03:34.859 [main] Loggerload - Click on dsIntro Try here>>> link
[INFO ] 2023-03-29 16:03:35.092 [main] Loggerload - Before sending keys to 
[INFO ] 2023-03-29 16:03:36.449 [main] Loggerload - Click on dsIntro Run button
]]></system-out>
  </testcase>
  <testcase name="runScenario[&quot;Validate Traversals-Illustration link&quot;, &quot;Optional[Tree]&quot;](61)" classname="com.Runner.Testrunnertestng" time="3.159">
    <system-out><![CDATA[[INFO ] 2023-03-29 16:03:36.670 [main] Loggerload - ===============================================================================================
[INFO ] 2023-03-29 16:03:36.671 [main] Loggerload - [@tree, @tree] : Validate Traversals-Illustration link
[INFO ] 2023-03-29 16:03:36.671 [main] Loggerload - -----------------------------------------------------------------------------------------------
[INFO ] 2023-03-29 16:03:37.945 [main] Loggerload - Click on dsIntro Try here>>> link
[INFO ] 2023-03-29 16:03:38.180 [main] Loggerload - Before sending keys to 
[INFO ] 2023-03-29 16:03:39.607 [main] Loggerload - Click on dsIntro Run button
]]></system-out>
  </testcase>
  <testcase name="runScenario[&quot;Validate Binary Trees link&quot;, &quot;Optional[Tree]&quot;](62)" classname="com.Runner.Testrunnertestng" time="3.101">
    <system-out><![CDATA[[INFO ] 2023-03-29 16:03:39.827 [main] Loggerload - ===============================================================================================
[INFO ] 2023-03-29 16:03:39.827 [main] Loggerload - [@tree, @tree] : Validate Binary Trees link
[INFO ] 2023-03-29 16:03:39.827 [main] Loggerload - -----------------------------------------------------------------------------------------------
[INFO ] 2023-03-29 16:03:41.103 [main] Loggerload - Click on dsIntro Try here>>> link
[INFO ] 2023-03-29 16:03:41.337 [main] Loggerload - Before sending keys to 
[INFO ] 2023-03-29 16:03:42.698 [main] Loggerload - Click on dsIntro Run button
]]></system-out>
  </testcase>
  <testcase name="runScenario[&quot;Validate Types of Binary Trees link&quot;, &quot;Optional[Tree]&quot;](63)" classname="com.Runner.Testrunnertestng" time="3.179">
    <system-out><![CDATA[[INFO ] 2023-03-29 16:03:42.930 [main] Loggerload - ===============================================================================================
[INFO ] 2023-03-29 16:03:42.930 [main] Loggerload - [@tree, @tree] : Validate Types of Binary Trees link
[INFO ] 2023-03-29 16:03:42.930 [main] Loggerload - -----------------------------------------------------------------------------------------------
[INFO ] 2023-03-29 16:03:44.207 [main] Loggerload - Click on dsIntro Try here>>> link
[INFO ] 2023-03-29 16:03:44.458 [main] Loggerload - Before sending keys to 
[INFO ] 2023-03-29 16:03:45.881 [main] Loggerload - Click on dsIntro Run button
]]></system-out>
  </testcase>
  <testcase name="runScenario[&quot;Validate Implementation in Python link&quot;, &quot;Optional[Tree]&quot;](64)" classname="com.Runner.Testrunnertestng" time="3.139">
    <system-out><![CDATA[[INFO ] 2023-03-29 16:03:46.108 [main] Loggerload - ===============================================================================================
[INFO ] 2023-03-29 16:03:46.109 [main] Loggerload - [@tree, @tree] : Validate Implementation in Python link
[INFO ] 2023-03-29 16:03:46.109 [main] Loggerload - -----------------------------------------------------------------------------------------------
[INFO ] 2023-03-29 16:03:47.382 [main] Loggerload - Click on dsIntro Try here>>> link
[INFO ] 2023-03-29 16:03:47.621 [main] Loggerload - Before sending keys to 
[INFO ] 2023-03-29 16:03:49.035 [main] Loggerload - Click on dsIntro Run button
]]></system-out>
  </testcase>
  <testcase name="runScenario[&quot;Validate Binary Tree Traversals link&quot;, &quot;Optional[Tree]&quot;](65)" classname="com.Runner.Testrunnertestng" time="3.094">
    <system-out><![CDATA[[INFO ] 2023-03-29 16:03:49.246 [main] Loggerload - ===============================================================================================
[INFO ] 2023-03-29 16:03:49.246 [main] Loggerload - [@tree, @tree] : Validate Binary Tree Traversals link
[INFO ] 2023-03-29 16:03:49.247 [main] Loggerload - -----------------------------------------------------------------------------------------------
[INFO ] 2023-03-29 16:03:50.497 [main] Loggerload - Click on dsIntro Try here>>> link
[INFO ] 2023-03-29 16:03:50.732 [main] Loggerload - Before sending keys to 
[INFO ] 2023-03-29 16:03:52.120 [main] Loggerload - Click on dsIntro Run button
]]></system-out>
  </testcase>
  <testcase name="runScenario[&quot;Validate Implementation of Binary Trees link&quot;, &quot;Optional[Tree]&quot;](66)" classname="com.Runner.Testrunnertestng" time="3.204">
    <system-out><![CDATA[[INFO ] 2023-03-29 16:03:52.341 [main] Loggerload - ===============================================================================================
[INFO ] 2023-03-29 16:03:52.341 [main] Loggerload - [@tree, @tree] : Validate Implementation of Binary Trees link
[INFO ] 2023-03-29 16:03:52.341 [main] Loggerload - -----------------------------------------------------------------------------------------------
[INFO ] 2023-03-29 16:03:53.591 [main] Loggerload - Click on dsIntro Try here>>> link
[INFO ] 2023-03-29 16:03:53.838 [main] Loggerload - Before sending keys to 
[INFO ] 2023-03-29 16:03:55.303 [main] Loggerload - Click on dsIntro Run button
]]></system-out>
  </testcase>
  <testcase name="runScenario[&quot;Validate Applications of Binary trees link&quot;, &quot;Optional[Tree]&quot;](67)" classname="com.Runner.Testrunnertestng" time="3.177">
    <system-out><![CDATA[[INFO ] 2023-03-29 16:03:55.547 [main] Loggerload - ===============================================================================================
[INFO ] 2023-03-29 16:03:55.547 [main] Loggerload - [@tree, @tree] : Validate Applications of Binary trees link
[INFO ] 2023-03-29 16:03:55.547 [main] Loggerload - -----------------------------------------------------------------------------------------------
[INFO ] 2023-03-29 16:03:56.817 [main] Loggerload - Click on dsIntro Try here>>> link
[INFO ] 2023-03-29 16:03:57.055 [main] Loggerload - Before sending keys to 
[INFO ] 2023-03-29 16:03:58.480 [main] Loggerload - Click on dsIntro Run button
]]></system-out>
  </testcase>
  <testcase name="runScenario[&quot;Validate Binary Search Trees link&quot;, &quot;Optional[Tree]&quot;](68)" classname="com.Runner.Testrunnertestng" time="3.203">
    <system-out><![CDATA[[INFO ] 2023-03-29 16:03:58.724 [main] Loggerload - ===============================================================================================
[INFO ] 2023-03-29 16:03:58.724 [main] Loggerload - [@tree, @tree] : Validate Binary Search Trees link
[INFO ] 2023-03-29 16:03:58.724 [main] Loggerload - -----------------------------------------------------------------------------------------------
[INFO ] 2023-03-29 16:04:00.089 [main] Loggerload - Click on dsIntro Try here>>> link
[INFO ] 2023-03-29 16:04:00.321 [main] Loggerload - Before sending keys to 
[INFO ] 2023-03-29 16:04:01.706 [main] Loggerload - Click on dsIntro Run button
]]></system-out>
  </testcase>
  <testcase name="runScenario[&quot;Validate Implementation Of BST link&quot;, &quot;Optional[Tree]&quot;](69)" classname="com.Runner.Testrunnertestng" time="3.195">
    <system-out><![CDATA[[INFO ] 2023-03-29 16:04:01.926 [main] Loggerload - ===============================================================================================
[INFO ] 2023-03-29 16:04:01.927 [main] Loggerload - [@tree, @tree] : Validate Implementation Of BST link
[INFO ] 2023-03-29 16:04:01.927 [main] Loggerload - -----------------------------------------------------------------------------------------------
[INFO ] 2023-03-29 16:04:03.192 [main] Loggerload - Click on dsIntro Try here>>> link
[INFO ] 2023-03-29 16:04:03.420 [main] Loggerload - Before sending keys to 
[INFO ] 2023-03-29 16:04:04.829 [main] Loggerload - Click on dsIntro Run button
]]></system-out>
  </testcase>
  <testcase name="runScenario[&quot;User validate Get Started On Graph page&quot;, &quot;Optional[Graph]&quot;](70)" classname="com.Runner.Testrunnertestng" time="3.201">
    <system-out><![CDATA[[INFO ] 2023-03-29 16:04:05.123 [main] Loggerload - ===============================================================================================
[INFO ] 2023-03-29 16:04:05.123 [main] Loggerload - [@graph] : User validate Get Started On Graph page
[INFO ] 2023-03-29 16:04:05.123 [main] Loggerload - -----------------------------------------------------------------------------------------------
[INFO ] 2023-03-29 16:04:05.156 [main] Loggerload - Click on graph Get Started link
[INFO ] 2023-03-29 16:04:05.399 [main] Loggerload - Click on graph Graph link
[INFO ] 2023-03-29 16:04:06.654 [main] Loggerload - Click on dsIntro Try here>>> link
[INFO ] 2023-03-29 16:04:06.897 [main] Loggerload - Before entering text in  input field
[INFO ] 2023-03-29 16:04:06.914 [main] Loggerload - Before sending keys to 
[INFO ] 2023-03-29 16:04:08.164 [main] Loggerload - Click on dsIntro Run button
]]></system-out>
  </testcase>
  <testcase name="runScenario[&quot;User validate Graph Representations page&quot;, &quot;Optional[Graph]&quot;](71)" classname="com.Runner.Testrunnertestng" time="3.058">
    <system-out><![CDATA[[INFO ] 2023-03-29 16:04:08.323 [main] Loggerload - ===============================================================================================
[INFO ] 2023-03-29 16:04:08.323 [main] Loggerload - [@graph] : User validate Graph Representations page
[INFO ] 2023-03-29 16:04:08.323 [main] Loggerload - -----------------------------------------------------------------------------------------------
[INFO ] 2023-03-29 16:04:08.354 [main] Loggerload - Click on graph Graph Representations link
[INFO ] 2023-03-29 16:04:09.582 [main] Loggerload - Click on dsIntro Try here>>> link
[INFO ] 2023-03-29 16:04:09.816 [main] Loggerload - Before entering text in  input field
[INFO ] 2023-03-29 16:04:09.834 [main] Loggerload - Before sending keys to 
[INFO ] 2023-03-29 16:04:11.153 [main] Loggerload - Click on dsIntro Run button
]]></system-out>
  </testcase>
  <testcase name="runScenario[&quot;The user is able to navigate to Graph Data Structure Page&quot;, &quot;Optional[Graph]&quot;](72)" classname="com.Runner.Testrunnertestng" time="0.334">
    <system-out><![CDATA[[INFO ] 2023-03-29 16:04:11.383 [main] Loggerload - ===============================================================================================
[INFO ] 2023-03-29 16:04:11.383 [main] Loggerload - [@graph] : The user is able to navigate to Graph Data Structure Page
[INFO ] 2023-03-29 16:04:11.384 [main] Loggerload - -----------------------------------------------------------------------------------------------
[INFO ] 2023-03-29 16:04:11.389 [main] Loggerload - user clicked on Data Structure dropdown
[INFO ] 2023-03-29 16:04:11.516 [main] Loggerload - user selected graph from data structures dropdown
]]></system-out>
  </testcase>
  <testcase name="runScenario[&quot;The user is presented with error message for invalid code in Editor for Graph page&quot;, &quot;Optional[Graph]&quot;](73)" classname="com.Runner.Testrunnertestng" time="1.622">
    <system-out><![CDATA[[INFO ] 2023-03-29 16:04:11.716 [main] Loggerload - ===============================================================================================
[INFO ] 2023-03-29 16:04:11.716 [main] Loggerload - [@graph] : The user is presented with error message for invalid code in Editor for Graph page
[INFO ] 2023-03-29 16:04:11.716 [main] Loggerload - -----------------------------------------------------------------------------------------------
[INFO ] 2023-03-29 16:04:11.812 [main] Loggerload - User redirected to a page having an tryEditor with a Run button to test
[INFO ] 2023-03-29 16:04:11.815 [main] Loggerload - Title of current page is : Assessment
[INFO ] 2023-03-29 16:04:11.815 [main] Loggerload - The user enter valid python code in tryEditor from sheetname :pythonCode and row number : 1
[INFO ] 2023-03-29 16:04:11.815 [main] Loggerload - Clearing text in editor
[INFO ] 2023-03-29 16:04:11.878 [main] Loggerload - Before sending keys to 
[INFO ] 2023-03-29 16:04:12.089 [main] Loggerload - Expected result from Excel sheetname pythonCode and 1 : hello
[INFO ] 2023-03-29 16:04:13.123 [main] Loggerload - Click on dsIntro Run button
[INFO ] 2023-03-29 16:04:13.246 [main] Loggerload - Invalid code is taken from excel and clicked on run button
[INFO ] 2023-03-29 16:04:13.252 [main] Loggerload - Error message for invalid python code is -NameError: name 'hello' is not defined on line 1
]]></system-out>
  </testcase>
  <testcase name="runScenario[&quot;The user is able to navigate to graph representations page and click on Practice Questions&quot;, &quot;Optional[Graph]&quot;](74)" classname="com.Runner.Testrunnertestng" time="0.375">
    <system-out><![CDATA[[INFO ] 2023-03-29 16:04:13.337 [main] Loggerload - ===============================================================================================
[INFO ] 2023-03-29 16:04:13.337 [main] Loggerload - [@graph] : The user is able to navigate to graph representations page and click on Practice Questions
[INFO ] 2023-03-29 16:04:13.337 [main] Loggerload - -----------------------------------------------------------------------------------------------
[INFO ] 2023-03-29 16:04:13.621 [main] Loggerload - User clicked on Graph Practice Questions link
[INFO ] 2023-03-29 16:04:13.627 [main] Loggerload - Title of current page is :Practice Questions
]]></system-out>
  </testcase>
</testsuite>