<?xml version="1.0" encoding="UTF-8"?>
<testng-results ignored="0" total="0" passed="0" failed="0" skipped="0">
  <reporter-output>
  </reporter-output>
  <suite started-at="2023-03-28T20:18:46 EDT" name="Suite" finished-at="2023-03-28T20:18:46 EDT" duration-ms="18">
    <groups>
    </groups>
    <test started-at="2023-03-28T20:18:46 EDT" name="ChromeTest" finished-at="2023-03-28T20:18:46 EDT" duration-ms="18">
    </test> <!-- ChromeTest -->
  </suite> <!-- Suite -->
</testng-results>
