<?xml version="1.0" encoding="UTF-8"?>
<testng-results ignored="0" total="0" passed="0" failed="0" skipped="0">
  <reporter-output>
  </reporter-output>
  <suite started-at="2023-03-21T22:23:28 EDT" name="com.Runner.Testrunner" finished-at="2023-03-21T22:23:28 EDT" duration-ms="12">
    <groups>
    </groups>
    <test started-at="2023-03-21T22:23:28 EDT" name="Command line test" finished-at="2023-03-21T22:23:28 EDT" duration-ms="12">
    </test> <!-- Command line test -->
  </suite> <!-- com.Runner.Testrunner -->
</testng-results>
