<?xml version="1.0" encoding="UTF-8"?>
<testng-results ignored="0" total="74" passed="66" failed="8" skipped="0">
  <reporter-output>
  </reporter-output>
  <suite started-at="2023-03-29T15:51:35 EDT" name="Default suite" finished-at="2023-03-29T15:56:13 EDT" duration-ms="277590">
    <groups>
      <group name="cucumber">
        <method signature="AbstractTestNGCucumberTests.runScenario(io.cucumber.testng.PickleWrapper,io.cucumber.testng.FeatureWrapper)[pri:0, instance:com.Runner.Testrunnertestng@6b2ea799]" name="runScenario" class="io.cucumber.testng.AbstractTestNGCucumberTests"/>
      </group> <!-- cucumber -->
    </groups>
    <test started-at="2023-03-29T15:51:35 EDT" name="Default test" finished-at="2023-03-29T15:56:13 EDT" duration-ms="277590">
      <class name="com.Runner.Testrunnertestng">
        <test-method is-config="true" signature="setUpClass(org.testng.ITestContext)[pri:0, instance:com.Runner.Testrunnertestng@6b2ea799]" started-at="2023-03-29T15:51:35 EDT" name="setUpClass" finished-at="2023-03-29T15:51:36 EDT" duration-ms="1085" status="PASS">
          <params>
            <param index="0">
              <value>
                <![CDATA[org.testng.TestRunner@c334f3b]]>
              </value>
            </param>
          </params>
          <reporter-output>
          </reporter-output>
        </test-method> <!-- setUpClass -->
        <test-method signature="runScenario(io.cucumber.testng.PickleWrapper,io.cucumber.testng.FeatureWrapper)[pri:0, instance:com.Runner.Testrunnertestng@6b2ea799]" started-at="2023-03-29T15:51:36 EDT" name="runScenario" description="Runs Cucumber Scenarios" data-provider="scenarios" finished-at="2023-03-29T15:51:48 EDT" duration-ms="12078" status="PASS">
          <params>
            <param index="0">
              <value>
                <![CDATA["validation of Start Page"]]>
              </value>
            </param>
            <param index="1">
              <value>
                <![CDATA["Optional[Get Started page]"]]>
              </value>
            </param>
          </params>
          <reporter-output>
          </reporter-output>
        </test-method> <!-- runScenario -->
        <test-method signature="runScenario(io.cucumber.testng.PickleWrapper,io.cucumber.testng.FeatureWrapper)[pri:0, instance:com.Runner.Testrunnertestng@6b2ea799]" started-at="2023-03-29T15:51:48 EDT" name="runScenario" description="Runs Cucumber Scenarios" data-provider="scenarios" finished-at="2023-03-29T15:51:54 EDT" duration-ms="5839" status="FAIL">
          <params>
            <param index="0">
              <value>
                <![CDATA["Register validation with valid inputs"]]>
              </value>
            </param>
            <param index="1">
              <value>
                <![CDATA["Optional[Register]"]]>
              </value>
            </param>
          </params>
          <exception class="java.lang.AssertionError">
            <message>
              <![CDATA[expected [true] but found [false]]]>
            </message>
            <full-stacktrace>
              <![CDATA[java.lang.AssertionError: expected [true] but found [false]
at org.testng.Assert.fail(Assert.java:99)
at org.testng.Assert.failNotEquals(Assert.java:1037)
at org.testng.Assert.assertEqualsImpl(Assert.java:140)
at org.testng.Assert.assertEquals(Assert.java:122)
at org.testng.Assert.assertEquals(Assert.java:819)
at org.testng.Assert.assertEquals(Assert.java:829)
at com.Stepdefinitions.RegisterStepDef.user_should_be_successfully_able_to_see_the_label_as(RegisterStepDef.java:48)
at ✽.user should be successfully able to see the label as "New Account Created."(file:///C:/Users/janga/eclipse-workspace/DSAlgosample/src/test/resources/Features/UC02_register.feature:14)
]]>
            </full-stacktrace>
          </exception> <!-- java.lang.AssertionError -->
          <reporter-output>
          </reporter-output>
        </test-method> <!-- runScenario -->
        <test-method signature="runScenario(io.cucumber.testng.PickleWrapper,io.cucumber.testng.FeatureWrapper)[pri:0, instance:com.Runner.Testrunnertestng@6b2ea799]" started-at="2023-03-29T15:51:54 EDT" name="runScenario" description="Runs Cucumber Scenarios" data-provider="scenarios" finished-at="2023-03-29T15:52:01 EDT" duration-ms="6996" status="PASS">
          <params>
            <param index="0">
              <value>
                <![CDATA["Register validation with valid inputs"]]>
              </value>
            </param>
            <param index="1">
              <value>
                <![CDATA["Optional[Register]"]]>
              </value>
            </param>
          </params>
          <reporter-output>
          </reporter-output>
        </test-method> <!-- runScenario -->
        <test-method signature="runScenario(io.cucumber.testng.PickleWrapper,io.cucumber.testng.FeatureWrapper)[pri:0, instance:com.Runner.Testrunnertestng@6b2ea799]" started-at="2023-03-29T15:52:01 EDT" name="runScenario" description="Runs Cucumber Scenarios" data-provider="scenarios" finished-at="2023-03-29T15:52:06 EDT" duration-ms="5195" status="PASS">
          <params>
            <param index="0">
              <value>
                <![CDATA["Register validation with invalid inputs"]]>
              </value>
            </param>
            <param index="1">
              <value>
                <![CDATA["Optional[Register]"]]>
              </value>
            </param>
          </params>
          <reporter-output>
          </reporter-output>
        </test-method> <!-- runScenario -->
        <test-method signature="runScenario(io.cucumber.testng.PickleWrapper,io.cucumber.testng.FeatureWrapper)[pri:0, instance:com.Runner.Testrunnertestng@6b2ea799]" started-at="2023-03-29T15:52:06 EDT" name="runScenario" description="Runs Cucumber Scenarios" data-provider="scenarios" finished-at="2023-03-29T15:52:11 EDT" duration-ms="4365" status="PASS">
          <params>
            <param index="0">
              <value>
                <![CDATA["Register validation with invalid inputs/blank fields"]]>
              </value>
            </param>
            <param index="1">
              <value>
                <![CDATA["Optional[Register]"]]>
              </value>
            </param>
          </params>
          <reporter-output>
          </reporter-output>
        </test-method> <!-- runScenario -->
        <test-method signature="runScenario(io.cucumber.testng.PickleWrapper,io.cucumber.testng.FeatureWrapper)[pri:0, instance:com.Runner.Testrunnertestng@6b2ea799]" started-at="2023-03-29T15:52:11 EDT" name="runScenario" description="Runs Cucumber Scenarios" data-provider="scenarios" finished-at="2023-03-29T15:52:15 EDT" duration-ms="4830" status="PASS">
          <params>
            <param index="0">
              <value>
                <![CDATA["Register validation with invalid inputs/blank fields"]]>
              </value>
            </param>
            <param index="1">
              <value>
                <![CDATA["Optional[Register]"]]>
              </value>
            </param>
          </params>
          <reporter-output>
          </reporter-output>
        </test-method> <!-- runScenario -->
        <test-method signature="runScenario(io.cucumber.testng.PickleWrapper,io.cucumber.testng.FeatureWrapper)[pri:0, instance:com.Runner.Testrunnertestng@6b2ea799]" started-at="2023-03-29T15:52:15 EDT" name="runScenario" description="Runs Cucumber Scenarios" data-provider="scenarios" finished-at="2023-03-29T15:52:20 EDT" duration-ms="4893" status="PASS">
          <params>
            <param index="0">
              <value>
                <![CDATA["Register validation with invalid inputs/blank fields"]]>
              </value>
            </param>
            <param index="1">
              <value>
                <![CDATA["Optional[Register]"]]>
              </value>
            </param>
          </params>
          <reporter-output>
          </reporter-output>
        </test-method> <!-- runScenario -->
        <test-method signature="runScenario(io.cucumber.testng.PickleWrapper,io.cucumber.testng.FeatureWrapper)[pri:0, instance:com.Runner.Testrunnertestng@6b2ea799]" started-at="2023-03-29T15:52:20 EDT" name="runScenario" description="Runs Cucumber Scenarios" data-provider="scenarios" finished-at="2023-03-29T15:52:24 EDT" duration-ms="4049" status="PASS">
          <params>
            <param index="0">
              <value>
                <![CDATA["Register validation with invalid inputs/blank fields"]]>
              </value>
            </param>
            <param index="1">
              <value>
                <![CDATA["Optional[Register]"]]>
              </value>
            </param>
          </params>
          <reporter-output>
          </reporter-output>
        </test-method> <!-- runScenario -->
        <test-method signature="runScenario(io.cucumber.testng.PickleWrapper,io.cucumber.testng.FeatureWrapper)[pri:0, instance:com.Runner.Testrunnertestng@6b2ea799]" started-at="2023-03-29T15:52:24 EDT" name="runScenario" description="Runs Cucumber Scenarios" data-provider="scenarios" finished-at="2023-03-29T15:52:28 EDT" duration-ms="4050" status="PASS">
          <params>
            <param index="0">
              <value>
                <![CDATA["Register validation with invalid inputs/blank fields"]]>
              </value>
            </param>
            <param index="1">
              <value>
                <![CDATA["Optional[Register]"]]>
              </value>
            </param>
          </params>
          <reporter-output>
          </reporter-output>
        </test-method> <!-- runScenario -->
        <test-method signature="runScenario(io.cucumber.testng.PickleWrapper,io.cucumber.testng.FeatureWrapper)[pri:0, instance:com.Runner.Testrunnertestng@6b2ea799]" started-at="2023-03-29T15:52:28 EDT" name="runScenario" description="Runs Cucumber Scenarios" data-provider="scenarios" finished-at="2023-03-29T15:52:33 EDT" duration-ms="4682" status="PASS">
          <params>
            <param index="0">
              <value>
                <![CDATA["Register validation with invalid inputs/ password mismatch"]]>
              </value>
            </param>
            <param index="1">
              <value>
                <![CDATA["Optional[Register]"]]>
              </value>
            </param>
          </params>
          <reporter-output>
          </reporter-output>
        </test-method> <!-- runScenario -->
        <test-method signature="runScenario(io.cucumber.testng.PickleWrapper,io.cucumber.testng.FeatureWrapper)[pri:0, instance:com.Runner.Testrunnertestng@6b2ea799]" started-at="2023-03-29T15:52:33 EDT" name="runScenario" description="Runs Cucumber Scenarios" data-provider="scenarios" finished-at="2023-03-29T15:52:38 EDT" duration-ms="4983" status="FAIL">
          <params>
            <param index="0">
              <value>
                <![CDATA["Register validation with invalid inputs/ password format less than eight characters"]]>
              </value>
            </param>
            <param index="1">
              <value>
                <![CDATA["Optional[Register]"]]>
              </value>
            </param>
          </params>
          <exception class="java.lang.AssertionError">
            <message>
              <![CDATA[expected [password should contain atleast eight characters.] but found [password_mismatch:The two password fields didn’t match.]]]>
            </message>
            <full-stacktrace>
              <![CDATA[java.lang.AssertionError: expected [password should contain atleast eight characters.] but found [password_mismatch:The two password fields didn’t match.]
at org.testng.Assert.fail(Assert.java:99)
at org.testng.Assert.failNotEquals(Assert.java:1037)
at org.testng.Assert.assertEqualsImpl(Assert.java:140)
at org.testng.Assert.assertEquals(Assert.java:122)
at org.testng.Assert.assertEquals(Assert.java:629)
at org.testng.Assert.assertEquals(Assert.java:639)
at com.Stepdefinitions.RegisterStepDef.user_should_get_password_atleast_eight_char_error_message(RegisterStepDef.java:145)
at ✽.user should get password atleast eight char error message "password should contain atleast eight characters."(file:///C:/Users/janga/eclipse-workspace/DSAlgosample/src/test/resources/Features/UC02_register.feature:85)
]]>
            </full-stacktrace>
          </exception> <!-- java.lang.AssertionError -->
          <reporter-output>
          </reporter-output>
        </test-method> <!-- runScenario -->
        <test-method signature="runScenario(io.cucumber.testng.PickleWrapper,io.cucumber.testng.FeatureWrapper)[pri:0, instance:com.Runner.Testrunnertestng@6b2ea799]" started-at="2023-03-29T15:52:38 EDT" name="runScenario" description="Runs Cucumber Scenarios" data-provider="scenarios" finished-at="2023-03-29T15:52:43 EDT" duration-ms="5122" status="FAIL">
          <params>
            <param index="0">
              <value>
                <![CDATA["Register validation with invalid inputs/  password format all numeric"]]>
              </value>
            </param>
            <param index="1">
              <value>
                <![CDATA["Optional[Register]"]]>
              </value>
            </param>
          </params>
          <exception class="java.lang.AssertionError">
            <message>
              <![CDATA[expected [please enter valid password format] but found [password_mismatch:The two password fields didn’t match.]]]>
            </message>
            <full-stacktrace>
              <![CDATA[java.lang.AssertionError: expected [please enter valid password format] but found [password_mismatch:The two password fields didn’t match.]
at org.testng.Assert.fail(Assert.java:99)
at org.testng.Assert.failNotEquals(Assert.java:1037)
at org.testng.Assert.assertEqualsImpl(Assert.java:140)
at org.testng.Assert.assertEquals(Assert.java:122)
at org.testng.Assert.assertEquals(Assert.java:629)
at org.testng.Assert.assertEquals(Assert.java:639)
at com.Stepdefinitions.RegisterStepDef.user_should_get_enter_valid_input_error_message(RegisterStepDef.java:159)
at ✽.user should get enter valid input error message "please enter valid password format"(file:///C:/Users/janga/eclipse-workspace/DSAlgosample/src/test/resources/Features/UC02_register.feature:93)
]]>
            </full-stacktrace>
          </exception> <!-- java.lang.AssertionError -->
          <reporter-output>
          </reporter-output>
        </test-method> <!-- runScenario -->
        <test-method signature="runScenario(io.cucumber.testng.PickleWrapper,io.cucumber.testng.FeatureWrapper)[pri:0, instance:com.Runner.Testrunnertestng@6b2ea799]" started-at="2023-03-29T15:52:43 EDT" name="runScenario" description="Runs Cucumber Scenarios" data-provider="scenarios" finished-at="2023-03-29T15:52:48 EDT" duration-ms="5062" status="FAIL">
          <params>
            <param index="0">
              <value>
                <![CDATA["Register validation with invalid inputs/ similar fields"]]>
              </value>
            </param>
            <param index="1">
              <value>
                <![CDATA["Optional[Register]"]]>
              </value>
            </param>
          </params>
          <exception class="java.lang.AssertionError">
            <message>
              <![CDATA[expected [password can not be similar as username] but found [password_mismatch:The two password fields didn’t match.]]]>
            </message>
            <full-stacktrace>
              <![CDATA[java.lang.AssertionError: expected [password can not be similar as username] but found [password_mismatch:The two password fields didn’t match.]
at org.testng.Assert.fail(Assert.java:99)
at org.testng.Assert.failNotEquals(Assert.java:1037)
at org.testng.Assert.assertEqualsImpl(Assert.java:140)
at org.testng.Assert.assertEquals(Assert.java:122)
at org.testng.Assert.assertEquals(Assert.java:629)
at org.testng.Assert.assertEquals(Assert.java:639)
at com.Stepdefinitions.RegisterStepDef.user_should_get_password_not_similar_to_username_error_message(RegisterStepDef.java:171)
at ✽.user should get password not similar to username error message "password can not be similar as username"(file:///C:/Users/janga/eclipse-workspace/DSAlgosample/src/test/resources/Features/UC02_register.feature:102)
]]>
            </full-stacktrace>
          </exception> <!-- java.lang.AssertionError -->
          <reporter-output>
          </reporter-output>
        </test-method> <!-- runScenario -->
        <test-method signature="runScenario(io.cucumber.testng.PickleWrapper,io.cucumber.testng.FeatureWrapper)[pri:0, instance:com.Runner.Testrunnertestng@6b2ea799]" started-at="2023-03-29T15:52:48 EDT" name="runScenario" description="Runs Cucumber Scenarios" data-provider="scenarios" finished-at="2023-03-29T15:52:53 EDT" duration-ms="4311" status="PASS">
          <params>
            <param index="0">
              <value>
                <![CDATA["signIn validation with valid inputs"]]>
              </value>
            </param>
            <param index="1">
              <value>
                <![CDATA["Optional[Login]"]]>
              </value>
            </param>
          </params>
          <reporter-output>
          </reporter-output>
        </test-method> <!-- runScenario -->
        <test-method signature="runScenario(io.cucumber.testng.PickleWrapper,io.cucumber.testng.FeatureWrapper)[pri:0, instance:com.Runner.Testrunnertestng@6b2ea799]" started-at="2023-03-29T15:52:53 EDT" name="runScenario" description="Runs Cucumber Scenarios" data-provider="scenarios" finished-at="2023-03-29T15:52:56 EDT" duration-ms="3075" status="PASS">
          <params>
            <param index="0">
              <value>
                <![CDATA["signIn validation with inValid inputs"]]>
              </value>
            </param>
            <param index="1">
              <value>
                <![CDATA["Optional[Login]"]]>
              </value>
            </param>
          </params>
          <reporter-output>
          </reporter-output>
        </test-method> <!-- runScenario -->
        <test-method signature="runScenario(io.cucumber.testng.PickleWrapper,io.cucumber.testng.FeatureWrapper)[pri:0, instance:com.Runner.Testrunnertestng@6b2ea799]" started-at="2023-03-29T15:52:56 EDT" name="runScenario" description="Runs Cucumber Scenarios" data-provider="scenarios" finished-at="2023-03-29T15:52:59 EDT" duration-ms="3139" status="PASS">
          <params>
            <param index="0">
              <value>
                <![CDATA["signIn validation with inValid inputs"]]>
              </value>
            </param>
            <param index="1">
              <value>
                <![CDATA["Optional[Login]"]]>
              </value>
            </param>
          </params>
          <reporter-output>
          </reporter-output>
        </test-method> <!-- runScenario -->
        <test-method signature="runScenario(io.cucumber.testng.PickleWrapper,io.cucumber.testng.FeatureWrapper)[pri:0, instance:com.Runner.Testrunnertestng@6b2ea799]" started-at="2023-03-29T15:52:59 EDT" name="runScenario" description="Runs Cucumber Scenarios" data-provider="scenarios" finished-at="2023-03-29T15:53:02 EDT" duration-ms="3335" status="PASS">
          <params>
            <param index="0">
              <value>
                <![CDATA["signIn validation with inValid inputs"]]>
              </value>
            </param>
            <param index="1">
              <value>
                <![CDATA["Optional[Login]"]]>
              </value>
            </param>
          </params>
          <reporter-output>
          </reporter-output>
        </test-method> <!-- runScenario -->
        <test-method signature="runScenario(io.cucumber.testng.PickleWrapper,io.cucumber.testng.FeatureWrapper)[pri:0, instance:com.Runner.Testrunnertestng@6b2ea799]" started-at="2023-03-29T15:53:02 EDT" name="runScenario" description="Runs Cucumber Scenarios" data-provider="scenarios" finished-at="2023-03-29T15:53:12 EDT" duration-ms="9497" status="PASS">
          <params>
            <param index="0">
              <value>
                <![CDATA["Data Structure Intro Page Validation"]]>
              </value>
            </param>
            <param index="1">
              <value>
                <![CDATA["Optional[Data Structure Intro]"]]>
              </value>
            </param>
          </params>
          <reporter-output>
          </reporter-output>
        </test-method> <!-- runScenario -->
        <test-method signature="runScenario(io.cucumber.testng.PickleWrapper,io.cucumber.testng.FeatureWrapper)[pri:0, instance:com.Runner.Testrunnertestng@6b2ea799]" started-at="2023-03-29T15:53:12 EDT" name="runScenario" description="Runs Cucumber Scenarios" data-provider="scenarios" finished-at="2023-03-29T15:53:17 EDT" duration-ms="4943" status="PASS">
          <params>
            <param index="0">
              <value>
                <![CDATA["User validate Array Page"]]>
              </value>
            </param>
            <param index="1">
              <value>
                <![CDATA["Optional[Array]"]]>
              </value>
            </param>
          </params>
          <reporter-output>
          </reporter-output>
        </test-method> <!-- runScenario -->
        <test-method signature="runScenario(io.cucumber.testng.PickleWrapper,io.cucumber.testng.FeatureWrapper)[pri:0, instance:com.Runner.Testrunnertestng@6b2ea799]" started-at="2023-03-29T15:53:17 EDT" name="runScenario" description="Runs Cucumber Scenarios" data-provider="scenarios" finished-at="2023-03-29T15:53:21 EDT" duration-ms="3897" status="PASS">
          <params>
            <param index="0">
              <value>
                <![CDATA["User validate Arrays using list page"]]>
              </value>
            </param>
            <param index="1">
              <value>
                <![CDATA["Optional[Array]"]]>
              </value>
            </param>
          </params>
          <reporter-output>
          </reporter-output>
        </test-method> <!-- runScenario -->
        <test-method signature="runScenario(io.cucumber.testng.PickleWrapper,io.cucumber.testng.FeatureWrapper)[pri:0, instance:com.Runner.Testrunnertestng@6b2ea799]" started-at="2023-03-29T15:53:21 EDT" name="runScenario" description="Runs Cucumber Scenarios" data-provider="scenarios" finished-at="2023-03-29T15:53:24 EDT" duration-ms="3364" status="PASS">
          <params>
            <param index="0">
              <value>
                <![CDATA["User validate Basic Operations in list page"]]>
              </value>
            </param>
            <param index="1">
              <value>
                <![CDATA["Optional[Array]"]]>
              </value>
            </param>
          </params>
          <reporter-output>
          </reporter-output>
        </test-method> <!-- runScenario -->
        <test-method signature="runScenario(io.cucumber.testng.PickleWrapper,io.cucumber.testng.FeatureWrapper)[pri:0, instance:com.Runner.Testrunnertestng@6b2ea799]" started-at="2023-03-29T15:53:24 EDT" name="runScenario" description="Runs Cucumber Scenarios" data-provider="scenarios" finished-at="2023-03-29T15:53:28 EDT" duration-ms="4085" status="PASS">
          <params>
            <param index="0">
              <value>
                <![CDATA["User validate Applications of Array page"]]>
              </value>
            </param>
            <param index="1">
              <value>
                <![CDATA["Optional[Array]"]]>
              </value>
            </param>
          </params>
          <reporter-output>
          </reporter-output>
        </test-method> <!-- runScenario -->
        <test-method signature="runScenario(io.cucumber.testng.PickleWrapper,io.cucumber.testng.FeatureWrapper)[pri:0, instance:com.Runner.Testrunnertestng@6b2ea799]" started-at="2023-03-29T15:53:28 EDT" name="runScenario" description="Runs Cucumber Scenarios" data-provider="scenarios" finished-at="2023-03-29T15:53:34 EDT" duration-ms="5691" status="PASS">
          <params>
            <param index="0">
              <value>
                <![CDATA["User validate Search the array page"]]>
              </value>
            </param>
            <param index="1">
              <value>
                <![CDATA["Optional[Array]"]]>
              </value>
            </param>
          </params>
          <reporter-output>
          </reporter-output>
        </test-method> <!-- runScenario -->
        <test-method signature="runScenario(io.cucumber.testng.PickleWrapper,io.cucumber.testng.FeatureWrapper)[pri:0, instance:com.Runner.Testrunnertestng@6b2ea799]" started-at="2023-03-29T15:53:34 EDT" name="runScenario" description="Runs Cucumber Scenarios" data-provider="scenarios" finished-at="2023-03-29T15:53:40 EDT" duration-ms="6694" status="PASS">
          <params>
            <param index="0">
              <value>
                <![CDATA["User validate Max Consecutive Ones page"]]>
              </value>
            </param>
            <param index="1">
              <value>
                <![CDATA["Optional[Array]"]]>
              </value>
            </param>
          </params>
          <reporter-output>
          </reporter-output>
        </test-method> <!-- runScenario -->
        <test-method signature="runScenario(io.cucumber.testng.PickleWrapper,io.cucumber.testng.FeatureWrapper)[pri:0, instance:com.Runner.Testrunnertestng@6b2ea799]" started-at="2023-03-29T15:53:40 EDT" name="runScenario" description="Runs Cucumber Scenarios" data-provider="scenarios" finished-at="2023-03-29T15:53:44 EDT" duration-ms="3316" status="PASS">
          <params>
            <param index="0">
              <value>
                <![CDATA["User validate Even Number page"]]>
              </value>
            </param>
            <param index="1">
              <value>
                <![CDATA["Optional[Array]"]]>
              </value>
            </param>
          </params>
          <reporter-output>
          </reporter-output>
        </test-method> <!-- runScenario -->
        <test-method signature="runScenario(io.cucumber.testng.PickleWrapper,io.cucumber.testng.FeatureWrapper)[pri:0, instance:com.Runner.Testrunnertestng@6b2ea799]" started-at="2023-03-29T15:53:44 EDT" name="runScenario" description="Runs Cucumber Scenarios" data-provider="scenarios" finished-at="2023-03-29T15:53:47 EDT" duration-ms="3324" status="PASS">
          <params>
            <param index="0">
              <value>
                <![CDATA["User validate Sorted Array page"]]>
              </value>
            </param>
            <param index="1">
              <value>
                <![CDATA["Optional[Array]"]]>
              </value>
            </param>
          </params>
          <reporter-output>
          </reporter-output>
        </test-method> <!-- runScenario -->
        <test-method signature="runScenario(io.cucumber.testng.PickleWrapper,io.cucumber.testng.FeatureWrapper)[pri:0, instance:com.Runner.Testrunnertestng@6b2ea799]" started-at="2023-03-29T15:53:47 EDT" name="runScenario" description="Runs Cucumber Scenarios" data-provider="scenarios" finished-at="2023-03-29T15:53:50 EDT" duration-ms="2757" status="FAIL">
          <params>
            <param index="0">
              <value>
                <![CDATA["The user is able to submit code in tryEditor for Search the array link"]]>
              </value>
            </param>
            <param index="1">
              <value>
                <![CDATA["Optional[Array]"]]>
              </value>
            </param>
          </params>
          <exception class="java.lang.AssertionError">
            <message>
              <![CDATA[Result do not match expected [submission success] but found [ Some Tests failed. Please review code]]]>
            </message>
            <full-stacktrace>
              <![CDATA[java.lang.AssertionError: Result do not match expected [submission success] but found [ Some Tests failed. Please review code]
at org.testng.Assert.fail(Assert.java:99)
at org.testng.Assert.failNotEquals(Assert.java:1037)
at org.testng.Assert.assertEqualsImpl(Assert.java:140)
at org.testng.Assert.assertEquals(Assert.java:122)
at org.testng.Assert.assertEquals(Assert.java:629)
at com.Stepdefinitions.ArraysStepDef.the_user_should_be_presented_with_successful_submission_message(ArraysStepDef.java:139)
at ✽.The user should be presented with successful submission message(file:///C:/Users/janga/eclipse-workspace/DSAlgosample/src/test/resources/Features/UC05_Arrays.feature:115)
]]>
            </full-stacktrace>
          </exception> <!-- java.lang.AssertionError -->
          <reporter-output>
          </reporter-output>
        </test-method> <!-- runScenario -->
        <test-method signature="runScenario(io.cucumber.testng.PickleWrapper,io.cucumber.testng.FeatureWrapper)[pri:0, instance:com.Runner.Testrunnertestng@6b2ea799]" started-at="2023-03-29T15:53:50 EDT" name="runScenario" description="Runs Cucumber Scenarios" data-provider="scenarios" finished-at="2023-03-29T15:53:53 EDT" duration-ms="3083" status="PASS">
          <params>
            <param index="0">
              <value>
                <![CDATA["User validate Max Consecutive Ones page"]]>
              </value>
            </param>
            <param index="1">
              <value>
                <![CDATA["Optional[Array]"]]>
              </value>
            </param>
          </params>
          <reporter-output>
          </reporter-output>
        </test-method> <!-- runScenario -->
        <test-method signature="runScenario(io.cucumber.testng.PickleWrapper,io.cucumber.testng.FeatureWrapper)[pri:0, instance:com.Runner.Testrunnertestng@6b2ea799]" started-at="2023-03-29T15:53:53 EDT" name="runScenario" description="Runs Cucumber Scenarios" data-provider="scenarios" finished-at="2023-03-29T15:53:56 EDT" duration-ms="3143" status="FAIL">
          <params>
            <param index="0">
              <value>
                <![CDATA["The user is able to submit code in tryEditor for Max Consecutive Ones"]]>
              </value>
            </param>
            <param index="1">
              <value>
                <![CDATA["Optional[Array]"]]>
              </value>
            </param>
          </params>
          <exception class="java.lang.AssertionError">
            <message>
              <![CDATA[Result do not match expected [submission success] but found [ Some Tests failed. Please review code]]]>
            </message>
            <full-stacktrace>
              <![CDATA[java.lang.AssertionError: Result do not match expected [submission success] but found [ Some Tests failed. Please review code]
at org.testng.Assert.fail(Assert.java:99)
at org.testng.Assert.failNotEquals(Assert.java:1037)
at org.testng.Assert.assertEqualsImpl(Assert.java:140)
at org.testng.Assert.assertEquals(Assert.java:122)
at org.testng.Assert.assertEquals(Assert.java:629)
at com.Stepdefinitions.ArraysStepDef.the_user_should_be_presented_with_successful_submission_message(ArraysStepDef.java:139)
at ✽.The user should be presented with successful submission message(file:///C:/Users/janga/eclipse-workspace/DSAlgosample/src/test/resources/Features/UC05_Arrays.feature:138)
]]>
            </full-stacktrace>
          </exception> <!-- java.lang.AssertionError -->
          <reporter-output>
          </reporter-output>
        </test-method> <!-- runScenario -->
        <test-method signature="runScenario(io.cucumber.testng.PickleWrapper,io.cucumber.testng.FeatureWrapper)[pri:0, instance:com.Runner.Testrunnertestng@6b2ea799]" started-at="2023-03-29T15:53:56 EDT" name="runScenario" description="Runs Cucumber Scenarios" data-provider="scenarios" finished-at="2023-03-29T15:53:59 EDT" duration-ms="2691" status="PASS">
          <params>
            <param index="0">
              <value>
                <![CDATA["User validate Even Number page"]]>
              </value>
            </param>
            <param index="1">
              <value>
                <![CDATA["Optional[Array]"]]>
              </value>
            </param>
          </params>
          <reporter-output>
          </reporter-output>
        </test-method> <!-- runScenario -->
        <test-method signature="runScenario(io.cucumber.testng.PickleWrapper,io.cucumber.testng.FeatureWrapper)[pri:0, instance:com.Runner.Testrunnertestng@6b2ea799]" started-at="2023-03-29T15:53:59 EDT" name="runScenario" description="Runs Cucumber Scenarios" data-provider="scenarios" finished-at="2023-03-29T15:54:01 EDT" duration-ms="2767" status="FAIL">
          <params>
            <param index="0">
              <value>
                <![CDATA["The user is able to submit code in tryEditor for Find Numbers with Even Number of Digits"]]>
              </value>
            </param>
            <param index="1">
              <value>
                <![CDATA["Optional[Array]"]]>
              </value>
            </param>
          </params>
          <exception class="java.lang.AssertionError">
            <message>
              <![CDATA[Result do not match expected [submission success] but found [Error occurred during submission]]]>
            </message>
            <full-stacktrace>
              <![CDATA[java.lang.AssertionError: Result do not match expected [submission success] but found [Error occurred during submission]
at org.testng.Assert.fail(Assert.java:99)
at org.testng.Assert.failNotEquals(Assert.java:1037)
at org.testng.Assert.assertEqualsImpl(Assert.java:140)
at org.testng.Assert.assertEquals(Assert.java:122)
at org.testng.Assert.assertEquals(Assert.java:629)
at com.Stepdefinitions.ArraysStepDef.the_user_should_be_presented_with_successful_submission_message(ArraysStepDef.java:139)
at ✽.The user should be presented with successful submission message(file:///C:/Users/janga/eclipse-workspace/DSAlgosample/src/test/resources/Features/UC05_Arrays.feature:160)
]]>
            </full-stacktrace>
          </exception> <!-- java.lang.AssertionError -->
          <reporter-output>
          </reporter-output>
        </test-method> <!-- runScenario -->
        <test-method signature="runScenario(io.cucumber.testng.PickleWrapper,io.cucumber.testng.FeatureWrapper)[pri:0, instance:com.Runner.Testrunnertestng@6b2ea799]" started-at="2023-03-29T15:54:01 EDT" name="runScenario" description="Runs Cucumber Scenarios" data-provider="scenarios" finished-at="2023-03-29T15:54:05 EDT" duration-ms="3435" status="PASS">
          <params>
            <param index="0">
              <value>
                <![CDATA["User validate Sorted Array page"]]>
              </value>
            </param>
            <param index="1">
              <value>
                <![CDATA["Optional[Array]"]]>
              </value>
            </param>
          </params>
          <reporter-output>
          </reporter-output>
        </test-method> <!-- runScenario -->
        <test-method signature="runScenario(io.cucumber.testng.PickleWrapper,io.cucumber.testng.FeatureWrapper)[pri:0, instance:com.Runner.Testrunnertestng@6b2ea799]" started-at="2023-03-29T15:54:05 EDT" name="runScenario" description="Runs Cucumber Scenarios" data-provider="scenarios" finished-at="2023-03-29T15:54:09 EDT" duration-ms="3965" status="FAIL">
          <params>
            <param index="0">
              <value>
                <![CDATA["The user is able to submit code in tryEditor for Squares of a Sorted Array"]]>
              </value>
            </param>
            <param index="1">
              <value>
                <![CDATA["Optional[Array]"]]>
              </value>
            </param>
          </params>
          <exception class="java.lang.AssertionError">
            <message>
              <![CDATA[Result do not match expected [submission success] but found [ No tests were collected]]]>
            </message>
            <full-stacktrace>
              <![CDATA[java.lang.AssertionError: Result do not match expected [submission success] but found [ No tests were collected]
at org.testng.Assert.fail(Assert.java:99)
at org.testng.Assert.failNotEquals(Assert.java:1037)
at org.testng.Assert.assertEqualsImpl(Assert.java:140)
at org.testng.Assert.assertEquals(Assert.java:122)
at org.testng.Assert.assertEquals(Assert.java:629)
at com.Stepdefinitions.ArraysStepDef.the_user_should_be_presented_with_successful_submission_message(ArraysStepDef.java:139)
at ✽.The user should be presented with successful submission message(file:///C:/Users/janga/eclipse-workspace/DSAlgosample/src/test/resources/Features/UC05_Arrays.feature:182)
]]>
            </full-stacktrace>
          </exception> <!-- java.lang.AssertionError -->
          <reporter-output>
          </reporter-output>
        </test-method> <!-- runScenario -->
        <test-method signature="runScenario(io.cucumber.testng.PickleWrapper,io.cucumber.testng.FeatureWrapper)[pri:0, instance:com.Runner.Testrunnertestng@6b2ea799]" started-at="2023-03-29T15:54:09 EDT" name="runScenario" description="Runs Cucumber Scenarios" data-provider="scenarios" finished-at="2023-03-29T15:54:10 EDT" duration-ms="967" status="PASS">
          <params>
            <param index="0">
              <value>
                <![CDATA["The user is presented with error message for code with invalid syntax in tryEditor for Arrays in Python page"]]>
              </value>
            </param>
            <param index="1">
              <value>
                <![CDATA["Optional[Array]"]]>
              </value>
            </param>
          </params>
          <reporter-output>
          </reporter-output>
        </test-method> <!-- runScenario -->
        <test-method signature="runScenario(io.cucumber.testng.PickleWrapper,io.cucumber.testng.FeatureWrapper)[pri:0, instance:com.Runner.Testrunnertestng@6b2ea799]" started-at="2023-03-29T15:54:10 EDT" name="runScenario" description="Runs Cucumber Scenarios" data-provider="scenarios" finished-at="2023-03-29T15:54:11 EDT" duration-ms="688" status="PASS">
          <params>
            <param index="0">
              <value>
                <![CDATA["The user is presented with error message for code with invalid syntax in tryEditor for Search the array link"]]>
              </value>
            </param>
            <param index="1">
              <value>
                <![CDATA["Optional[Array]"]]>
              </value>
            </param>
          </params>
          <reporter-output>
          </reporter-output>
        </test-method> <!-- runScenario -->
        <test-method signature="runScenario(io.cucumber.testng.PickleWrapper,io.cucumber.testng.FeatureWrapper)[pri:0, instance:com.Runner.Testrunnertestng@6b2ea799]" started-at="2023-03-29T15:54:11 EDT" name="runScenario" description="Runs Cucumber Scenarios" data-provider="scenarios" finished-at="2023-03-29T15:54:11 EDT" duration-ms="611" status="PASS">
          <params>
            <param index="0">
              <value>
                <![CDATA["The user is presented with error message for invalid code in tryEditor for Max Consecutive Ones"]]>
              </value>
            </param>
            <param index="1">
              <value>
                <![CDATA["Optional[Array]"]]>
              </value>
            </param>
          </params>
          <reporter-output>
          </reporter-output>
        </test-method> <!-- runScenario -->
        <test-method signature="runScenario(io.cucumber.testng.PickleWrapper,io.cucumber.testng.FeatureWrapper)[pri:0, instance:com.Runner.Testrunnertestng@6b2ea799]" started-at="2023-03-29T15:54:11 EDT" name="runScenario" description="Runs Cucumber Scenarios" data-provider="scenarios" finished-at="2023-03-29T15:54:12 EDT" duration-ms="1053" status="PASS">
          <params>
            <param index="0">
              <value>
                <![CDATA["The user is presented with error message for code with invalid syntax in tryEditor for Find Numbers with Even Number of Digits"]]>
              </value>
            </param>
            <param index="1">
              <value>
                <![CDATA["Optional[Array]"]]>
              </value>
            </param>
          </params>
          <reporter-output>
          </reporter-output>
        </test-method> <!-- runScenario -->
        <test-method signature="runScenario(io.cucumber.testng.PickleWrapper,io.cucumber.testng.FeatureWrapper)[pri:0, instance:com.Runner.Testrunnertestng@6b2ea799]" started-at="2023-03-29T15:54:12 EDT" name="runScenario" description="Runs Cucumber Scenarios" data-provider="scenarios" finished-at="2023-03-29T15:54:13 EDT" duration-ms="767" status="PASS">
          <params>
            <param index="0">
              <value>
                <![CDATA["The user is presented with error message for code with invalid syntax in tryEditor for Squares of a Sorted Array"]]>
              </value>
            </param>
            <param index="1">
              <value>
                <![CDATA["Optional[Array]"]]>
              </value>
            </param>
          </params>
          <reporter-output>
          </reporter-output>
        </test-method> <!-- runScenario -->
        <test-method signature="runScenario(io.cucumber.testng.PickleWrapper,io.cucumber.testng.FeatureWrapper)[pri:0, instance:com.Runner.Testrunnertestng@6b2ea799]" started-at="2023-03-29T15:54:13 EDT" name="runScenario" description="Runs Cucumber Scenarios" data-provider="scenarios" finished-at="2023-03-29T15:54:17 EDT" duration-ms="4155" status="PASS">
          <params>
            <param index="0">
              <value>
                <![CDATA["validating Linked List introduction page"]]>
              </value>
            </param>
            <param index="1">
              <value>
                <![CDATA["Optional[LinkedList]"]]>
              </value>
            </param>
          </params>
          <reporter-output>
          </reporter-output>
        </test-method> <!-- runScenario -->
        <test-method signature="runScenario(io.cucumber.testng.PickleWrapper,io.cucumber.testng.FeatureWrapper)[pri:0, instance:com.Runner.Testrunnertestng@6b2ea799]" started-at="2023-03-29T15:54:17 EDT" name="runScenario" description="Runs Cucumber Scenarios" data-provider="scenarios" finished-at="2023-03-29T15:54:21 EDT" duration-ms="3852" status="PASS">
          <params>
            <param index="0">
              <value>
                <![CDATA["User validate Creating Linked List page"]]>
              </value>
            </param>
            <param index="1">
              <value>
                <![CDATA["Optional[LinkedList]"]]>
              </value>
            </param>
          </params>
          <reporter-output>
          </reporter-output>
        </test-method> <!-- runScenario -->
        <test-method signature="runScenario(io.cucumber.testng.PickleWrapper,io.cucumber.testng.FeatureWrapper)[pri:0, instance:com.Runner.Testrunnertestng@6b2ea799]" started-at="2023-03-29T15:54:21 EDT" name="runScenario" description="Runs Cucumber Scenarios" data-provider="scenarios" finished-at="2023-03-29T15:54:24 EDT" duration-ms="3409" status="PASS">
          <params>
            <param index="0">
              <value>
                <![CDATA["User validate Types of Linked List page"]]>
              </value>
            </param>
            <param index="1">
              <value>
                <![CDATA["Optional[LinkedList]"]]>
              </value>
            </param>
          </params>
          <reporter-output>
          </reporter-output>
        </test-method> <!-- runScenario -->
        <test-method signature="runScenario(io.cucumber.testng.PickleWrapper,io.cucumber.testng.FeatureWrapper)[pri:0, instance:com.Runner.Testrunnertestng@6b2ea799]" started-at="2023-03-29T15:54:24 EDT" name="runScenario" description="Runs Cucumber Scenarios" data-provider="scenarios" finished-at="2023-03-29T15:54:28 EDT" duration-ms="3624" status="PASS">
          <params>
            <param index="0">
              <value>
                <![CDATA["User validate Implement Linked List in Python page"]]>
              </value>
            </param>
            <param index="1">
              <value>
                <![CDATA["Optional[LinkedList]"]]>
              </value>
            </param>
          </params>
          <reporter-output>
          </reporter-output>
        </test-method> <!-- runScenario -->
        <test-method signature="runScenario(io.cucumber.testng.PickleWrapper,io.cucumber.testng.FeatureWrapper)[pri:0, instance:com.Runner.Testrunnertestng@6b2ea799]" started-at="2023-03-29T15:54:28 EDT" name="runScenario" description="Runs Cucumber Scenarios" data-provider="scenarios" finished-at="2023-03-29T15:54:31 EDT" duration-ms="3323" status="PASS">
          <params>
            <param index="0">
              <value>
                <![CDATA["User validate Traversal page"]]>
              </value>
            </param>
            <param index="1">
              <value>
                <![CDATA["Optional[LinkedList]"]]>
              </value>
            </param>
          </params>
          <reporter-output>
          </reporter-output>
        </test-method> <!-- runScenario -->
        <test-method signature="runScenario(io.cucumber.testng.PickleWrapper,io.cucumber.testng.FeatureWrapper)[pri:0, instance:com.Runner.Testrunnertestng@6b2ea799]" started-at="2023-03-29T15:54:31 EDT" name="runScenario" description="Runs Cucumber Scenarios" data-provider="scenarios" finished-at="2023-03-29T15:54:35 EDT" duration-ms="3325" status="PASS">
          <params>
            <param index="0">
              <value>
                <![CDATA["User validate Insertion page"]]>
              </value>
            </param>
            <param index="1">
              <value>
                <![CDATA["Optional[LinkedList]"]]>
              </value>
            </param>
          </params>
          <reporter-output>
          </reporter-output>
        </test-method> <!-- runScenario -->
        <test-method signature="runScenario(io.cucumber.testng.PickleWrapper,io.cucumber.testng.FeatureWrapper)[pri:0, instance:com.Runner.Testrunnertestng@6b2ea799]" started-at="2023-03-29T15:54:35 EDT" name="runScenario" description="Runs Cucumber Scenarios" data-provider="scenarios" finished-at="2023-03-29T15:54:39 EDT" duration-ms="4009" status="PASS">
          <params>
            <param index="0">
              <value>
                <![CDATA["User validate Deletion page"]]>
              </value>
            </param>
            <param index="1">
              <value>
                <![CDATA["Optional[LinkedList]"]]>
              </value>
            </param>
          </params>
          <reporter-output>
          </reporter-output>
        </test-method> <!-- runScenario -->
        <test-method signature="runScenario(io.cucumber.testng.PickleWrapper,io.cucumber.testng.FeatureWrapper)[pri:0, instance:com.Runner.Testrunnertestng@6b2ea799]" started-at="2023-03-29T15:54:39 EDT" name="runScenario" description="Runs Cucumber Scenarios" data-provider="scenarios" finished-at="2023-03-29T15:54:42 EDT" duration-ms="3361" status="PASS">
          <params>
            <param index="0">
              <value>
                <![CDATA["User validate Stack Main page"]]>
              </value>
            </param>
            <param index="1">
              <value>
                <![CDATA["Optional[Stack]"]]>
              </value>
            </param>
          </params>
          <reporter-output>
          </reporter-output>
        </test-method> <!-- runScenario -->
        <test-method signature="runScenario(io.cucumber.testng.PickleWrapper,io.cucumber.testng.FeatureWrapper)[pri:0, instance:com.Runner.Testrunnertestng@6b2ea799]" started-at="2023-03-29T15:54:42 EDT" name="runScenario" description="Runs Cucumber Scenarios" data-provider="scenarios" finished-at="2023-03-29T15:54:45 EDT" duration-ms="3219" status="PASS">
          <params>
            <param index="0">
              <value>
                <![CDATA["User validate Implementation page"]]>
              </value>
            </param>
            <param index="1">
              <value>
                <![CDATA["Optional[Stack]"]]>
              </value>
            </param>
          </params>
          <reporter-output>
          </reporter-output>
        </test-method> <!-- runScenario -->
        <test-method signature="runScenario(io.cucumber.testng.PickleWrapper,io.cucumber.testng.FeatureWrapper)[pri:0, instance:com.Runner.Testrunnertestng@6b2ea799]" started-at="2023-03-29T15:54:45 EDT" name="runScenario" description="Runs Cucumber Scenarios" data-provider="scenarios" finished-at="2023-03-29T15:54:50 EDT" duration-ms="4254" status="PASS">
          <params>
            <param index="0">
              <value>
                <![CDATA["User validate Applications page"]]>
              </value>
            </param>
            <param index="1">
              <value>
                <![CDATA["Optional[Stack]"]]>
              </value>
            </param>
          </params>
          <reporter-output>
          </reporter-output>
        </test-method> <!-- runScenario -->
        <test-method signature="runScenario(io.cucumber.testng.PickleWrapper,io.cucumber.testng.FeatureWrapper)[pri:0, instance:com.Runner.Testrunnertestng@6b2ea799]" started-at="2023-03-29T15:54:50 EDT" name="runScenario" description="Runs Cucumber Scenarios" data-provider="scenarios" finished-at="2023-03-29T15:54:50 EDT" duration-ms="425" status="PASS">
          <params>
            <param index="0">
              <value>
                <![CDATA["User validate Practice Questions page"]]>
              </value>
            </param>
            <param index="1">
              <value>
                <![CDATA["Optional[Stack]"]]>
              </value>
            </param>
          </params>
          <reporter-output>
          </reporter-output>
        </test-method> <!-- runScenario -->
        <test-method signature="runScenario(io.cucumber.testng.PickleWrapper,io.cucumber.testng.FeatureWrapper)[pri:0, instance:com.Runner.Testrunnertestng@6b2ea799]" started-at="2023-03-29T15:54:50 EDT" name="runScenario" description="Runs Cucumber Scenarios" data-provider="scenarios" finished-at="2023-03-29T15:54:54 EDT" duration-ms="3908" status="PASS">
          <params>
            <param index="0">
              <value>
                <![CDATA["User validate Implementation of Queue in Python page"]]>
              </value>
            </param>
            <param index="1">
              <value>
                <![CDATA["Optional[Queue]"]]>
              </value>
            </param>
          </params>
          <reporter-output>
          </reporter-output>
        </test-method> <!-- runScenario -->
        <test-method signature="runScenario(io.cucumber.testng.PickleWrapper,io.cucumber.testng.FeatureWrapper)[pri:0, instance:com.Runner.Testrunnertestng@6b2ea799]" started-at="2023-03-29T15:54:54 EDT" name="runScenario" description="Runs Cucumber Scenarios" data-provider="scenarios" finished-at="2023-03-29T15:54:58 EDT" duration-ms="3743" status="PASS">
          <params>
            <param index="0">
              <value>
                <![CDATA["User validate Implementation using collections.deque page"]]>
              </value>
            </param>
            <param index="1">
              <value>
                <![CDATA["Optional[Queue]"]]>
              </value>
            </param>
          </params>
          <reporter-output>
          </reporter-output>
        </test-method> <!-- runScenario -->
        <test-method signature="runScenario(io.cucumber.testng.PickleWrapper,io.cucumber.testng.FeatureWrapper)[pri:0, instance:com.Runner.Testrunnertestng@6b2ea799]" started-at="2023-03-29T15:54:58 EDT" name="runScenario" description="Runs Cucumber Scenarios" data-provider="scenarios" finished-at="2023-03-29T15:55:04 EDT" duration-ms="6015" status="PASS">
          <params>
            <param index="0">
              <value>
                <![CDATA["User validate Implementation using array page"]]>
              </value>
            </param>
            <param index="1">
              <value>
                <![CDATA["Optional[Queue]"]]>
              </value>
            </param>
          </params>
          <reporter-output>
          </reporter-output>
        </test-method> <!-- runScenario -->
        <test-method signature="runScenario(io.cucumber.testng.PickleWrapper,io.cucumber.testng.FeatureWrapper)[pri:0, instance:com.Runner.Testrunnertestng@6b2ea799]" started-at="2023-03-29T15:55:04 EDT" name="runScenario" description="Runs Cucumber Scenarios" data-provider="scenarios" finished-at="2023-03-29T15:55:07 EDT" duration-ms="3431" status="PASS">
          <params>
            <param index="0">
              <value>
                <![CDATA["User validate Queue Operations page"]]>
              </value>
            </param>
            <param index="1">
              <value>
                <![CDATA["Optional[Queue]"]]>
              </value>
            </param>
          </params>
          <reporter-output>
          </reporter-output>
        </test-method> <!-- runScenario -->
        <test-method signature="runScenario(io.cucumber.testng.PickleWrapper,io.cucumber.testng.FeatureWrapper)[pri:0, instance:com.Runner.Testrunnertestng@6b2ea799]" started-at="2023-03-29T15:55:07 EDT" name="runScenario" description="Runs Cucumber Scenarios" data-provider="scenarios" finished-at="2023-03-29T15:55:09 EDT" duration-ms="1875" status="PASS">
          <params>
            <param index="0">
              <value>
                <![CDATA["The user is able run code in Editor for Implementation of queue page"]]>
              </value>
            </param>
            <param index="1">
              <value>
                <![CDATA["Optional[Queue]"]]>
              </value>
            </param>
          </params>
          <reporter-output>
          </reporter-output>
        </test-method> <!-- runScenario -->
        <test-method signature="runScenario(io.cucumber.testng.PickleWrapper,io.cucumber.testng.FeatureWrapper)[pri:0, instance:com.Runner.Testrunnertestng@6b2ea799]" started-at="2023-03-29T15:55:09 EDT" name="runScenario" description="Runs Cucumber Scenarios" data-provider="scenarios" finished-at="2023-03-29T15:55:11 EDT" duration-ms="1572" status="PASS">
          <params>
            <param index="0">
              <value>
                <![CDATA["The user is presented with error message for invalid code in Editor for Implementation of queue page"]]>
              </value>
            </param>
            <param index="1">
              <value>
                <![CDATA["Optional[Queue]"]]>
              </value>
            </param>
          </params>
          <reporter-output>
          </reporter-output>
        </test-method> <!-- runScenario -->
        <test-method signature="runScenario(io.cucumber.testng.PickleWrapper,io.cucumber.testng.FeatureWrapper)[pri:0, instance:com.Runner.Testrunnertestng@6b2ea799]" started-at="2023-03-29T15:55:11 EDT" name="runScenario" description="Runs Cucumber Scenarios" data-provider="scenarios" finished-at="2023-03-29T15:55:12 EDT" duration-ms="1047" status="PASS">
          <params>
            <param index="0">
              <value>
                <![CDATA["The user is able to navigate to QueueOp page and click on Practice Questions"]]>
              </value>
            </param>
            <param index="1">
              <value>
                <![CDATA["Optional[Queue]"]]>
              </value>
            </param>
          </params>
          <reporter-output>
          </reporter-output>
        </test-method> <!-- runScenario -->
        <test-method signature="runScenario(io.cucumber.testng.PickleWrapper,io.cucumber.testng.FeatureWrapper)[pri:0, instance:com.Runner.Testrunnertestng@6b2ea799]" started-at="2023-03-29T15:55:12 EDT" name="runScenario" description="Runs Cucumber Scenarios" data-provider="scenarios" finished-at="2023-03-29T15:55:16 EDT" duration-ms="4232" status="PASS">
          <params>
            <param index="0">
              <value>
                <![CDATA["Validate overview of trees link"]]>
              </value>
            </param>
            <param index="1">
              <value>
                <![CDATA["Optional[Tree]"]]>
              </value>
            </param>
          </params>
          <reporter-output>
          </reporter-output>
        </test-method> <!-- runScenario -->
        <test-method signature="runScenario(io.cucumber.testng.PickleWrapper,io.cucumber.testng.FeatureWrapper)[pri:0, instance:com.Runner.Testrunnertestng@6b2ea799]" started-at="2023-03-29T15:55:16 EDT" name="runScenario" description="Runs Cucumber Scenarios" data-provider="scenarios" finished-at="2023-03-29T15:55:20 EDT" duration-ms="4178" status="PASS">
          <params>
            <param index="0">
              <value>
                <![CDATA["Validate Terminologies link"]]>
              </value>
            </param>
            <param index="1">
              <value>
                <![CDATA["Optional[Tree]"]]>
              </value>
            </param>
          </params>
          <reporter-output>
          </reporter-output>
        </test-method> <!-- runScenario -->
        <test-method signature="runScenario(io.cucumber.testng.PickleWrapper,io.cucumber.testng.FeatureWrapper)[pri:0, instance:com.Runner.Testrunnertestng@6b2ea799]" started-at="2023-03-29T15:55:20 EDT" name="runScenario" description="Runs Cucumber Scenarios" data-provider="scenarios" finished-at="2023-03-29T15:55:23 EDT" duration-ms="3459" status="PASS">
          <params>
            <param index="0">
              <value>
                <![CDATA["Validate Types of Trees link"]]>
              </value>
            </param>
            <param index="1">
              <value>
                <![CDATA["Optional[Tree]"]]>
              </value>
            </param>
          </params>
          <reporter-output>
          </reporter-output>
        </test-method> <!-- runScenario -->
        <test-method signature="runScenario(io.cucumber.testng.PickleWrapper,io.cucumber.testng.FeatureWrapper)[pri:0, instance:com.Runner.Testrunnertestng@6b2ea799]" started-at="2023-03-29T15:55:23 EDT" name="runScenario" description="Runs Cucumber Scenarios" data-provider="scenarios" finished-at="2023-03-29T15:55:27 EDT" duration-ms="3538" status="PASS">
          <params>
            <param index="0">
              <value>
                <![CDATA["Validate Tree Traversals link"]]>
              </value>
            </param>
            <param index="1">
              <value>
                <![CDATA["Optional[Tree]"]]>
              </value>
            </param>
          </params>
          <reporter-output>
          </reporter-output>
        </test-method> <!-- runScenario -->
        <test-method signature="runScenario(io.cucumber.testng.PickleWrapper,io.cucumber.testng.FeatureWrapper)[pri:0, instance:com.Runner.Testrunnertestng@6b2ea799]" started-at="2023-03-29T15:55:27 EDT" name="runScenario" description="Runs Cucumber Scenarios" data-provider="scenarios" finished-at="2023-03-29T15:55:31 EDT" duration-ms="3881" status="PASS">
          <params>
            <param index="0">
              <value>
                <![CDATA["Validate Traversals-Illustration link"]]>
              </value>
            </param>
            <param index="1">
              <value>
                <![CDATA["Optional[Tree]"]]>
              </value>
            </param>
          </params>
          <reporter-output>
          </reporter-output>
        </test-method> <!-- runScenario -->
        <test-method signature="runScenario(io.cucumber.testng.PickleWrapper,io.cucumber.testng.FeatureWrapper)[pri:0, instance:com.Runner.Testrunnertestng@6b2ea799]" started-at="2023-03-29T15:55:31 EDT" name="runScenario" description="Runs Cucumber Scenarios" data-provider="scenarios" finished-at="2023-03-29T15:55:34 EDT" duration-ms="3350" status="PASS">
          <params>
            <param index="0">
              <value>
                <![CDATA["Validate Binary Trees link"]]>
              </value>
            </param>
            <param index="1">
              <value>
                <![CDATA["Optional[Tree]"]]>
              </value>
            </param>
          </params>
          <reporter-output>
          </reporter-output>
        </test-method> <!-- runScenario -->
        <test-method signature="runScenario(io.cucumber.testng.PickleWrapper,io.cucumber.testng.FeatureWrapper)[pri:0, instance:com.Runner.Testrunnertestng@6b2ea799]" started-at="2023-03-29T15:55:34 EDT" name="runScenario" description="Runs Cucumber Scenarios" data-provider="scenarios" finished-at="2023-03-29T15:55:38 EDT" duration-ms="3466" status="PASS">
          <params>
            <param index="0">
              <value>
                <![CDATA["Validate Types of Binary Trees link"]]>
              </value>
            </param>
            <param index="1">
              <value>
                <![CDATA["Optional[Tree]"]]>
              </value>
            </param>
          </params>
          <reporter-output>
          </reporter-output>
        </test-method> <!-- runScenario -->
        <test-method signature="runScenario(io.cucumber.testng.PickleWrapper,io.cucumber.testng.FeatureWrapper)[pri:0, instance:com.Runner.Testrunnertestng@6b2ea799]" started-at="2023-03-29T15:55:38 EDT" name="runScenario" description="Runs Cucumber Scenarios" data-provider="scenarios" finished-at="2023-03-29T15:55:42 EDT" duration-ms="3903" status="PASS">
          <params>
            <param index="0">
              <value>
                <![CDATA["Validate Implementation in Python link"]]>
              </value>
            </param>
            <param index="1">
              <value>
                <![CDATA["Optional[Tree]"]]>
              </value>
            </param>
          </params>
          <reporter-output>
          </reporter-output>
        </test-method> <!-- runScenario -->
        <test-method signature="runScenario(io.cucumber.testng.PickleWrapper,io.cucumber.testng.FeatureWrapper)[pri:0, instance:com.Runner.Testrunnertestng@6b2ea799]" started-at="2023-03-29T15:55:42 EDT" name="runScenario" description="Runs Cucumber Scenarios" data-provider="scenarios" finished-at="2023-03-29T15:55:45 EDT" duration-ms="3619" status="PASS">
          <params>
            <param index="0">
              <value>
                <![CDATA["Validate Binary Tree Traversals link"]]>
              </value>
            </param>
            <param index="1">
              <value>
                <![CDATA["Optional[Tree]"]]>
              </value>
            </param>
          </params>
          <reporter-output>
          </reporter-output>
        </test-method> <!-- runScenario -->
        <test-method signature="runScenario(io.cucumber.testng.PickleWrapper,io.cucumber.testng.FeatureWrapper)[pri:0, instance:com.Runner.Testrunnertestng@6b2ea799]" started-at="2023-03-29T15:55:45 EDT" name="runScenario" description="Runs Cucumber Scenarios" data-provider="scenarios" finished-at="2023-03-29T15:55:49 EDT" duration-ms="3706" status="PASS">
          <params>
            <param index="0">
              <value>
                <![CDATA["Validate Implementation of Binary Trees link"]]>
              </value>
            </param>
            <param index="1">
              <value>
                <![CDATA["Optional[Tree]"]]>
              </value>
            </param>
          </params>
          <reporter-output>
          </reporter-output>
        </test-method> <!-- runScenario -->
        <test-method signature="runScenario(io.cucumber.testng.PickleWrapper,io.cucumber.testng.FeatureWrapper)[pri:0, instance:com.Runner.Testrunnertestng@6b2ea799]" started-at="2023-03-29T15:55:49 EDT" name="runScenario" description="Runs Cucumber Scenarios" data-provider="scenarios" finished-at="2023-03-29T15:55:52 EDT" duration-ms="3510" status="PASS">
          <params>
            <param index="0">
              <value>
                <![CDATA["Validate Applications of Binary trees link"]]>
              </value>
            </param>
            <param index="1">
              <value>
                <![CDATA["Optional[Tree]"]]>
              </value>
            </param>
          </params>
          <reporter-output>
          </reporter-output>
        </test-method> <!-- runScenario -->
        <test-method signature="runScenario(io.cucumber.testng.PickleWrapper,io.cucumber.testng.FeatureWrapper)[pri:0, instance:com.Runner.Testrunnertestng@6b2ea799]" started-at="2023-03-29T15:55:52 EDT" name="runScenario" description="Runs Cucumber Scenarios" data-provider="scenarios" finished-at="2023-03-29T15:55:56 EDT" duration-ms="3794" status="PASS">
          <params>
            <param index="0">
              <value>
                <![CDATA["Validate Binary Search Trees link"]]>
              </value>
            </param>
            <param index="1">
              <value>
                <![CDATA["Optional[Tree]"]]>
              </value>
            </param>
          </params>
          <reporter-output>
          </reporter-output>
        </test-method> <!-- runScenario -->
        <test-method signature="runScenario(io.cucumber.testng.PickleWrapper,io.cucumber.testng.FeatureWrapper)[pri:0, instance:com.Runner.Testrunnertestng@6b2ea799]" started-at="2023-03-29T15:55:56 EDT" name="runScenario" description="Runs Cucumber Scenarios" data-provider="scenarios" finished-at="2023-03-29T15:56:01 EDT" duration-ms="4566" status="PASS">
          <params>
            <param index="0">
              <value>
                <![CDATA["Validate Implementation Of BST link"]]>
              </value>
            </param>
            <param index="1">
              <value>
                <![CDATA["Optional[Tree]"]]>
              </value>
            </param>
          </params>
          <reporter-output>
          </reporter-output>
        </test-method> <!-- runScenario -->
        <test-method signature="runScenario(io.cucumber.testng.PickleWrapper,io.cucumber.testng.FeatureWrapper)[pri:0, instance:com.Runner.Testrunnertestng@6b2ea799]" started-at="2023-03-29T15:56:01 EDT" name="runScenario" description="Runs Cucumber Scenarios" data-provider="scenarios" finished-at="2023-03-29T15:56:05 EDT" duration-ms="4561" status="PASS">
          <params>
            <param index="0">
              <value>
                <![CDATA["User validate Get Started On Graph page"]]>
              </value>
            </param>
            <param index="1">
              <value>
                <![CDATA["Optional[Graph]"]]>
              </value>
            </param>
          </params>
          <reporter-output>
          </reporter-output>
        </test-method> <!-- runScenario -->
        <test-method signature="runScenario(io.cucumber.testng.PickleWrapper,io.cucumber.testng.FeatureWrapper)[pri:0, instance:com.Runner.Testrunnertestng@6b2ea799]" started-at="2023-03-29T15:56:05 EDT" name="runScenario" description="Runs Cucumber Scenarios" data-provider="scenarios" finished-at="2023-03-29T15:56:09 EDT" duration-ms="3483" status="PASS">
          <params>
            <param index="0">
              <value>
                <![CDATA["User validate Graph Representations page"]]>
              </value>
            </param>
            <param index="1">
              <value>
                <![CDATA["Optional[Graph]"]]>
              </value>
            </param>
          </params>
          <reporter-output>
          </reporter-output>
        </test-method> <!-- runScenario -->
        <test-method signature="runScenario(io.cucumber.testng.PickleWrapper,io.cucumber.testng.FeatureWrapper)[pri:0, instance:com.Runner.Testrunnertestng@6b2ea799]" started-at="2023-03-29T15:56:09 EDT" name="runScenario" description="Runs Cucumber Scenarios" data-provider="scenarios" finished-at="2023-03-29T15:56:09 EDT" duration-ms="459" status="PASS">
          <params>
            <param index="0">
              <value>
                <![CDATA["The user is able to navigate to Graph Data Structure Page"]]>
              </value>
            </param>
            <param index="1">
              <value>
                <![CDATA["Optional[Graph]"]]>
              </value>
            </param>
          </params>
          <reporter-output>
          </reporter-output>
        </test-method> <!-- runScenario -->
        <test-method signature="runScenario(io.cucumber.testng.PickleWrapper,io.cucumber.testng.FeatureWrapper)[pri:0, instance:com.Runner.Testrunnertestng@6b2ea799]" started-at="2023-03-29T15:56:09 EDT" name="runScenario" description="Runs Cucumber Scenarios" data-provider="scenarios" finished-at="2023-03-29T15:56:11 EDT" duration-ms="1979" status="PASS">
          <params>
            <param index="0">
              <value>
                <![CDATA["The user is presented with error message for invalid code in Editor for Graph page"]]>
              </value>
            </param>
            <param index="1">
              <value>
                <![CDATA["Optional[Graph]"]]>
              </value>
            </param>
          </params>
          <reporter-output>
          </reporter-output>
        </test-method> <!-- runScenario -->
        <test-method signature="runScenario(io.cucumber.testng.PickleWrapper,io.cucumber.testng.FeatureWrapper)[pri:0, instance:com.Runner.Testrunnertestng@6b2ea799]" started-at="2023-03-29T15:56:11 EDT" name="runScenario" description="Runs Cucumber Scenarios" data-provider="scenarios" finished-at="2023-03-29T15:56:12 EDT" duration-ms="873" status="PASS">
          <params>
            <param index="0">
              <value>
                <![CDATA["The user is able to navigate to graph representations page and click on Practice Questions"]]>
              </value>
            </param>
            <param index="1">
              <value>
                <![CDATA["Optional[Graph]"]]>
              </value>
            </param>
          </params>
          <reporter-output>
          </reporter-output>
        </test-method> <!-- runScenario -->
        <test-method is-config="true" signature="tearDownClass()[pri:0, instance:com.Runner.Testrunnertestng@6b2ea799]" started-at="2023-03-29T15:56:12 EDT" name="tearDownClass" finished-at="2023-03-29T15:56:13 EDT" duration-ms="459" status="PASS">
          <reporter-output>
          </reporter-output>
        </test-method> <!-- tearDownClass -->
      </class> <!-- com.Runner.Testrunnertestng -->
    </test> <!-- Default test -->
  </suite> <!-- Default suite -->
</testng-results>
